#Build: Fabric Compiler 2022.2-SP6.4, Build 146967, Jan 31 01:39 2024
#Install: C:\pango\PDS_2022.2-SP6.4\bin
#Application name: pds.exe
#OS: Windows 10 10.0.22631
#Hostname: DESKTOP-FLDUJ87
Generated by Fabric Compiler (version 2022.2-SP6.4 build 146967) at Wed Aug 20 05:39:37 2025
Parse module hierarchy of project 'E:/JiChuang_2025/PDS_Project/axi_udp_ddr/pangu_-remote_-lab/examination/05_pwm/prj/pwm/temp_projects/Main_Flow/Main_Flow.pds' (ADS Parser)
C: Flow-2004: Constraint file modified: "E:/JiChuang_2025/PDS_Project/axi_udp_ddr/pangu_-remote_-lab/examination/05_pwm/rtl/IO.fdc". 


Process "Compile" started.
Current time: Wed Aug 20 05:40:33 2025
Compiling architecture definition.
Analyzing project file 'E:/JiChuang_2025/PDS_Project/axi_udp_ddr/pangu_-remote_-lab/examination/05_pwm/prj/pwm/pwm.pds'.
License checkout: fabric_ads from C:\license\new_pds_F4A80DA47D72.lic
Compiling verification operator library.
Loading technology operator library.
Compiling technology operator library.
Compiling technology operator (valence) library.
I: Enable Verilog2k features and keywords
Start rtl-analyze.
Executing : .rtl_analyze -work work -include_path {E:/JiChuang_2025/PDS_Project/axi_udp_ddr/pangu_-remote_-lab/examination/05_pwm/prj/pwm} E:/JiChuang_2025/PDS_Project/axi_udp_ddr/pangu_-remote_-lab/examination/05_pwm/rtl/pwm.v
I: Verilog-0001: Analyzing file E:/JiChuang_2025/PDS_Project/axi_udp_ddr/pangu_-remote_-lab/examination/05_pwm/rtl/pwm.v
I: Verilog-0002: [E:/JiChuang_2025/PDS_Project/axi_udp_ddr/pangu_-remote_-lab/examination/05_pwm/rtl/pwm.v(line number: 1)] Analyzing module pwm (library work)
Parsing done.
Executing : .rtl_analyze -work work -include_path {E:/JiChuang_2025/PDS_Project/axi_udp_ddr/pangu_-remote_-lab/examination/05_pwm/prj/pwm} E:/JiChuang_2025/PDS_Project/axi_udp_ddr/pangu_-remote_-lab/examination/05_pwm/rtl/pwm.v successfully.
I: Module "pwm" is set as top module.
Executing : rtl-analyze successfully. Time elapsed: 1.604s wall, 0.000s user + 0.000s system = 0.000s CPU (n/a%)

Start rtl-elaborate.
I: Verilog-0003: [E:/JiChuang_2025/PDS_Project/axi_udp_ddr/pangu_-remote_-lab/examination/05_pwm/rtl/pwm.v(line number: 1)] Elaborating module pwm
I: Module instance {pwm} parameter value:
    PWM_PERIOD = 16'b0110100101111000
Executing : rtl-elaborate successfully. Time elapsed: 0.000s wall, 0.000s user + 0.000s system = 0.000s CPU (n/a%)

Start rtl-prep.
Executing : rtl-prep successfully. Time elapsed: 0.001s wall, 0.000s user + 0.000s system = 0.000s CPU (n/a%)

Start rtl-infer.
Start DFF-inference.
Executing : DFF-inference successfully.
Executing : rtl-infer successfully. Time elapsed: 0.015s wall, 0.000s user + 0.016s system = 0.016s CPU (107.0%)

Start rtl-control-opt.
Executing : rtl-control-opt successfully. Time elapsed: 0.000s wall, 0.000s user + 0.000s system = 0.000s CPU (n/a%)

Start rtl-data-opt.
Executing : rtl-data-opt successfully. Time elapsed: 0.002s wall, 0.000s user + 0.000s system = 0.000s CPU (n/a%)

Start FSM inference.
Executing : FSM inference successfully. Time elapsed: 0.000s wall, 0.000s user + 0.000s system = 0.000s CPU (n/a%)

Start sdm2adm.
W: Loop was found during constant probe.
W: Loop was found during constant probe.
W: Loop was found during constant probe.
Executing : sdm2adm successfully. Time elapsed: 0.005s wall, 0.000s user + 0.000s system = 0.000s CPU (n/a%)

Saving design to DB.
Action compile: Real time elapsed is 0h:0m:4s
Action compile: CPU time elapsed is 0h:0m:0s
Action compile: Process CPU time elapsed is 0h:0m:0s
Current time: Wed Aug 20 05:40:36 2025
Action compile: Peak memory pool usage is 131 MB
Action from compile to compile: Total Real Time elapsed is 0h:0m:4s
Action from compile to compile: Total CPU time elapsed is 0h:0m:0s
Action from compile to compile: Total Process CPU Time elapsed is 0h:0m:0s
Process "Compile" done.


Process "Synthesize" started.
Current time: Wed Aug 20 05:40:36 2025
Compiling architecture definition.
Analyzing project file 'E:/JiChuang_2025/PDS_Project/axi_udp_ddr/pangu_-remote_-lab/examination/05_pwm/prj/pwm/pwm.pds'.
License checkout: fabric_ads from C:\license\new_pds_F4A80DA47D72.lic
Compiling verification operator library.
Compiling common defs.
Loading technology operator library.
Compiling technology operator library.
Compiling technology operator (valence) library.
Reading design from compile DB
Reading design from compile DB successfully.
NOTE: The technology fpga was specified.
NOTE: delay_model specified was generic_cmos.
NOTE: Using the fpga syntax tables...
Totals:
 Calls to malloc = 0
 Calls to calloc = 148538

Constraint check start.
Compiling prim grid devices.
Building architecture model.
Loading device packaging model.
Building architecture floorplan logic view.
Constraint check end.

C: SDC-2025: Clock source 'n:sysclk' need a clock constraint, please use 'create_clock' or 'create_generate_clock' to generate.
Executing : get_ports sysclk
Executing : get_ports sysclk successfully.
Executing : create_clock -name pwm|sysclk [get_ports sysclk] -period 1000.000 -waveform {0.000 500.000} -add
Executing : create_clock -name pwm|sysclk [get_ports sysclk] -period 1000.000 -waveform {0.000 500.000} -add successfully.
Executing : set_clock_groups -name Inferred_clock_group_0 -asynchronous -group pwm|sysclk
Executing : set_clock_groups -name Inferred_clock_group_0 -asynchronous -group pwm|sysclk successfully.
Start pre-mapping.
Executing : pre-mapping successfully. Time elapsed: 0.031s wall, 0.000s user + 0.016s system = 0.016s CPU (49.6%)

Start mod-gen.
I: Constant propagation done on N4_eq0 (bmsREDXOR).
I: Constant propagation done on N4_mux0 (bmsWIDEMUX).
I: Constant propagation done on N4_eq1 (bmsREDXOR).
I: Constant propagation done on N4_eq2 (bmsREDXOR).
I: Constant propagation done on N4_mux2 (bmsWIDEMUX).
I: Constant propagation done on N4_eq3 (bmsREDXOR).
I: Constant propagation done on N4_eq4 (bmsREDXOR).
I: Constant propagation done on N4_mux4 (bmsWIDEMUX).
I: Constant propagation done on N4_eq5 (bmsREDXOR).
I: Constant propagation done on N4_eq6 (bmsREDXOR).
Executing : mod-gen successfully. Time elapsed: 0.031s wall, 0.000s user + 0.000s system = 0.000s CPU (n/a%)

Start logic-optimization.
Executing : logic-optimization successfully. Time elapsed: 0.024s wall, 0.000s user + 0.000s system = 0.000s CPU (n/a%)

Start tech-mapping phase 1.
Executing : tech-mapping phase 1 successfully. Time elapsed: 0.005s wall, 0.000s user + 0.000s system = 0.000s CPU (n/a%)

Start tech-mapping phase 2.
Executing : tech-mapping phase 2 successfully. Time elapsed: 0.076s wall, 0.000s user + 0.000s system = 0.000s CPU (n/a%)

Start tech-optimization.
Executing : tech-optimization successfully. Time elapsed: 0.019s wall, 0.000s user + 0.000s system = 0.000s CPU (n/a%)

Start phys-optimization.
Executing : phys-optimization successfully. Time elapsed: 0.000s wall, 0.000s user + 0.000s system = 0.000s CPU (n/a%)

Start restore-hierarchy.
Executing : restore-hierarchy successfully. Time elapsed: 0.000s wall, 0.000s user + 0.000s system = 0.000s CPU (n/a%)


Cell Usage:
GTP_DFF_C                    17 uses
GTP_DFF_CE                   16 uses
GTP_GRS                       1 use
GTP_INV                       1 use
GTP_LUT4                      2 uses
GTP_LUT5                      1 use
GTP_LUT6                      4 uses
GTP_LUT6CARRY                38 uses
GTP_LUT6D                     5 uses

I/O ports: 3
GTP_INBUF                   2 uses
GTP_OUTBUF                  1 use

Mapping Summary:
Total LUTs: 50 of 66600 (0.08%)
	LUTs as dram: 0 of 19900 (0.00%)
	LUTs as logic: 50
Total Registers: 33 of 133200 (0.02%)
Total Latches: 0

DRM36K/FIFO:
Total DRM = 0.0 of 155 (0.00%)

APMs:
Total APMs = 0.00 of 240 (0.00%)

Total I/O ports = 3 of 300 (1.00%)


Overview of Control Sets:

Number of unique control sets : 2

Histogram:
**************************************************************
  Fanout      | Count    | Sync Set/Reset    Async Set/Reset
--------------------------------------------------------------
  [0, 2)      | 0        | 0                 0
  [2, 4)      | 0        | 0                 0
  [4, 6)      | 0        | 0                 0
  [6, 8)      | 0        | 0                 0
  [8, 10)     | 0        | 0                 0
  [10, 12)    | 0        | 0                 0
  [12, 14)    | 0        | 0                 0
  [14, 16)    | 0        | 0                 0
  [16, Inf)   | 2        | 0                 2
--------------------------------------------------------------
  The maximum fanout: 17
==============================================================

Flip-Flop Distribution:
************************************************************************
  Clock Enable    Sync Set/Reset    Async Set/Reset    Total Registers
------------------------------------------------------------------------
  NO              NO                NO                 0
  NO              NO                YES                17
  NO              YES               NO                 0
  YES             NO                NO                 0
  YES             NO                YES                16
  YES             YES               NO                 0
========================================================================

Latch Distribution:
************************************************
  Gate Enable    Preset/Clear    Total Latches
************************************************
  NO             NO              0
  NO             YES             0
  YES            NO              0
  YES            YES             0
************************************************

Design 'pwm' has been successfully synthesized to architecture-specific objects.
Saving design to DB.
Saving design to pwm_syn.vm
Constructing timing graph ...
Timing graph has been constructed successfully
W: Timing-4087: Port 'led' is not constrained, it is treated as combinational output.
W: Timing-4086: Port 'rstn' is not constrained, it is treated as combinational input.
Action synthesize: Real time elapsed is 0h:0m:9s
Action synthesize: CPU time elapsed is 0h:0m:7s
Action synthesize: Process CPU time elapsed is 0h:0m:7s
Current time: Wed Aug 20 05:40:44 2025
Action synthesize: Peak memory pool usage is 307 MB
Action from compile to synthesize: Total Real Time elapsed is 0h:0m:13s
Action from compile to synthesize: Total CPU time elapsed is 0h:0m:7s
Action from compile to synthesize: Total Process CPU Time elapsed is 0h:0m:7s
Process "Synthesize" done.


Process "Device Map" started.
Current time: Wed Aug 20 05:40:44 2025
Compiling architecture definition.
Analyzing project file 'E:/JiChuang_2025/PDS_Project/axi_udp_ddr/pangu_-remote_-lab/examination/05_pwm/prj/pwm/pwm.pds'.
Compiling verification operator library.
Compiling common defs.
Loading technology operator library.
Compiling technology operator library.
Compiling technology operator (valence) library.
Compiling operator packing rules.
Compiling prim grid devices.
Compiling gate devices.
Compiling gate operators.
Compiling tech operator impls.
Building architecture model.
Loading device packaging model.
NOTE: The technology fpga was specified.
NOTE: delay_model specified was generic_cmos.
NOTE: Using the fpga syntax tables...
Totals:
 Calls to malloc = 0
 Calls to calloc = 148538

Flattening design 'pwm'
Device mapping started.
Optimizing circuit logic.
Checking design netlist.
Processing tech operator.
I: The instance clkbufg_0(GTP_CLKBUFG) has been inserted on the net nt_sysclk in design, driver pin O(instance sysclk_ibuf) -> load pin CLK(instance duty[0]).
Converting tech operator to gate operator.
Processing gate operator.
I: Infer CARRY group, base inst: N26_4_1/gateop, insts:15.
I: Infer CARRY group, base inst: N38.lt_0/gateop, insts:8.
I: Infer CARRY group, base inst: N80_0_1/gateop, insts:15.
Device Utilization Summary:
+------------------------------------------------------------------------+
| Logic Utilization     | Used     | Available     | Utilization(%)     
+------------------------------------------------------------------------+
| APM                   | 0        | 240           | 0                  
| FF                    | 33       | 133200        | 1                  
| LUT                   | 50       | 66600         | 1                  
| Distributed RAM       | 0        | 19900         | 0                  
| DRM                   | 0        | 155           | 0                  
| IO                    | 3        | 300           | 1                  
| RCKB                  | 0        | 24            | 0                  
| SCANCHAIN             | 0        | 1             | 0                  
| USCM                  | 1        | 32            | 4                  
| CCS                   | 1        | 1             | 100                
| ADC                   | 0        | 1             | 0                  
| DDR_PHY               | 0        | 24            | 0                  
| HSSTLP                | 0        | 2             | 0                  
| GPLL                  | 0        | 6             | 0                  
| PPLL                  | 0        | 6             | 0                  
| DDRPHY_CPD            | 0        | 12            | 0                  
| HCKB                  | 0        | 96            | 0                  
| IOCKB                 | 0        | 24            | 0                  
| MRCKB                 | 0        | 12            | 0                  
| PCIE                  | 0        | 1             | 0                  
| DDRPHY_IOCLK_DIV      | 0        | 6             | 0                  
| ANALOG                | 0        | 1             | 0                  
| TSERDES               | 0        | 48            | 0                  
| KEYRAM                | 0        | 1             | 0                  
+------------------------------------------------------------------------+

Device mapping done.
Total device mapping takes 0.02 sec.

Design 'pwm' has been successfully mapped to architecture-specific objects.
Saving design to DB.
W: Public-4010: Pcf file E:/JiChuang_2025/PDS_Project/axi_udp_ddr/pangu_-remote_-lab/examination/05_pwm/prj/pwm/device_map/pwm.pcf has been covered.
Action dev_map: Real time elapsed is 0h:0m:10s
Action dev_map: CPU time elapsed is 0h:0m:9s
Action dev_map: Process CPU time elapsed is 0h:0m:9s
Current time: Wed Aug 20 05:40:54 2025
Action dev_map: Peak memory pool usage is 321 MB
Action from compile to dev_map: Total Real Time elapsed is 0h:0m:23s
Action from compile to dev_map: Total CPU time elapsed is 0h:0m:16s
Action from compile to dev_map: Total Process CPU Time elapsed is 0h:0m:16s
Process "Device Map" done.


Process "Place & Route" started.
Current time: Wed Aug 20 05:40:54 2025
Compiling architecture definition.
Analyzing project file 'E:/JiChuang_2025/PDS_Project/axi_udp_ddr/pangu_-remote_-lab/examination/05_pwm/prj/pwm/pwm.pds'.
Compiling verification operator library.
Compiling common defs.
Compiling prim grid devices.
Compiling gate devices.
Compiling gate operators.
Building architecture model.
Loading device packaging model.
pnr strategy configuration : 
strategy name : 0
Building architecture floorplan logic view.
Constraint check start.
Executing : def_port {led} LOC=A20 VCCIO=3.3 IOSTANDARD=LVCMOS33 DRIVE=8 SLEW=SLOW NONE=TRUE
Executing : def_port {led} LOC=A20 VCCIO=3.3 IOSTANDARD=LVCMOS33 DRIVE=8 SLEW=SLOW NONE=TRUE successfully
Executing : def_port {rstn} LOC=C22 VCCIO=3.3 IOSTANDARD=LVCMOS33 NONE=TRUE
Executing : def_port {rstn} LOC=C22 VCCIO=3.3 IOSTANDARD=LVCMOS33 NONE=TRUE successfully
Executing : def_port {sysclk} LOC=D18 VCCIO=3.3 IOSTANDARD=LVCMOS33 NONE=TRUE
Executing : def_port {sysclk} LOC=D18 VCCIO=3.3 IOSTANDARD=LVCMOS33 NONE=TRUE successfully
Constraint check end.
NOTE: The technology fpga was specified.
NOTE: delay_model specified was generic_cmos.
NOTE: Using the fpga syntax tables...
Totals:
 Calls to malloc = 0
 Calls to calloc = 5993935

I: Column Clock Check open.
Read Column Clock Map.

Placement started.
Phase 1 Pre global placement started.
Mapping instance GRS_INST/grs_ccs to CCS_87_316.
Phase 1.1 1st GP placement started.
Design Utilization : 1%.
First map gop timing takes 0.34 sec
Worst slack after clock region global placement is 995693
Wirelength after clock region global placement is 560 and checksum is 2974249D4F97838E.
1st GP placement takes 2.23 sec.

Phase 1.2 Clock placement started.
Mapping instance clkbufg_0/gopclkbufg to USCM_215_624.
Clock placement takes 0.12 sec.

Wirelength after Pre Global Placement is 560 and checksum is 2974249D4F97838E.
Pre global placement takes 2.92 sec.

Phase 2 Global placement started.
Phase 2.1 Fixed placement started.
Placed fixed group with base inst led_obuf/opit_1 on IOLHR_16_1032.
Placed fixed group with base inst rstn_ibuf/opit_1 on IOLHR_16_990.
Placed fixed group with base inst sysclk_ibuf/opit_1 on IOLHR_16_1080.
Placed fixed instance GRS_INST/grs_ccs on CCS_87_316.
Placed fixed instance clkbufg_0/gopclkbufg on USCM_215_624.
Placed fixed instance BKCL_auto_0 on BKCL_1_952.
Fixed placement takes 0.02 sec.

Phase 2.2 Process placement started.
Process placement takes 0.00 sec.

Phase 2.3 IO placement started.
IO placement takes 0.00 sec.

Phase 2.4 2nd GP placement started.
Run super clustering :
	Initial slack 992554.
	9 iterations finished.
	Final slack 997612.
Super clustering done.
Design Utilization : 1%.
Worst slack after global placement is 997561
2nd GP placement takes 0.83 sec.

Wirelength after global placement is 396 and checksum is 70D33625FC11E9A.
Global placement takes 0.84 sec.

Phase 3 Post global placement started.
Packing LUT6D started.
I: LUT6D pack result: There are 7 LUT6 in collection, pack success:0
Packing LUT6D takes 0.00 sec.
Phase 3.1 Macro cell placement started.
I: Process macros using "Greedy".
Wirelength after macro cell placement is 396 and checksum is 70D33625FC11E9A.
Macro cell placement takes 0.00 sec.

Phase 3.2 3rd GP placement started.
Run super clustering :
	Initial slack 992554.
	9 iterations finished.
	Final slack 997612.
Super clustering done.
Design Utilization : 1%.
Worst slack after post global placement is 997561
3rd GP placement takes 0.80 sec.

Wirelength after post global placement is 396 and checksum is 70D33625FC11E9A.
Packing LUT6D started.
I: LUT6D pack result: There are 7 LUT6 in collection, pack success:0
Packing LUT6D takes 0.00 sec.
Post global placement takes 0.80 sec.

Phase 4 Legalization started.
The average distance in LP is 0.712644.
Wirelength after legalization is 460 and checksum is 2E8291FA991615DC.
Legalization takes 0.00 sec.

Phase 5 Timing-driven detailed placement started.
Phase 5.1 Replication placement started.
Worst slack before Replication Place is 997305.
Replication placement takes 0.03 sec.

Wirelength after replication placement is 460 and checksum is 2E8291FA991615DC.
Phase 5.2 Swapping placement started.
Worst slack before detailed placement is 997305, TNS before detailed placement is 0. 
Worst slack after detailed placement is 997305, TNS after detailed placement is 0. 
Swapping placement takes 0.00 sec.

Wirelength after detailed placement is 460 and checksum is 2E8291FA991615DC.
Timing-driven detailed placement takes 0.03 sec.

Worst slack is 997305, TNS after placement is 0.
Placement done.
Total placement takes 4.59 sec.
Finished placement.

Routing started.
Building routing graph takes 3.77 sec.
Worst slack is 997305, TNS before global route is 0.
Processing design graph takes 0.80 sec.
Total memory for routing:
	215.888286 M.
Total nets for routing : 85.
Global Routing step 1 processed 0 nets, it takes 0.00 sec.
Rcf routing step 1 processed 0 nets, it takes 0.00 sec.
Rcf routing step 2 processed 0 nets, it takes 0.00 sec.
Rcf routing step 3 processed 0 nets, it takes 0.00 sec.
Global Routing step 1 processed 0 nets, it takes 0.00 sec.
Global Routing step 2 processed 0 nets, it takes 0.00 sec.
Global Routing step 3 processed 0 nets, it takes 0.00 sec.
Unrouted nets 0 at the end of iteration 0.
Global Routing step 4 processed 2 nets, it takes 0.02 sec.
Global routing takes 0.09 sec.
Total 87 subnets.
    forward max bucket size 119 , backward 10.
        Unrouted nets 45 at the end of iteration 0.
    route iteration 0, CPU time elapsed 0.015625 sec.
    forward max bucket size 30 , backward 15.
        Unrouted nets 44 at the end of iteration 1.
    route iteration 1, CPU time elapsed 0.000000 sec.
    forward max bucket size 30 , backward 15.
        Unrouted nets 41 at the end of iteration 2.
    route iteration 2, CPU time elapsed 0.015625 sec.
    forward max bucket size 28 , backward 14.
        Unrouted nets 33 at the end of iteration 3.
    route iteration 3, CPU time elapsed 0.000000 sec.
    forward max bucket size 22 , backward 14.
        Unrouted nets 27 at the end of iteration 4.
    route iteration 4, CPU time elapsed 0.000000 sec.
    forward max bucket size 27 , backward 14.
        Unrouted nets 22 at the end of iteration 5.
    route iteration 5, CPU time elapsed 0.000000 sec.
    forward max bucket size 22 , backward 18.
        Unrouted nets 9 at the end of iteration 6.
    route iteration 6, CPU time elapsed 0.000000 sec.
    forward max bucket size 17 , backward 13.
        Unrouted nets 6 at the end of iteration 7.
    route iteration 7, CPU time elapsed 0.000000 sec.
    forward max bucket size 13 , backward 13.
        Unrouted nets 0 at the end of iteration 8.
    route iteration 8, CPU time elapsed 0.000000 sec.
Detailed routing takes 8 iterations
Detailed routing takes 0.06 sec.
Start fix hold violation.
Build tmp routing results takes 0.00 sec.
Timing analysis takes 0.00 sec.
No hold violation.
Hold Violation Fix in router takes 0 iterations.
Fix hold violation Finished.
Hold Violation Fix in router takes 0.11 sec.

Dispose routing result:
    Collect routing result.
    Delete unused device instances.
    Annotate routing result.
    Change LUT configuration.
    Dispose misc instances.
    Annotate routing result again.
Finish routing takes 0.00 sec.
Used SRB routing arc is 506.
Cleanup routing takes 0.00 sec.
Routing done.
Total routing takes 5.72 sec.


Device Utilization Summary :
+------------------------------------------------------------------------------+
| Logic Utilization           | Used     | Available     | Utilization(%)     
+------------------------------------------------------------------------------+
| Use of ADC                  | 0        | 1             | 0                  
| Use of ANALOG               | 0        | 1             | 0                  
| Use of APM                  | 0        | 240           | 0                  
| Use of BKCL                 | 1        | 6             | 17                 
| Use of CCS                  | 1        | 1             | 100                
| Use of CLMA                 | 11       | 11675         | 1                  
|   FF                        | 33       | 93400         | 1                  
|   LUT                       | 40       | 46700         | 1                  
|   LUT-FF pairs              | 33       | 46700         | 1                  
| Use of CLMS                 | 3        | 4975          | 1                  
|   FF                        | 0        | 39800         | 0                  
|   LUT                       | 10       | 19900         | 1                  
|   LUT-FF pairs              | 0        | 19900         | 0                  
|   Distributed RAM           | 0        | 19900         | 0                  
| Use of DDRPHY_CPD           | 0        | 12            | 0                  
| Use of DDRPHY_IOCLK_DIV     | 0        | 6             | 0                  
| Use of DDR_PHY              | 0        | 24            | 0                  
| Use of DRM                  | 0        | 155           | 0                  
| Use of GPLL                 | 0        | 6             | 0                  
| Use of GSEB                 | 0        | 218           | 0                  
| Use of HARD0                | 7        | 10550         | 1                  
| Use of HCKB                 | 1        | 96            | 2                  
|  HCKB dataused              | 0        | 96            | 0                  
| Use of HCKMUX_TEST          | 0        | 8             | 0                  
| Use of HSSTLP               | 0        | 2             | 0                  
| Use of IO                   | 3        | 300           | 1                  
|   IOBD                      | 2        | 144           | 2                  
|   IOBS                      | 1        | 156           | 1                  
| Use of IOCKB                | 0        | 24            | 0                  
| Use of IOCKMUX_TEST         | 0        | 6             | 0                  
| Use of IOLHR                | 3        | 300           | 1                  
| Use of KEYRAM               | 0        | 1             | 0                  
| Use of MFG_TEST             | 0        | 1             | 0                  
| Use of MRCKB                | 0        | 12            | 0                  
| Use of MRCKMUX_TEST         | 0        | 6             | 0                  
| Use of MRPOSTMUX_TEST       | 0        | 6             | 0                  
| Use of PCIE                 | 0        | 1             | 0                  
| Use of PCKMUX_TEST          | 0        | 12            | 0                  
| Use of PLLMRMUX_TEST        | 0        | 6             | 0                  
| Use of PLLREFMUX_TEST       | 0        | 6             | 0                  
| Use of PPLL                 | 0        | 6             | 0                  
| Use of PREGMUXC_TEST        | 0        | 4             | 0                  
| Use of PREGMUXLR_TEST       | 0        | 6             | 0                  
| Use of RCKB                 | 0        | 24            | 0                  
|  RCKB dataused              | 0        | 24            | 0                  
| Use of RCKMUX_TEST          | 0        | 6             | 0                  
| Use of SCANCHAIN            | 0        | 1             | 0                  
| Use of SCKMUX_TEST          | 0        | 12            | 0                  
| Use of SFB                  | 0        | 2225          | 0                  
| Use of SPAD                 | 0        | 8             | 0                  
| Use of TSERDES              | 0        | 48            | 0                  
| Use of USCM                 | 1        | 32            | 4                  
|  USCM dataused              | 0        | 32            | 0                  
| Use of USCMMUX_TEST         | 0        | 32            | 0                  
+------------------------------------------------------------------------------+

Finished routing.
Design 'pwm' has been placed and routed successfully.
Saving design to DB.
Finished placement and routing.
Action pnr: Real time elapsed is 0h:0m:28s
Action pnr: CPU time elapsed is 0h:0m:24s
Action pnr: Process CPU time elapsed is 0h:0m:24s
Current time: Wed Aug 20 05:41:22 2025
Action pnr: Peak memory pool usage is 1,112 MB
Action from compile to pnr: Total Real Time elapsed is 0h:0m:51s
Action from compile to pnr: Total CPU time elapsed is 0h:0m:40s
Action from compile to pnr: Total Process CPU Time elapsed is 0h:0m:40s
Process "Place & Route" done.


Process "Report Timing" started.
Current time: Wed Aug 20 05:41:23 2025
Compiling architecture definition.
Analyzing project file 'E:/JiChuang_2025/PDS_Project/axi_udp_ddr/pangu_-remote_-lab/examination/05_pwm/prj/pwm/pwm.pds'.
Compiling verification operator library.
Compiling common defs.
Compiling prim grid devices.
Compiling gate devices.
Compiling gate operators.
Building architecture model.
Loading device packaging model.
Reading design from pnr DB.
Start Report Post-PnR timing.
NOTE: The technology fpga was specified.
NOTE: delay_model specified was generic_cmos.
NOTE: Using the fpga syntax tables...
Totals:
 Calls to malloc = 0
 Calls to calloc = 5993935

Constructing timing graph ...
Timing graph has been constructed successfully
W: Timing-4087: Port 'led' is not constrained, it is treated as combinational output.
W: Timing-4086: Port 'rstn' is not constrained, it is treated as combinational input.
Report timing is finished successfully.
Action report_timing: Real time elapsed is 0h:0m:16s
Action report_timing: CPU time elapsed is 0h:0m:14s
Action report_timing: Process CPU time elapsed is 0h:0m:14s
Current time: Wed Aug 20 05:41:38 2025
Action report_timing: Peak memory pool usage is 1,054 MB
Action from compile to report_timing: Total Real Time elapsed is 0h:1m:7s
Action from compile to report_timing: Total CPU time elapsed is 0h:0m:54s
Action from compile to report_timing: Total Process CPU Time elapsed is 0h:0m:54s
Process "Report Timing" done.


Process "Generate Bitstream" started.
Current time: Wed Aug 20 05:41:38 2025
Compiling architecture definition.
Analyzing project file 'E:/JiChuang_2025/PDS_Project/axi_udp_ddr/pangu_-remote_-lab/examination/05_pwm/prj/pwm/pwm.pds'.
Compiling verification operator library.
Compiling common defs.
Compiling prim grid devices.
Compiling gate devices.
Compiling gate operators.
Building architecture model.
Loading device packaging model.
Reading design from DB.
Start Generating Programming File...
Reading design from DB takes 0.015625 sec.
Generating architecture configuration.
C: Bitstream-2001: SCBV has not been set. Please set SCBV value based on PCB board, where is in configuration tab of bit stream options.
The bitstream file is "E:/JiChuang_2025/PDS_Project/axi_udp_ddr/pangu_-remote_-lab/examination/05_pwm/prj/pwm/generate_bitstream/pwm.sbit"
Generate programming file takes 3.984375 sec.
Generating Programming File done.
Action gen_bit_stream: Real time elapsed is 0h:0m:19s
Action gen_bit_stream: CPU time elapsed is 0h:0m:15s
Action gen_bit_stream: Process CPU time elapsed is 0h:0m:15s
Current time: Wed Aug 20 05:41:56 2025
Action gen_bit_stream: Peak memory pool usage is 1,068 MB
Action from compile to gen_bit_stream: Total Real Time elapsed is 0h:1m:26s
Action from compile to gen_bit_stream: Total CPU time elapsed is 0h:1m:9s
Action from compile to gen_bit_stream: Total Process CPU Time elapsed is 0h:1m:9s
Process "Generate Bitstream" done.
Process exit normally.
