#Build: Fabric Compiler 2022.2-SP6.4, Build 146967, Jan 31 01:39 2024
#Install: C:\pango\PDS_2022.2-SP6.4\bin
#Application name: pds_shell.exe
#OS: Windows 10 10.0.19045
#Hostname: DESKTOP-73784OM
Generated by Fabric Compiler (version 2022.2-SP6.4 build 146967) at Sun Jul 20 00:17:44 2025
License checkout: fabric_ads from C:\_Project\Pi_FPGA\License\license\new_pds_F4A80DA47D72.lic
Compiling verification operator library.
Loading technology operator library.
Compiling technology operator library.
Compiling technology operator (valence) library.
I: Enable Verilog2k features and keywords
Start rtl-analyze.
Executing : .rtl_analyze -work work -include_path {C:/_Project/Pangu/examination/13_frequency_meter/prj/frequency_meter} C:/_Project/Pangu/examination/13_frequency_meter/rtl/bcd2ascii.v
I: Verilog-0001: Analyzing file C:/_Project/Pangu/examination/13_frequency_meter/rtl/bcd2ascii.v
I: Verilog-0002: [C:/_Project/Pangu/examination/13_frequency_meter/rtl/bcd2ascii.v(line number: 1)] Analyzing module bcd2ascii (library work)
Parsing done.
Executing : .rtl_analyze -work work -include_path {C:/_Project/Pangu/examination/13_frequency_meter/prj/frequency_meter} C:/_Project/Pangu/examination/13_frequency_meter/rtl/bcd2ascii.v successfully.
Executing : .rtl_analyze -work work -include_path {C:/_Project/Pangu/examination/13_frequency_meter/prj/frequency_meter} C:/_Project/Pangu/examination/13_frequency_meter/rtl/bin2bcd.v
I: Verilog-0001: Analyzing file C:/_Project/Pangu/examination/13_frequency_meter/rtl/bin2bcd.v
I: Verilog-0002: [C:/_Project/Pangu/examination/13_frequency_meter/rtl/bin2bcd.v(line number: 1)] Analyzing module bin2bcd (library work)
Parsing done.
Executing : .rtl_analyze -work work -include_path {C:/_Project/Pangu/examination/13_frequency_meter/prj/frequency_meter} C:/_Project/Pangu/examination/13_frequency_meter/rtl/bin2bcd.v successfully.
Executing : .rtl_analyze -work work -include_path {C:/_Project/Pangu/examination/13_frequency_meter/prj/frequency_meter} C:/_Project/Pangu/examination/13_frequency_meter/rtl/cymometer.v
I: Verilog-0001: Analyzing file C:/_Project/Pangu/examination/13_frequency_meter/rtl/cymometer.v
I: Verilog-0002: [C:/_Project/Pangu/examination/13_frequency_meter/rtl/cymometer.v(line number: 1)] Analyzing module cymometer (library work)
Parsing done.
Executing : .rtl_analyze -work work -include_path {C:/_Project/Pangu/examination/13_frequency_meter/prj/frequency_meter} C:/_Project/Pangu/examination/13_frequency_meter/rtl/cymometer.v successfully.
Executing : .rtl_analyze -work work -include_path {C:/_Project/Pangu/examination/13_frequency_meter/prj/frequency_meter} C:/_Project/Pangu/examination/13_frequency_meter/rtl/frequency_meter.v
I: Verilog-0001: Analyzing file C:/_Project/Pangu/examination/13_frequency_meter/rtl/frequency_meter.v
I: Verilog-0002: [C:/_Project/Pangu/examination/13_frequency_meter/rtl/frequency_meter.v(line number: 1)] Analyzing module frequency_meter (library work)
Parsing done.
Executing : .rtl_analyze -work work -include_path {C:/_Project/Pangu/examination/13_frequency_meter/prj/frequency_meter} C:/_Project/Pangu/examination/13_frequency_meter/rtl/frequency_meter.v successfully.
Executing : .rtl_analyze -work work -include_path {C:/_Project/Pangu/examination/13_frequency_meter/prj/frequency_meter} C:/_Project/Pangu/examination/13_frequency_meter/rtl/led_display_driver.v
I: Verilog-0001: Analyzing file C:/_Project/Pangu/examination/13_frequency_meter/rtl/led_display_driver.v
I: Verilog-0002: [C:/_Project/Pangu/examination/13_frequency_meter/rtl/led_display_driver.v(line number: 1)] Analyzing module led_display_driver (library work)
Parsing done.
Executing : .rtl_analyze -work work -include_path {C:/_Project/Pangu/examination/13_frequency_meter/prj/frequency_meter} C:/_Project/Pangu/examination/13_frequency_meter/rtl/led_display_driver.v successfully.
Executing : .rtl_analyze -work work -include_path {C:/_Project/Pangu/examination/13_frequency_meter/prj/frequency_meter} C:/_Project/Pangu/examination/13_frequency_meter/rtl/pulse_gen.v
I: Verilog-0001: Analyzing file C:/_Project/Pangu/examination/13_frequency_meter/rtl/pulse_gen.v
I: Verilog-0002: [C:/_Project/Pangu/examination/13_frequency_meter/rtl/pulse_gen.v(line number: 1)] Analyzing module pulse_gen (library work)
Parsing done.
Executing : .rtl_analyze -work work -include_path {C:/_Project/Pangu/examination/13_frequency_meter/prj/frequency_meter} C:/_Project/Pangu/examination/13_frequency_meter/rtl/pulse_gen.v successfully.
Executing : .rtl_analyze -work work -include_path {C:/_Project/Pangu/examination/13_frequency_meter/prj/frequency_meter} C:/_Project/Pangu/examination/13_frequency_meter/rtl/led_display_selector.v
I: Verilog-0001: Analyzing file C:/_Project/Pangu/examination/13_frequency_meter/rtl/led_display_selector.v
I: Verilog-0002: [C:/_Project/Pangu/examination/13_frequency_meter/rtl/led_display_selector.v(line number: 1)] Analyzing module led_display_selector (library work)
Parsing done.
Executing : .rtl_analyze -work work -include_path {C:/_Project/Pangu/examination/13_frequency_meter/prj/frequency_meter} C:/_Project/Pangu/examination/13_frequency_meter/rtl/led_display_selector.v successfully.
Executing : .rtl_analyze -include_path {C:/_Project/Pangu/examination/13_frequency_meter/prj/frequency_meter} C:/_Project/Pangu/examination/13_frequency_meter/prj/frequency_meter/ipcore/PLL/PLL.v
I: Verilog-0001: Analyzing file C:/_Project/Pangu/examination/13_frequency_meter/prj/frequency_meter/ipcore/PLL/PLL.v
I: Verilog-0002: [C:/_Project/Pangu/examination/13_frequency_meter/prj/frequency_meter/ipcore/PLL/PLL.v(line number: 18)] Analyzing module PLL (library work)
Parsing done.
Executing : .rtl_analyze -include_path {C:/_Project/Pangu/examination/13_frequency_meter/prj/frequency_meter} C:/_Project/Pangu/examination/13_frequency_meter/prj/frequency_meter/ipcore/PLL/PLL.v successfully.
I: Module "frequency_meter" is set as top module.
Executing : rtl-analyze successfully. Time elapsed: 1.422s wall, 0.000s user + 0.016s system = 0.016s CPU (1.1%)

Start rtl-elaborate.
I: Verilog-0003: [C:/_Project/Pangu/examination/13_frequency_meter/rtl/frequency_meter.v(line number: 1)] Elaborating module frequency_meter
I: Verilog-0004: [C:/_Project/Pangu/examination/13_frequency_meter/rtl/frequency_meter.v(line number: 16)] Elaborating instance PLLinst
I: Verilog-0003: [C:/_Project/Pangu/examination/13_frequency_meter/prj/frequency_meter/ipcore/PLL/PLL.v(line number: 18)] Elaborating module PLL
I: Verilog-0004: [C:/_Project/Pangu/examination/13_frequency_meter/prj/frequency_meter/ipcore/PLL/PLL.v(line number: 300)] Elaborating instance u_gpll
I: Verilog-0004: [C:/_Project/Pangu/examination/13_frequency_meter/rtl/frequency_meter.v(line number: 22)] Elaborating instance pulse_gen_inst
I: Verilog-0003: [C:/_Project/Pangu/examination/13_frequency_meter/rtl/pulse_gen.v(line number: 1)] Elaborating module pulse_gen
I: Module instance {frequency_meter/pulse_gen_inst} parameter value:
    THR_DATA = 32'b00000000000000000000000000000011
I: Verilog-0004: [C:/_Project/Pangu/examination/13_frequency_meter/rtl/frequency_meter.v(line number: 33)] Elaborating instance cymometer_inst
I: Verilog-0003: [C:/_Project/Pangu/examination/13_frequency_meter/rtl/cymometer.v(line number: 1)] Elaborating module cymometer
I: Module instance {frequency_meter/cymometer_inst} parameter value:
    CLK_FS = 32'b00000001100110111111110011000000
I: Verilog-0004: [C:/_Project/Pangu/examination/13_frequency_meter/rtl/frequency_meter.v(line number: 43)] Elaborating instance bin2bcd_inst
I: Verilog-0003: [C:/_Project/Pangu/examination/13_frequency_meter/rtl/bin2bcd.v(line number: 1)] Elaborating module bin2bcd
I: Module instance {frequency_meter/bin2bcd_inst} parameter value:
    W = 32'b00000000000000000000000000010100
I: Verilog-0004: [C:/_Project/Pangu/examination/13_frequency_meter/rtl/frequency_meter.v(line number: 51)] Elaborating instance bcd2ascii_inst
I: Verilog-0003: [C:/_Project/Pangu/examination/13_frequency_meter/rtl/bcd2ascii.v(line number: 1)] Elaborating module bcd2ascii
I: Verilog-0004: [C:/_Project/Pangu/examination/13_frequency_meter/rtl/frequency_meter.v(line number: 51)] Elaborating instance bcd2ascii_inst
I: Verilog-0003: [C:/_Project/Pangu/examination/13_frequency_meter/rtl/bcd2ascii.v(line number: 1)] Elaborating module bcd2ascii
I: Verilog-0004: [C:/_Project/Pangu/examination/13_frequency_meter/rtl/frequency_meter.v(line number: 51)] Elaborating instance bcd2ascii_inst
I: Verilog-0003: [C:/_Project/Pangu/examination/13_frequency_meter/rtl/bcd2ascii.v(line number: 1)] Elaborating module bcd2ascii
I: Verilog-0004: [C:/_Project/Pangu/examination/13_frequency_meter/rtl/frequency_meter.v(line number: 51)] Elaborating instance bcd2ascii_inst
I: Verilog-0003: [C:/_Project/Pangu/examination/13_frequency_meter/rtl/bcd2ascii.v(line number: 1)] Elaborating module bcd2ascii
I: Verilog-0004: [C:/_Project/Pangu/examination/13_frequency_meter/rtl/frequency_meter.v(line number: 51)] Elaborating instance bcd2ascii_inst
I: Verilog-0003: [C:/_Project/Pangu/examination/13_frequency_meter/rtl/bcd2ascii.v(line number: 1)] Elaborating module bcd2ascii
I: Verilog-0004: [C:/_Project/Pangu/examination/13_frequency_meter/rtl/frequency_meter.v(line number: 51)] Elaborating instance bcd2ascii_inst
I: Verilog-0003: [C:/_Project/Pangu/examination/13_frequency_meter/rtl/bcd2ascii.v(line number: 1)] Elaborating module bcd2ascii
I: Verilog-0004: [C:/_Project/Pangu/examination/13_frequency_meter/rtl/frequency_meter.v(line number: 51)] Elaborating instance bcd2ascii_inst
I: Verilog-0003: [C:/_Project/Pangu/examination/13_frequency_meter/rtl/bcd2ascii.v(line number: 1)] Elaborating module bcd2ascii
I: Verilog-0004: [C:/_Project/Pangu/examination/13_frequency_meter/rtl/frequency_meter.v(line number: 51)] Elaborating instance bcd2ascii_inst
I: Verilog-0003: [C:/_Project/Pangu/examination/13_frequency_meter/rtl/bcd2ascii.v(line number: 1)] Elaborating module bcd2ascii
I: Verilog-0004: [C:/_Project/Pangu/examination/13_frequency_meter/rtl/frequency_meter.v(line number: 58)] Elaborating instance led_display_driver_inst
I: Verilog-0003: [C:/_Project/Pangu/examination/13_frequency_meter/rtl/led_display_driver.v(line number: 1)] Elaborating module led_display_driver
I: Verilog-0004: [C:/_Project/Pangu/examination/13_frequency_meter/rtl/led_display_driver.v(line number: 70)] Elaborating instance u_led_display_selector
I: Verilog-0003: [C:/_Project/Pangu/examination/13_frequency_meter/rtl/led_display_selector.v(line number: 1)] Elaborating module led_display_selector
I: Module instance {frequency_meter/led_display_driver_inst/u_led_display_selector} parameter value:
    NUM = 32'b00000000000000000000000000001000
    VALID_SIGNAL = 1'b0
    CLK_CYCLE = 32'b00000000000000000001001110001000
Executing : rtl-elaborate successfully. Time elapsed: 0.048s wall, 0.016s user + 0.000s system = 0.016s CPU (32.8%)

Start rtl-prep.
Executing : rtl-prep successfully. Time elapsed: 0.107s wall, 0.094s user + 0.000s system = 0.094s CPU (87.3%)

Start rtl-infer.
Start DFF-inference.
W: Sdm-2004: [C:/_Project/Pangu/examination/13_frequency_meter/rtl/bcd2ascii.v(line number: 3)] Latch is generated for signal asciidata, possible missing assignment in an if or case statement.
W: Sdm-2004: [C:/_Project/Pangu/examination/13_frequency_meter/rtl/led_display_selector.v(line number: 9)] Latch is generated for signal led_display_seg, possible missing assignment in an if or case statement.
Executing : DFF-inference successfully.
Executing : rtl-infer successfully. Time elapsed: 0.443s wall, 0.359s user + 0.031s system = 0.391s CPU (88.2%)

Start rtl-control-opt.
Executing : rtl-control-opt successfully. Time elapsed: 0.013s wall, 0.000s user + 0.000s system = 0.000s CPU (n/a%)

Start rtl-data-opt.
Executing : rtl-data-opt successfully. Time elapsed: 0.105s wall, 0.109s user + 0.000s system = 0.109s CPU (104.3%)

Start FSM inference.
Executing : FSM inference successfully. Time elapsed: 0.007s wall, 0.000s user + 0.000s system = 0.000s CPU (n/a%)

Start sdm2adm.
W: Loop was found during constant probe.
W: Loop was found during constant probe.
W: Loop was found during constant probe.
W: Loop was found during constant probe.
W: Loop was found during constant probe.
W: Loop was found during constant probe.
I: Constant propagation done on N81 (bmsWIDEMUX).
W: Loop was found during constant probe.
W: Loop was found during constant probe.
W: Loop was found during constant probe.
W: Loop was found during constant probe.
W: Loop was found during constant probe.
W: Loop was found during constant probe.
W: Loop was found during constant probe.
W: Loop was found during constant probe.
W: Loop was found during constant probe.
W: Loop was found during constant probe.
W: Loop was found during constant probe.
W: Loop was found during constant probe.
W: Loop was found during constant probe.
W: Loop was found during constant probe.
W: Loop was found during constant probe.
W: Loop was found during constant probe.
W: Loop was found during constant probe.
W: Loop was found during constant probe.
W: Loop was found during constant probe.
W: Loop was found during constant probe.
W: Loop was found during constant probe.
W: Loop was found during constant probe.
W: Loop was found during constant probe.
W: Loop was found during constant probe.
W: Loop was found during constant probe.
W: Loop was found during constant probe.
W: Loop was found during constant probe.
W: Loop was found during constant probe.
W: Loop was found during constant probe.
W: Loop was found during constant probe.
W: Loop was found during constant probe.
W: Loop was found during constant probe.
W: Loop was found during constant probe.
W: Loop was found during constant probe.
W: Loop was found during constant probe.
W: Loop was found during constant probe.
W: Loop was found during constant probe.
W: Loop was found during constant probe.
W: Loop was found during constant probe.
W: Loop was found during constant probe.
W: Loop was found during constant probe.
W: Loop was found during constant probe.
W: Loop was found during constant probe.
W: Loop was found during constant probe.
W: Loop was found during constant probe.
W: Loop was found during constant probe.
W: Loop was found during constant probe.
W: Loop was found during constant probe.
W: Loop was found during constant probe.
W: Loop was found during constant probe.
W: Loop was found during constant probe.
W: Loop was found during constant probe.
W: Loop was found during constant probe.
W: Loop was found during constant probe.
W: Loop was found during constant probe.
W: Loop was found during constant probe.
W: Loop was found during constant probe.
I: Constant propagation done on N63[20] (bmsWIDEMUX).
I: Constant propagation done on N105[21] (bmsWIDEMUX).
I: Constant propagation done on N174[22] (bmsWIDEMUX).
I: Constant propagation done on N270[23] (bmsWIDEMUX).
I: Constant propagation done on N393[24] (bmsWIDEMUX).
I: Constant propagation done on N543[25] (bmsWIDEMUX).
W: Loop was found during constant probe.
I: Constant propagation done on N6_0 (bmsREDOR).
I: Constant propagation done on N6_1 (bmsREDOR).
I: Constant propagation done on N6_2 (bmsREDOR).
Executing : sdm2adm successfully. Time elapsed: 0.123s wall, 0.125s user + 0.000s system = 0.125s CPU (101.6%)

Saving design to DB.
Action compile: Real time elapsed is 0h:0m:4s
Action compile: CPU time elapsed is 0h:0m:1s
Action compile: Process CPU time elapsed is 0h:0m:1s
Current time: Sun Jul 20 00:17:46 2025
Action compile: Peak memory pool usage is 140 MB
