#Build: Fabric Compiler 2022.2-SP6.4, Build 146967, Jan 31 01:39 2024
#Install: C:\pango\PDS_2022.2-SP6.4\bin
#Application name: pds_shell.exe
#OS: Windows 10 10.0.22631
#Hostname: DESKTOP-FLDUJ87
Generated by Fabric Compiler (version 2022.2-SP6.4 build 146967) at Mon May 19 14:42:47 2025
License checkout: fabric_ads from C:\license\new_pds_F4A80DA47D72.lic
Compiling verification operator library.
Compiling common defs.
Loading technology operator library.
Compiling technology operator library.
Compiling technology operator (valence) library.
Reading design from compile DB
Reading design from compile DB successfully.
Constraint check start.
Compiling prim grid devices.
Building architecture model.
Loading device packaging model.
Building architecture floorplan logic view.
E: UserConstraintEditor-0008: [E:/JiChuang_2025/PDS_Project/axi_udp_ddr/LAB/13_frequency_meter/rtl/IO.fdc(line number: 61)] | Package pin Y26 can not be placed.
Constraint check end.

Action synthesize: Real time elapsed is 0h:0m:9s
Action synthesize: CPU time elapsed is 0h:0m:4s
Action synthesize: Process CPU time elapsed is 0h:0m:4s
Current time: Mon May 19 14:42:55 2025
Action synthesize: Peak memory pool usage is 269 MB
