IP Generator (Version 2022.2-SP6.4 build 146967)
Check out license ...
Start generating at 2025-03-24 17:49
Instance: slave_async_rd_data_fifo (C:\_Project\Pangu\IPCORE\AXI4\slave_async_rd_data_fifo\slave_async_rd_data_fifo.idf)
IP: Pango DRM Based FIFO (1.10)
Part: Logos2-PG2L100H-FBG676--6
Create directory 'rtl' ...
Copy 'rtl\ipm2l_fifo_ctrl_v1_1.v.xml' to 'rtl' ...
Copy 'rtl\ipm2l_fifo_v1_10.v.xml' to 'rtl' ...
Copy 'rtl\ipm2l_sdpram_v1_10.v.xml' to 'rtl' ...
Compile file 'rtl\ipm2l_sdpram_v1_10.v.xml' to 'rtl\ipm2l_sdpram_v1_10_slave_async_rd_data_fifo.v' ...
Compile file 'rtl\ipm2l_fifo_v1_10.v.xml' to 'rtl\ipm2l_fifo_v1_10_slave_async_rd_data_fifo.v' ...
Compile file 'rtl\ipm2l_fifo_ctrl_v1_1.v.xml' to 'rtl\ipm2l_fifo_ctrl_v1_1_slave_async_rd_data_fifo.v' ...
Copy 'ipm2l_fifo_wrapper_v1_10.v.xml' ...
Compile file 'ipm2l_fifo_wrapper_v1_10.v.xml' to 'slave_async_rd_data_fifo.v' ...
Found top module 'slave_async_rd_data_fifo' in file 'slave_async_rd_data_fifo.v'.
Copy 'ipm2l_fifo_wrapper_v1_0_tb.v.xml' ...
Compile file 'ipm2l_fifo_wrapper_v1_0_tb.v.xml' to 'slave_async_rd_data_fifo_tb.v' ...
Run file 'creatResetValue.tcl' ...
Create template file 'slave_async_rd_data_fifo_tmpl.v' ...
Create template file 'slave_async_rd_data_fifo_tmpl.vhdl' ...
There are 4 source files to synthesize.
Synthesis is disabled.
Done: 0 error(s), 0 warning(s)
