#Build: Fabric Compiler 2022.2-SP6.4, Build 146967, Jan 31 01:39 2024
#Install: C:\pango\PDS_2022.2-SP6.4\bin
#Application name: pds_shell.exe
#OS: Windows 10 10.0.22631
#Hostname: DESKTOP-FLDUJ87
Generated by Fabric Compiler (version 2022.2-SP6.4 build 146967) at Wed Aug 20 05:40:34 2025
License checkout: fabric_ads from C:\license\new_pds_F4A80DA47D72.lic
Compiling verification operator library.
Loading technology operator library.
Compiling technology operator library.
Compiling technology operator (valence) library.
I: Enable Verilog2k features and keywords
Start rtl-analyze.
Executing : .rtl_analyze -work work -include_path {E:/JiChuang_2025/PDS_Project/axi_udp_ddr/pangu_-remote_-lab/examination/05_pwm/prj/pwm} E:/JiChuang_2025/PDS_Project/axi_udp_ddr/pangu_-remote_-lab/examination/05_pwm/rtl/pwm.v
I: Verilog-0001: Analyzing file E:/JiChuang_2025/PDS_Project/axi_udp_ddr/pangu_-remote_-lab/examination/05_pwm/rtl/pwm.v
I: Verilog-0002: [E:/JiChuang_2025/PDS_Project/axi_udp_ddr/pangu_-remote_-lab/examination/05_pwm/rtl/pwm.v(line number: 1)] Analyzing module pwm (library work)
Parsing done.
Executing : .rtl_analyze -work work -include_path {E:/JiChuang_2025/PDS_Project/axi_udp_ddr/pangu_-remote_-lab/examination/05_pwm/prj/pwm} E:/JiChuang_2025/PDS_Project/axi_udp_ddr/pangu_-remote_-lab/examination/05_pwm/rtl/pwm.v successfully.
I: Module "pwm" is set as top module.
Executing : rtl-analyze successfully. Time elapsed: 1.604s wall, 0.000s user + 0.000s system = 0.000s CPU (n/a%)

Start rtl-elaborate.
I: Verilog-0003: [E:/JiChuang_2025/PDS_Project/axi_udp_ddr/pangu_-remote_-lab/examination/05_pwm/rtl/pwm.v(line number: 1)] Elaborating module pwm
I: Module instance {pwm} parameter value:
    PWM_PERIOD = 16'b0110100101111000
Executing : rtl-elaborate successfully. Time elapsed: 0.000s wall, 0.000s user + 0.000s system = 0.000s CPU (n/a%)

Start rtl-prep.
Executing : rtl-prep successfully. Time elapsed: 0.001s wall, 0.000s user + 0.000s system = 0.000s CPU (n/a%)

Start rtl-infer.
Start DFF-inference.
Executing : DFF-inference successfully.
Executing : rtl-infer successfully. Time elapsed: 0.015s wall, 0.000s user + 0.016s system = 0.016s CPU (107.0%)

Start rtl-control-opt.
Executing : rtl-control-opt successfully. Time elapsed: 0.000s wall, 0.000s user + 0.000s system = 0.000s CPU (n/a%)

Start rtl-data-opt.
Executing : rtl-data-opt successfully. Time elapsed: 0.002s wall, 0.000s user + 0.000s system = 0.000s CPU (n/a%)

Start FSM inference.
Executing : FSM inference successfully. Time elapsed: 0.000s wall, 0.000s user + 0.000s system = 0.000s CPU (n/a%)

Start sdm2adm.
W: Loop was found during constant probe.
W: Loop was found during constant probe.
W: Loop was found during constant probe.
Executing : sdm2adm successfully. Time elapsed: 0.005s wall, 0.000s user + 0.000s system = 0.000s CPU (n/a%)

Saving design to DB.
Action compile: Real time elapsed is 0h:0m:4s
Action compile: CPU time elapsed is 0h:0m:0s
Action compile: Process CPU time elapsed is 0h:0m:0s
Current time: Wed Aug 20 05:40:36 2025
Action compile: Peak memory pool usage is 131 MB
