[Info] [2025-5-8 15:09:43] /***************************Start jtagserver***************************/
[Info] [2025-5-8 15:09:43] Path: C:/pango/PDS_2022.2-SP6.4/bin
[Info] [2025-5-8 15:09:43] Version: 146967
[Debug] [2025-5-8 15:09:44] Add a new user_thread, socket descriptor is 1332 user_thread id is 0000000000006944
[Debug] [2025-5-8 15:09:44] After adding, map size is : 1
[Debug] [2025-5-8 15:09:44] Add a new user_thread, socket descriptor is 1340 user_thread id is 0000000000006944
[Debug] [2025-5-8 15:09:44] After adding, map size is : 2
[Debug] [2025-5-8 15:09:44] IP address of connecting client is : ::ffff:127.0.0.1
[Debug] [2025-5-8 15:09:44] IP address of connecting client is : ::ffff:127.0.0.1IP address of connecting client is : ::ffff:127.0.0.1
[Debug] [2025-5-8 15:09:44] Remove the header data from the client, index : 0
[Debug] [2025-5-8 15:09:44] _total_bytes_size : 160
[Debug] [2025-5-8 15:09:44] Remove the header data from the client, index : 0
[Debug] [2025-5-8 15:09:44] _total_bytes_size : 96
[Debug] [2025-5-8 15:09:44] cmd id :40010cmd name : get_cable_paras
[Debug] [2025-5-8 15:09:45] cmd operation get_cable_paras releases locker
[Debug] [2025-5-8 15:09:45] Remove the header data from the client, index : 0
[Debug] [2025-5-8 15:09:45] _total_bytes_size : 101
[Debug] [2025-5-8 15:09:45] cmd id :20001cmd name : Open config cable
[Debug] [2025-5-8 15:09:45] the idcode from the scanning is: 0x50602899
[Debug] [2025-5-8 15:09:45] the idcode from the scanning is: 0x0
[Debug] [2025-5-8 15:09:45] the idcode from the scanning is: 0x0
[Debug] [2025-5-8 15:09:45] the idcode from the scanning is: 0x0
[Debug] [2025-5-8 15:09:45] the idcode from the scanning is: 0x0
[Debug] [2025-5-8 15:09:45] cmd operation Open config cable releases locker
[Debug] [2025-5-8 15:09:48] Remove the header data from the client, index : 0
[Debug] [2025-5-8 15:09:48] _total_bytes_size : 29c
[Debug] [2025-5-8 15:09:48] cmd id :4e22cmd name : Program
[Debug] [2025-5-8 15:09:48] the idcode from the scanning is: 0x50602899
[Debug] [2025-5-8 15:09:48] the idcode from the scanning is: 0x0
[Debug] [2025-5-8 15:09:48] the idcode from the scanning is: 0x0
[Debug] [2025-5-8 15:09:48] the idcode from the scanning is: 0x0
[Debug] [2025-5-8 15:09:48] the idcode from the scanning is: 0x0
[Debug] [2025-5-8 15:09:48] begin to read back config registerregAddr is 4
[Debug] [2025-5-8 15:09:49] progress bar is 6
[Debug] [2025-5-8 15:09:49] progress bar is 10
[Debug] [2025-5-8 15:09:49] progress bar is 15
[Debug] [2025-5-8 15:09:49] progress bar is 20
[Debug] [2025-5-8 15:09:49] progress bar is 25
[Debug] [2025-5-8 15:09:49] progress bar is 30
[Debug] [2025-5-8 15:09:49] progress bar is 35
[Debug] [2025-5-8 15:09:50] progress bar is 40
[Debug] [2025-5-8 15:09:50] progress bar is 45
[Debug] [2025-5-8 15:09:50] progress bar is 50
[Debug] [2025-5-8 15:09:50] progress bar is 55
[Debug] [2025-5-8 15:09:50] progress bar is 60
[Debug] [2025-5-8 15:09:50] progress bar is 65
[Debug] [2025-5-8 15:09:51] progress bar is 70
[Debug] [2025-5-8 15:09:51] progress bar is 75
[Debug] [2025-5-8 15:09:51] progress bar is 80
[Debug] [2025-5-8 15:09:51] progress bar is 85
[Debug] [2025-5-8 15:09:51] progress bar is 90
[Debug] [2025-5-8 15:09:51] progress bar is 95
[Debug] [2025-5-8 15:09:52] progress bar is 100
[Debug] [2025-5-8 15:09:52] the value in the status register is :2096288
[Debug] [2025-5-8 15:09:52] cmd operation Program releases locker
