IP Generator (Version 2022.2-SP6.4 build 146967)
Check out license ...
Start generating at 2025-03-26 12:02
Instance: jtag_fifo_shift_out (C:\_Project\Verilog_AXI4_after\ddr_axi_test\ipcore\jtag_fifo_shift_out\jtag_fifo_shift_out.idf)
IP: Pango DRM Based FIFO (1.10)
Part: Logos2-PG2L100H-FBG676--6
Create directory 'rtl' ...
Copy 'rtl\ipm2l_fifo_ctrl_v1_1.v.xml' to 'rtl' ...
Copy 'rtl\ipm2l_fifo_v1_10.v.xml' to 'rtl' ...
Copy 'rtl\ipm2l_sdpram_v1_10.v.xml' to 'rtl' ...
Compile file 'rtl\ipm2l_sdpram_v1_10.v.xml' to 'rtl\ipm2l_sdpram_v1_10_jtag_fifo_shift_out.v' ...
Compile file 'rtl\ipm2l_fifo_v1_10.v.xml' to 'rtl\ipm2l_fifo_v1_10_jtag_fifo_shift_out.v' ...
Compile file 'rtl\ipm2l_fifo_ctrl_v1_1.v.xml' to 'rtl\ipm2l_fifo_ctrl_v1_1_jtag_fifo_shift_out.v' ...
Copy 'ipm2l_fifo_wrapper_v1_10.v.xml' ...
Compile file 'ipm2l_fifo_wrapper_v1_10.v.xml' to 'jtag_fifo_shift_out.v' ...
Found top module 'jtag_fifo_shift_out' in file 'jtag_fifo_shift_out.v'.
Copy 'ipm2l_fifo_wrapper_v1_0_tb.v.xml' ...
Compile file 'ipm2l_fifo_wrapper_v1_0_tb.v.xml' to 'jtag_fifo_shift_out_tb.v' ...
Run file 'creatResetValue.tcl' ...
Create template file 'jtag_fifo_shift_out_tmpl.v' ...
Create template file 'jtag_fifo_shift_out_tmpl.vhdl' ...
There are 4 source files to synthesize.
Synthesis is disabled.
Done: 0 error(s), 0 warning(s)
