#Build: Fabric Compiler 2022.2-SP6.4, Build 146967, Jan 31 01:39 2024
#Install: C:\pango\PDS_2022.2-SP6.4\bin
#Application name: pds_shell.exe
#OS: Windows 10 10.0.19045
#Hostname: DESKTOP-73784OM
Generated by Fabric Compiler (version 2022.2-SP6.4 build 146967) at Sun Jul 20 10:07:44 2025
Compiling verification operator library.
Compiling common defs.
Compiling prim grid devices.
Compiling gate devices.
Compiling gate operators.
Building architecture model.
Loading device packaging model.
Reading design from DB.
Start Generating Programming File...
Reading design from DB takes 0.265625 sec.
Generating architecture configuration.
C: Bitstream-2001: SCBV has not been set. Please set SCBV value based on PCB board, where is in configuration tab of bit stream options.
The bitstream file is "C:/_Project/Pangu/examination/13_frequency_meter/prj/frequency_meter/generate_bitstream/frequency_meter.sbit"
Generate programming file takes 5.031250 sec.
Generating Programming File done.
Action gen_bit_stream: Real time elapsed is 0h:0m:18s
Action gen_bit_stream: CPU time elapsed is 0h:0m:15s
Action gen_bit_stream: Process CPU time elapsed is 0h:0m:15s
Current time: Sun Jul 20 10:08:00 2025
Action gen_bit_stream: Peak memory pool usage is 1,094 MB
