IP Generator (Version 2022.2-SP6.4 build 146967)
Check out license ...
Start generating at 2025-05-02 14:58
Instance: fifo_sfp_rd (E:\JiChuang_2025\PDS_Project\axi_udp_ddr\debugger\hsst_for_ctrlfpga_axislave\hsst_for_ctrlfpga_axislave_test\ipcore\fifo_sfp_rd\fifo_sfp_rd.idf)
IP: Pango DRM Based FIFO (1.10)
Part: Logos2-PG2L100H-FBG676--6
Create directory 'rtl' ...
Copy 'rtl\ipm2l_fifo_ctrl_v1_1.v.xml' to 'rtl' ...
Copy 'rtl\ipm2l_fifo_v1_10.v.xml' to 'rtl' ...
Copy 'rtl\ipm2l_sdpram_v1_10.v.xml' to 'rtl' ...
Compile file 'rtl\ipm2l_sdpram_v1_10.v.xml' to 'rtl\ipm2l_sdpram_v1_10_fifo_sfp_rd.v' ...
Compile file 'rtl\ipm2l_fifo_v1_10.v.xml' to 'rtl\ipm2l_fifo_v1_10_fifo_sfp_rd.v' ...
Compile file 'rtl\ipm2l_fifo_ctrl_v1_1.v.xml' to 'rtl\ipm2l_fifo_ctrl_v1_1_fifo_sfp_rd.v' ...
Copy 'ipm2l_fifo_wrapper_v1_10.v.xml' ...
Compile file 'ipm2l_fifo_wrapper_v1_10.v.xml' to 'fifo_sfp_rd.v' ...
Found top module 'fifo_sfp_rd' in file 'fifo_sfp_rd.v'.
Copy 'ipm2l_fifo_wrapper_v1_0_tb.v.xml' ...
Compile file 'ipm2l_fifo_wrapper_v1_0_tb.v.xml' to 'fifo_sfp_rd_tb.v' ...
Run file 'creatResetValue.tcl' ...
Create template file 'fifo_sfp_rd_tmpl.v' ...
Create template file 'fifo_sfp_rd_tmpl.vhdl' ...
There are 4 source files to synthesize.
Synthesis is disabled.
Done: 0 error(s), 0 warning(s)
