#Build: Fabric Compiler 2022.2-SP6.4, Build 146967, Jan 31 01:39 2024
#Install: C:\pango\PDS_2022.2-SP6.4\bin
#Application name: pds_shell.exe
#OS: Windows 10 10.0.22631
#Hostname: DESKTOP-FLDUJ87
Generated by Fabric Compiler (version 2022.2-SP6.4 build 146967) at Fri May  9 19:33:35 2025
Compiling verification operator library.
Compiling common defs.
Compiling prim grid devices.
Compiling gate devices.
Compiling gate operators.
Building architecture model.
Loading device packaging model.
Reading design from pnr DB.
Start Report Post-PnR timing.
Constructing timing graph ...
Timing graph has been constructed successfully
W: Timing-4086: Port 'hd_sda' is not constrained, it is treated as combinational input.
W: Timing-4087: Port 'hd_sda' is not constrained, it is treated as combinational output.
W: Timing-4087: Port 'b_out[0]' is not constrained, it is treated as combinational output.
W: Timing-4087: Port 'b_out[1]' is not constrained, it is treated as combinational output.
W: Timing-4087: Port 'b_out[2]' is not constrained, it is treated as combinational output.
W: Timing-4087: Port 'b_out[3]' is not constrained, it is treated as combinational output.
W: Timing-4087: Port 'b_out[4]' is not constrained, it is treated as combinational output.
W: Timing-4087: Port 'b_out[5]' is not constrained, it is treated as combinational output.
W: Timing-4087: Port 'b_out[6]' is not constrained, it is treated as combinational output.
W: Timing-4087: Port 'b_out[7]' is not constrained, it is treated as combinational output.
W: Timing-4087: Port 'de_out' is not constrained, it is treated as combinational output.
W: Timing-4087: Port 'g_out[0]' is not constrained, it is treated as combinational output.
W: Timing-4087: Port 'g_out[1]' is not constrained, it is treated as combinational output.
W: Timing-4087: Port 'g_out[2]' is not constrained, it is treated as combinational output.
W: Timing-4087: Port 'g_out[3]' is not constrained, it is treated as combinational output.
W: Timing-4087: Port 'g_out[4]' is not constrained, it is treated as combinational output.
W: Timing-4087: Port 'g_out[5]' is not constrained, it is treated as combinational output.
W: Timing-4087: Port 'g_out[6]' is not constrained, it is treated as combinational output.
W: Timing-4087: Port 'g_out[7]' is not constrained, it is treated as combinational output.
W: Timing-4087: Port 'hd_scl' is not constrained, it is treated as combinational output.
W: Timing-4087: Port 'hs_out' is not constrained, it is treated as combinational output.
W: Timing-4087: Port 'led_int' is not constrained, it is treated as combinational output.
W: Timing-4087: Port 'pixclk_out' is not constrained, it is treated as combinational output.
W: Timing-4087: Port 'r_out[0]' is not constrained, it is treated as combinational output.
W: Timing-4087: Port 'r_out[1]' is not constrained, it is treated as combinational output.
W: Timing-4087: Port 'r_out[2]' is not constrained, it is treated as combinational output.
W: Timing-4087: Port 'r_out[3]' is not constrained, it is treated as combinational output.
W: Timing-4087: Port 'r_out[4]' is not constrained, it is treated as combinational output.
W: Timing-4087: Port 'r_out[5]' is not constrained, it is treated as combinational output.
W: Timing-4087: Port 'r_out[6]' is not constrained, it is treated as combinational output.
W: Timing-4087: Port 'r_out[7]' is not constrained, it is treated as combinational output.
W: Timing-4087: Port 'rstn_out' is not constrained, it is treated as combinational output.
W: Timing-4087: Port 'vs_out' is not constrained, it is treated as combinational output.
W: Timing-4086: Port 'rstn' is not constrained, it is treated as combinational input.
Report timing is finished successfully.
Action report_timing: Real time elapsed is 0h:0m:16s
Action report_timing: CPU time elapsed is 0h:0m:12s
Action report_timing: Process CPU time elapsed is 0h:0m:12s
Current time: Fri May  9 19:33:49 2025
Action report_timing: Peak memory pool usage is 1,075 MB
