#Build: Fabric Compiler 2022.2-SP6.4, Build 146967, Jan 31 01:39 2024
#Install: C:\pango\PDS_2022.2-SP6.4\bin
#Application name: pds_shell.exe
#OS: Windows 10 10.0.22631
#Hostname: DESKTOP-FLDUJ87
Generated by Fabric Compiler (version 2022.2-SP6.4 build 146967) at Tue May 13 20:43:40 2025
License checkout: fabric_ads from C:\license\new_pds_F4A80DA47D72.lic
Compiling verification operator library.
Compiling common defs.
Loading technology operator library.
Compiling technology operator library.
Compiling technology operator (valence) library.
Reading design from compile DB
Reading design from compile DB successfully.
Constraint check start.
Compiling prim grid devices.
Building architecture model.
Loading device packaging model.
Building architecture floorplan logic view.
E: ConstraintEditor-0046: [E:/JiChuang_2025/PDS_Project/axi_udp_ddr/LAB/hdmi/rtl/hdmi_out.fdc(line number: 269)] Object 'p:rstn' can not be found in current view.
E: ConstraintEditor-0046: [E:/JiChuang_2025/PDS_Project/axi_udp_ddr/LAB/hdmi/rtl/hdmi_out.fdc(line number: 270)] Object 'p:rstn' can not be found in current view.
E: ConstraintEditor-0046: [E:/JiChuang_2025/PDS_Project/axi_udp_ddr/LAB/hdmi/rtl/hdmi_out.fdc(line number: 271)] Object 'p:rstn' can not be found in current view.
E: ConstraintEditor-0046: [E:/JiChuang_2025/PDS_Project/axi_udp_ddr/LAB/hdmi/rtl/hdmi_out.fdc(line number: 272)] Object 'p:rstn' can not be found in current view.
E: ConstraintEditor-0046: [E:/JiChuang_2025/PDS_Project/axi_udp_ddr/LAB/hdmi/rtl/hdmi_out.fdc(line number: 273)] Object 'p:rstn' can not be found in current view.
C: ConstraintEditor-2002: [E:/JiChuang_2025/PDS_Project/axi_udp_ddr/LAB/hdmi/rtl/hdmi_out.fdc(line number: 2)] | Port b_out[7] has been placed at location T22, whose type is share pin.
C: ConstraintEditor-2002: [E:/JiChuang_2025/PDS_Project/axi_udp_ddr/LAB/hdmi/rtl/hdmi_out.fdc(line number: 9)] | Port b_out[6] has been placed at location R22, whose type is share pin.
C: ConstraintEditor-2002: [E:/JiChuang_2025/PDS_Project/axi_udp_ddr/LAB/hdmi/rtl/hdmi_out.fdc(line number: 16)] | Port b_out[5] has been placed at location N18, whose type is share pin.
C: ConstraintEditor-2002: [E:/JiChuang_2025/PDS_Project/axi_udp_ddr/LAB/hdmi/rtl/hdmi_out.fdc(line number: 51)] | Port b_out[0] has been placed at location P19, whose type is share pin.
C: ConstraintEditor-2002: [E:/JiChuang_2025/PDS_Project/axi_udp_ddr/LAB/hdmi/rtl/hdmi_out.fdc(line number: 65)] | Port g_out[6] has been placed at location N23, whose type is share pin.
C: ConstraintEditor-2002: [E:/JiChuang_2025/PDS_Project/axi_udp_ddr/LAB/hdmi/rtl/hdmi_out.fdc(line number: 72)] | Port g_out[5] has been placed at location N24, whose type is share pin.
C: ConstraintEditor-2002: [E:/JiChuang_2025/PDS_Project/axi_udp_ddr/LAB/hdmi/rtl/hdmi_out.fdc(line number: 79)] | Port g_out[4] has been placed at location P23, whose type is share pin.
C: ConstraintEditor-2002: [E:/JiChuang_2025/PDS_Project/axi_udp_ddr/LAB/hdmi/rtl/hdmi_out.fdc(line number: 86)] | Port g_out[3] has been placed at location P24, whose type is share pin.
C: ConstraintEditor-2002: [E:/JiChuang_2025/PDS_Project/axi_udp_ddr/LAB/hdmi/rtl/hdmi_out.fdc(line number: 93)] | Port g_out[2] has been placed at location R25, whose type is share pin.
C: ConstraintEditor-2002: [E:/JiChuang_2025/PDS_Project/axi_udp_ddr/LAB/hdmi/rtl/hdmi_out.fdc(line number: 100)] | Port g_out[1] has been placed at location P25, whose type is share pin.
C: ConstraintEditor-2002: [E:/JiChuang_2025/PDS_Project/axi_udp_ddr/LAB/hdmi/rtl/hdmi_out.fdc(line number: 107)] | Port g_out[0] has been placed at location T25, whose type is share pin.
C: ConstraintEditor-2002: [E:/JiChuang_2025/PDS_Project/axi_udp_ddr/LAB/hdmi/rtl/hdmi_out.fdc(line number: 114)] | Port r_out[7] has been placed at location P16, whose type is share pin.
C: ConstraintEditor-2002: [E:/JiChuang_2025/PDS_Project/axi_udp_ddr/LAB/hdmi/rtl/hdmi_out.fdc(line number: 121)] | Port r_out[6] has been placed at location K25, whose type is share pin.
C: ConstraintEditor-2002: [E:/JiChuang_2025/PDS_Project/axi_udp_ddr/LAB/hdmi/rtl/hdmi_out.fdc(line number: 128)] | Port r_out[5] has been placed at location K26, whose type is share pin.
C: ConstraintEditor-2002: [E:/JiChuang_2025/PDS_Project/axi_udp_ddr/LAB/hdmi/rtl/hdmi_out.fdc(line number: 142)] | Port r_out[3] has been placed at location L25, whose type is share pin.
C: ConstraintEditor-2002: [E:/JiChuang_2025/PDS_Project/axi_udp_ddr/LAB/hdmi/rtl/hdmi_out.fdc(line number: 170)] | Port hd_sda has been placed at location K23, whose type is share pin.
C: ConstraintEditor-2002: [E:/JiChuang_2025/PDS_Project/axi_udp_ddr/LAB/hdmi/rtl/hdmi_out.fdc(line number: 177)] | Port de_out has been placed at location N19, whose type is share pin.
C: ConstraintEditor-2002: [E:/JiChuang_2025/PDS_Project/axi_udp_ddr/LAB/hdmi/rtl/hdmi_out.fdc(line number: 184)] | Port hd_scl has been placed at location K22, whose type is share pin.
C: ConstraintEditor-2002: [E:/JiChuang_2025/PDS_Project/axi_udp_ddr/LAB/hdmi/rtl/hdmi_out.fdc(line number: 191)] | Port hs_out has been placed at location R20, whose type is share pin.
C: ConstraintEditor-2002: [E:/JiChuang_2025/PDS_Project/axi_udp_ddr/LAB/hdmi/rtl/hdmi_out.fdc(line number: 212)] | Port rstn_out has been placed at location G25, whose type is share pin.
C: ConstraintEditor-2002: [E:/JiChuang_2025/PDS_Project/axi_udp_ddr/LAB/hdmi/rtl/hdmi_out.fdc(line number: 219)] | Port vs_out has been placed at location R21, whose type is share pin.
W: ConstraintEditor-4019: Port 'rstn_in' unspecified I/O constraint.
Constraint check end.

Action synthesize: Real time elapsed is 0h:0m:9s
Action synthesize: CPU time elapsed is 0h:0m:6s
Action synthesize: Process CPU time elapsed is 0h:0m:6s
Current time: Tue May 13 20:43:47 2025
Action synthesize: Peak memory pool usage is 267 MB
