#Build: Fabric Compiler 2022.2-SP6.4, Build 146967, Jan 31 01:39 2024
#Install: C:\pango\PDS_2022.2-SP6.4\bin
#Application name: pds_shell.exe
#OS: Windows 10 10.0.22631
#Hostname: DESKTOP-FLDUJ87
Generated by Fabric Compiler (version 2022.2-SP6.4 build 146967) at Mon May 19 13:49:56 2025
Compiling verification operator library.
Compiling common defs.
Compiling prim grid devices.
Compiling gate devices.
Compiling gate operators.
Building architecture model.
Loading device packaging model.
Reading design from pnr DB.
Start Report Post-PnR timing.
Constructing timing graph ...
Timing graph has been constructed successfully
W: STA-3011: Clock pin 'cymometer_inst/N57_m1/gopapm/CLK' (gopAPM.CLK) has no clock, timing propagation is disabled at the pin.
W: STA-3011: Clock pin 'cymometer_inst/fx_cnt[17]/opit_0_inv/CLK' (gopQ.CLK) has no clock, timing propagation is disabled at the pin.
W: STA-3011: Clock pin 'cymometer_inst/fx_cnt[18]/opit_0_inv/CLK' (gopQ.CLK) has no clock, timing propagation is disabled at the pin.
W: STA-3011: Clock pin 'cymometer_inst/fx_cnt[19]/opit_0_inv/CLK' (gopQ.CLK) has no clock, timing propagation is disabled at the pin.
W: STA-3011: Clock pin 'cymometer_inst/fx_cnt[20]/opit_0_inv/CLK' (gopQ.CLK) has no clock, timing propagation is disabled at the pin.
W: STA-3011: Clock pin 'cymometer_inst/fx_cnt[21]/opit_0_inv/CLK' (gopQ.CLK) has no clock, timing propagation is disabled at the pin.
W: STA-3011: Clock pin 'cymometer_inst/fx_cnt[22]/opit_0_inv/CLK' (gopQ.CLK) has no clock, timing propagation is disabled at the pin.
W: STA-3011: Clock pin 'cymometer_inst/fx_cnt[23]/opit_0_inv/CLK' (gopQ.CLK) has no clock, timing propagation is disabled at the pin.
W: STA-3011: Clock pin 'cymometer_inst/fx_cnt[24]/opit_0_inv/CLK' (gopQ.CLK) has no clock, timing propagation is disabled at the pin.
W: STA-3011: Clock pin 'cymometer_inst/fx_cnt[25]/opit_0_inv/CLK' (gopQ.CLK) has no clock, timing propagation is disabled at the pin.
W: STA-3011: Clock pin 'cymometer_inst/fx_cnt[26]/opit_0_inv/CLK' (gopQ.CLK) has no clock, timing propagation is disabled at the pin.
W: STA-3011: Clock pin 'cymometer_inst/fx_cnt[27]/opit_0_inv/CLK' (gopQ.CLK) has no clock, timing propagation is disabled at the pin.
W: STA-3011: Clock pin 'cymometer_inst/fx_cnt[28]/opit_0_inv/CLK' (gopQ.CLK) has no clock, timing propagation is disabled at the pin.
W: STA-3011: Clock pin 'cymometer_inst/fx_cnt[29]/opit_0_inv/CLK' (gopQ.CLK) has no clock, timing propagation is disabled at the pin.
W: STA-3011: Clock pin 'cymometer_inst/fx_cnt_temp[0]/opit_0_inv_L6Q_LUT6DQL5_perm/CLK' (gopLUT6QL5.CLK) has no clock, timing propagation is disabled at the pin.
W: STA-3011: Clock pin 'cymometer_inst/gate_cnt[0]/opit_0_inv_L6Q_perm/CLK' (gopLUT6Q.CLK) has no clock, timing propagation is disabled at the pin.
W: STA-3011: Clock pin 'cymometer_inst/gate_cnt[2]/opit_0_inv_L6Q_perm/CLK' (gopLUT6Q.CLK) has no clock, timing propagation is disabled at the pin.
W: STA-3011: Clock pin 'cymometer_inst/gate_fx_d0/opit_0_inv_L6QQ_perm/CLK' (gopLUT6QQ.CLK) has no clock, timing propagation is disabled at the pin.
W: STA-3011: Clock pin 'cymometer_inst/gate_fx_d1/opit_0_inv/CLK' (gopQ.CLK) has no clock, timing propagation is disabled at the pin.
W: STA-3011: Clock pin 'led_display_driver_inst/u_led_display_selector/led_display_seg[0]/opit_0/CLK' (gopLATCH.CLK) has no clock, timing propagation is disabled at the pin.
W: STA-3011: Clock pin 'led_display_driver_inst/u_led_display_selector/led_display_seg[1]/opit_0/CLK' (gopLATCH.CLK) has no clock, timing propagation is disabled at the pin.
W: STA-3011: Clock pin 'led_display_driver_inst/u_led_display_selector/led_display_seg[2]/opit_0/CLK' (gopLATCH.CLK) has no clock, timing propagation is disabled at the pin.
W: STA-3011: Clock pin 'led_display_driver_inst/u_led_display_selector/led_display_seg[3]/opit_0/CLK' (gopLATCH.CLK) has no clock, timing propagation is disabled at the pin.
W: STA-3011: Clock pin 'led_display_driver_inst/u_led_display_selector/led_display_seg[4]/opit_0/CLK' (gopLATCH.CLK) has no clock, timing propagation is disabled at the pin.
W: STA-3011: Clock pin 'led_display_driver_inst/u_led_display_selector/led_display_seg[5]/opit_0/CLK' (gopLATCH.CLK) has no clock, timing propagation is disabled at the pin.
W: STA-3011: Clock pin 'led_display_driver_inst/u_led_display_selector/led_display_seg[6]/opit_0/CLK' (gopLATCH.CLK) has no clock, timing propagation is disabled at the pin.
W: STA-3011: Clock pin 'cymometer_inst/fx_cnt_temp[4]/opit_0_inv_AQ_perm/CLK' (Carry.cymometer_inst/fx_cnt_temp[4]/opit_0_inv_AQ_perm/CLK) has no clock, timing propagation is disabled at the pin.
W: STA-3011: Clock pin 'cymometer_inst/fx_cnt_temp[8]/opit_0_inv_AQ_perm/CLK' (Carry.cymometer_inst/fx_cnt_temp[8]/opit_0_inv_AQ_perm/CLK) has no clock, timing propagation is disabled at the pin.
W: STA-3011: Clock pin 'cymometer_inst/fx_cnt_temp[12]/opit_0_inv_AQ_perm/CLK' (Carry.cymometer_inst/fx_cnt_temp[12]/opit_0_inv_AQ_perm/CLK) has no clock, timing propagation is disabled at the pin.
W: STA-3011: Clock pin 'cymometer_inst/fx_cnt_temp[16]/opit_0_inv_AQ_perm/CLK' (Carry.cymometer_inst/fx_cnt_temp[16]/opit_0_inv_AQ_perm/CLK) has no clock, timing propagation is disabled at the pin.
W: STA-3011: Clock pin 'cymometer_inst/fx_cnt_temp[20]/opit_0_inv_AQ_perm/CLK' (Carry.cymometer_inst/fx_cnt_temp[20]/opit_0_inv_AQ_perm/CLK) has no clock, timing propagation is disabled at the pin.
W: STA-3011: Clock pin 'cymometer_inst/fx_cnt_temp[24]/opit_0_inv_AQ_perm/CLK' (Carry.cymometer_inst/fx_cnt_temp[24]/opit_0_inv_AQ_perm/CLK) has no clock, timing propagation is disabled at the pin.
W: STA-3011: Clock pin 'cymometer_inst/fx_cnt_temp[28]/opit_0_inv_AQ_perm/CLK' (Carry.cymometer_inst/fx_cnt_temp[28]/opit_0_inv_AQ_perm/CLK) has no clock, timing propagation is disabled at the pin.
W: STA-3011: Clock pin 'cymometer_inst/fx_cnt_temp[29]/opit_0_inv_AQ_perm/CLK' (Carry.cymometer_inst/fx_cnt_temp[29]/opit_0_inv_AQ_perm/CLK) has no clock, timing propagation is disabled at the pin.
W: STA-3011: Clock pin 'cymometer_inst/gate_cnt[4]/opit_0_inv_AQ_perm/CLK' (Carry.cymometer_inst/gate_cnt[4]/opit_0_inv_AQ_perm/CLK) has no clock, timing propagation is disabled at the pin.
W: STA-3011: Clock pin 'cymometer_inst/gate_cnt[8]/opit_0_inv_AQ_perm/CLK' (Carry.cymometer_inst/gate_cnt[8]/opit_0_inv_AQ_perm/CLK) has no clock, timing propagation is disabled at the pin.
W: STA-3011: Clock pin 'cymometer_inst/gate_cnt[10]/opit_0_inv_AQ_perm/CLK' (Carry.cymometer_inst/gate_cnt[10]/opit_0_inv_AQ_perm/CLK) has no clock, timing propagation is disabled at the pin.
W: Timing-4087: Port 'ad_clk' is not constrained, it is treated as combinational output.
W: Timing-4087: Port 'led_display_seg[0]' is not constrained, it is treated as combinational output.
W: Timing-4087: Port 'led_display_seg[1]' is not constrained, it is treated as combinational output.
W: Timing-4087: Port 'led_display_seg[2]' is not constrained, it is treated as combinational output.
W: Timing-4087: Port 'led_display_seg[3]' is not constrained, it is treated as combinational output.
W: Timing-4087: Port 'led_display_seg[4]' is not constrained, it is treated as combinational output.
W: Timing-4087: Port 'led_display_seg[5]' is not constrained, it is treated as combinational output.
W: Timing-4087: Port 'led_display_seg[6]' is not constrained, it is treated as combinational output.
W: Timing-4087: Port 'led_display_seg[7]' is not constrained, it is treated as combinational output.
W: Timing-4087: Port 'led_display_sel[0]' is not constrained, it is treated as combinational output.
W: Timing-4087: Port 'led_display_sel[1]' is not constrained, it is treated as combinational output.
W: Timing-4087: Port 'led_display_sel[2]' is not constrained, it is treated as combinational output.
W: Timing-4087: Port 'led_display_sel[3]' is not constrained, it is treated as combinational output.
W: Timing-4087: Port 'led_display_sel[4]' is not constrained, it is treated as combinational output.
W: Timing-4087: Port 'led_display_sel[5]' is not constrained, it is treated as combinational output.
W: Timing-4087: Port 'led_display_sel[6]' is not constrained, it is treated as combinational output.
W: Timing-4087: Port 'led_display_sel[7]' is not constrained, it is treated as combinational output.
W: Timing-4086: Port 'ad_data[0]' is not constrained, it is treated as combinational input.
W: Timing-4086: Port 'ad_data[1]' is not constrained, it is treated as combinational input.
W: Timing-4086: Port 'ad_data[2]' is not constrained, it is treated as combinational input.
W: Timing-4086: Port 'ad_data[3]' is not constrained, it is treated as combinational input.
W: Timing-4086: Port 'ad_data[4]' is not constrained, it is treated as combinational input.
W: Timing-4086: Port 'ad_data[5]' is not constrained, it is treated as combinational input.
W: Timing-4086: Port 'ad_data[6]' is not constrained, it is treated as combinational input.
W: Timing-4086: Port 'ad_data[7]' is not constrained, it is treated as combinational input.
W: Timing-4086: Port 'rstn' is not constrained, it is treated as combinational input.
Report timing is finished successfully.
Action report_timing: Real time elapsed is 0h:0m:17s
Action report_timing: CPU time elapsed is 0h:0m:14s
Action report_timing: Process CPU time elapsed is 0h:0m:14s
Current time: Mon May 19 13:50:12 2025
Action report_timing: Peak memory pool usage is 1,084 MB
