IP Generator (Version 2022.2-SP6.4 build 146967)
Check out license ...
Start generating at 2025-07-13 17:38
Instance: udp_cmd_fifo (E:\JiChuang_2025\PDS_Project\axi_udp_ddr\pangu_-remote_-lab\IPCORE\UDP\udp_cmd_fifo\udp_cmd_fifo.idf)
IP: Pango DRM Based FIFO (1.10)
Part: Logos2-PG2L100H-FBG676--6
Create directory 'rtl' ...
Copy 'rtl\ipm2l_fifo_ctrl_v1_1.v.xml' to 'rtl' ...
Copy 'rtl\ipm2l_fifo_v1_10.v.xml' to 'rtl' ...
Copy 'rtl\ipm2l_sdpram_v1_10.v.xml' to 'rtl' ...
Compile file 'rtl\ipm2l_sdpram_v1_10.v.xml' to 'rtl\ipm2l_sdpram_v1_10_udp_cmd_fifo.v' ...
Compile file 'rtl\ipm2l_fifo_v1_10.v.xml' to 'rtl\ipm2l_fifo_v1_10_udp_cmd_fifo.v' ...
Compile file 'rtl\ipm2l_fifo_ctrl_v1_1.v.xml' to 'rtl\ipm2l_fifo_ctrl_v1_1_udp_cmd_fifo.v' ...
Copy 'ipm2l_fifo_wrapper_v1_10.v.xml' ...
Compile file 'ipm2l_fifo_wrapper_v1_10.v.xml' to 'udp_cmd_fifo.v' ...
Found top module 'udp_cmd_fifo' in file 'udp_cmd_fifo.v'.
Copy 'ipm2l_fifo_wrapper_v1_0_tb.v.xml' ...
Compile file 'ipm2l_fifo_wrapper_v1_0_tb.v.xml' to 'udp_cmd_fifo_tb.v' ...
Run file 'creatResetValue.tcl' ...
Create template file 'udp_cmd_fifo_tmpl.v' ...
Create template file 'udp_cmd_fifo_tmpl.vhdl' ...
There are 4 source files to synthesize.
Synthesis is disabled.
Done: 0 error(s), 0 warning(s)
