IP Generator (Version 2022.2-SP6.4 build 146967)
Check out license ...
Start generating at 2025-05-08 20:49
Instance: dso_ram_2port (C:\_Project\Pangu\Project\led_display_test\led_display_test\ipcore\dso_ram_2port\dso_ram_2port.idf)
IP: Pango DRM Based Simple Dual Port RAM (1.10)
Part: Logos2-PG2L100H-FBG676--6
Create directory 'rtl' ...
Copy 'rtl\ipm2l_sdpram_v1_10.v.xml' to 'rtl' ...
Compile file 'rtl\ipm2l_sdpram_v1_10.v.xml' to 'rtl\ipm2l_sdpram_v1_10_dso_ram_2port.v' ...
Copy 'ipm2l_sdpram_wrapper_v1_10.v.xml' ...
Compile file 'ipm2l_sdpram_wrapper_v1_10.v.xml' to 'dso_ram_2port.v' ...
Found top module 'dso_ram_2port' in file 'dso_ram_2port.v'.
Copy 'ipm2l_sdpram_wrapper_v1_0_tb.v.xml' ...
Compile file 'ipm2l_sdpram_wrapper_v1_0_tb.v.xml' to 'dso_ram_2port_tb.v' ...
Copy 'init_param_bin_exmp.dat' ...
Copy 'init_param_hex_exmp.dat' ...
Run file 'createParam.tcl' ...
Run file 'creatResetValue.tcl' ...
Create template file 'dso_ram_2port_tmpl.v' ...
Create template file 'dso_ram_2port_tmpl.vhdl' ...
There are 2 source files to synthesize.
Synthesis is disabled.
Done: 0 error(s), 0 warning(s)
