[Info] [2025-5-9 13:26:20] /***************************Start jtagserver***************************/
[Info] [2025-5-9 13:26:20] Path: C:/pango/PDS_2022.2-SP6.4/bin
[Info] [2025-5-9 13:26:20] Version: 146967
[Debug] [2025-5-9 13:26:21] Add a new user_thread, socket descriptor is 1128 user_thread id is 0000000000009EB0
[Debug] [2025-5-9 13:26:21] After adding, map size is : 1
[Debug] [2025-5-9 13:26:21] Add a new user_thread, socket descriptor is 1192 user_thread id is 0000000000009EB0
[Debug] [2025-5-9 13:26:21] After adding, map size is : 2
[Debug] [2025-5-9 13:26:21] IP address of connecting client is : ::ffff:127.0.0.1
[Debug] [2025-5-9 13:26:21] IP address of connecting client is : ::ffff:127.0.0.1
[Debug] [2025-5-9 13:26:21] Remove the header data from the client, index : 0
[Debug] [2025-5-9 13:26:21] _total_bytes_size : 160
[Debug] [2025-5-9 13:26:21] Remove the header data from the client, index : 0
[Debug] [2025-5-9 13:26:21] _total_bytes_size : 96
[Debug] [2025-5-9 13:26:21] cmd id :40010cmd name : get_cable_paras
[Debug] [2025-5-9 13:26:22] cmd operation get_cable_paras releases locker
[Debug] [2025-5-9 13:26:22] Remove the header data from the client, index : 0
[Debug] [2025-5-9 13:26:22] _total_bytes_size : 101
[Debug] [2025-5-9 13:26:22] cmd id :20001cmd name : Open config cable
[Debug] [2025-5-9 13:26:22] the idcode from the scanning is: 0x50602899
[Debug] [2025-5-9 13:26:22] the idcode from the scanning is: 0x0
[Debug] [2025-5-9 13:26:22] the idcode from the scanning is: 0x0
[Debug] [2025-5-9 13:26:22] the idcode from the scanning is: 0x0
[Debug] [2025-5-9 13:26:22] the idcode from the scanning is: 0x0
[Debug] [2025-5-9 13:26:22] cmd operation Open config cable releases locker
[Debug] [2025-5-9 13:26:27] Remove the header data from the client, index : 0
[Debug] [2025-5-9 13:26:27] _total_bytes_size : 2e0
[Debug] [2025-5-9 13:26:27] cmd id :4e22cmd name : Program
[Debug] [2025-5-9 13:26:27] the idcode from the scanning is: 0x50602899
[Debug] [2025-5-9 13:26:27] the idcode from the scanning is: 0x0
[Debug] [2025-5-9 13:26:27] the idcode from the scanning is: 0x0
[Debug] [2025-5-9 13:26:27] the idcode from the scanning is: 0x0
[Debug] [2025-5-9 13:26:27] the idcode from the scanning is: 0x0
[Debug] [2025-5-9 13:26:27] begin to read back config registerregAddr is 4
[Debug] [2025-5-9 13:26:28] progress bar is 6
[Debug] [2025-5-9 13:26:28] progress bar is 10
[Debug] [2025-5-9 13:26:28] progress bar is 15
[Debug] [2025-5-9 13:26:28] progress bar is 20
[Debug] [2025-5-9 13:26:28] progress bar is 25
[Debug] [2025-5-9 13:26:28] progress bar is 30
[Debug] [2025-5-9 13:26:29] progress bar is 35
[Debug] [2025-5-9 13:26:29] progress bar is 40
[Debug] [2025-5-9 13:26:29] progress bar is 45
[Debug] [2025-5-9 13:26:29] progress bar is 50
[Debug] [2025-5-9 13:26:29] progress bar is 55
[Debug] [2025-5-9 13:26:29] progress bar is 60
[Debug] [2025-5-9 13:26:29] progress bar is 65
[Debug] [2025-5-9 13:26:30] progress bar is 70
[Debug] [2025-5-9 13:26:30] progress bar is 75
[Debug] [2025-5-9 13:26:30] progress bar is 80
[Debug] [2025-5-9 13:26:30] progress bar is 85
[Debug] [2025-5-9 13:26:30] progress bar is 90
[Debug] [2025-5-9 13:26:30] progress bar is 95
[Debug] [2025-5-9 13:26:31] progress bar is 100
[Debug] [2025-5-9 13:26:31] the value in the status register is :2096288
[Debug] [2025-5-9 13:26:31] cmd operation Program releases locker
[Info] [2025-5-9 19:37:19] /***************************Start jtagserver***************************/
[Info] [2025-5-9 19:37:19] Path: C:/pango/PDS_2022.2-SP6.4/bin
[Info] [2025-5-9 19:37:19] Version: 146967
[Debug] [2025-5-9 19:37:20] Add a new user_thread, socket descriptor is 1328 user_thread id is 00000000000028F8
[Debug] [2025-5-9 19:37:20] After adding, map size is : 1
[Debug] [2025-5-9 19:37:20] IP address of connecting client is : ::ffff:127.0.0.1
[Debug] [2025-5-9 19:37:20] Remove the header data from the client, index : 0
[Debug] [2025-5-9 19:37:20] _total_bytes_size : 160
[Debug] [2025-5-9 19:37:20] Remove the header data from the client, index : 0
[Debug] [2025-5-9 19:37:20] _total_bytes_size : 96
[Debug] [2025-5-9 19:37:20] cmd id :40010cmd name : get_cable_paras
[Debug] [2025-5-9 19:37:20] Add a new user_thread, socket descriptor is 1336 user_thread id is 00000000000028F8
[Debug] [2025-5-9 19:37:20] After adding, map size is : 2
[Debug] [2025-5-9 19:37:20] IP address of connecting client is : ::ffff:127.0.0.1
[Debug] [2025-5-9 19:37:20] cmd operation get_cable_paras releases locker
[Debug] [2025-5-9 19:37:20] Remove the header data from the client, index : 0
[Debug] [2025-5-9 19:37:20] _total_bytes_size : 101
[Debug] [2025-5-9 19:37:20] cmd id :20001cmd name : Open config cable
[Debug] [2025-5-9 19:37:21] the idcode from the scanning is: 0x50602899
[Debug] [2025-5-9 19:37:21] the idcode from the scanning is: 0x0
[Debug] [2025-5-9 19:37:21] the idcode from the scanning is: 0x0
[Debug] [2025-5-9 19:37:21] the idcode from the scanning is: 0x0
[Debug] [2025-5-9 19:37:21] the idcode from the scanning is: 0x0
[Debug] [2025-5-9 19:37:21] cmd operation Open config cable releases locker
[Debug] [2025-5-9 19:37:24] Remove the header data from the client, index : 0
[Debug] [2025-5-9 19:37:24] _total_bytes_size : 2dc
[Debug] [2025-5-9 19:37:24] cmd id :4e22cmd name : Program
[Debug] [2025-5-9 19:37:24] the idcode from the scanning is: 0x50602899
[Debug] [2025-5-9 19:37:24] the idcode from the scanning is: 0x0
[Debug] [2025-5-9 19:37:24] the idcode from the scanning is: 0x0
[Debug] [2025-5-9 19:37:24] the idcode from the scanning is: 0x0
[Debug] [2025-5-9 19:37:24] the idcode from the scanning is: 0x0
[Debug] [2025-5-9 19:37:24] begin to read back config registerregAddr is 4
[Debug] [2025-5-9 19:37:24] progress bar is 6
[Debug] [2025-5-9 19:37:24] progress bar is 10
[Debug] [2025-5-9 19:37:24] progress bar is 15
[Debug] [2025-5-9 19:37:24] progress bar is 20
[Debug] [2025-5-9 19:37:25] progress bar is 25
[Debug] [2025-5-9 19:37:25] progress bar is 30
[Debug] [2025-5-9 19:37:25] progress bar is 35
[Debug] [2025-5-9 19:37:25] progress bar is 40
[Debug] [2025-5-9 19:37:25] progress bar is 45
[Debug] [2025-5-9 19:37:25] progress bar is 50
[Debug] [2025-5-9 19:37:25] progress bar is 55
[Debug] [2025-5-9 19:37:26] progress bar is 60
[Debug] [2025-5-9 19:37:26] progress bar is 65
[Debug] [2025-5-9 19:37:26] progress bar is 70
[Debug] [2025-5-9 19:37:26] progress bar is 75
[Debug] [2025-5-9 19:37:26] progress bar is 80
[Debug] [2025-5-9 19:37:26] progress bar is 85
[Debug] [2025-5-9 19:37:27] progress bar is 90
[Debug] [2025-5-9 19:37:27] progress bar is 95
[Debug] [2025-5-9 19:37:27] progress bar is 100
[Debug] [2025-5-9 19:37:27] the value in the status register is :2096288
[Debug] [2025-5-9 19:37:27] cmd operation Program releases locker
[Info] [2025-5-9 20:34:18] /***************************Start jtagserver***************************/
[Info] [2025-5-9 20:34:18] Path: C:/pango/PDS_2022.2-SP6.4/bin
[Info] [2025-5-9 20:34:18] Version: 146967
[Debug] [2025-5-9 20:34:19] Add a new user_thread, socket descriptor is 1040 user_thread id is 00000000000081D4
[Debug] [2025-5-9 20:34:19] After adding, map size is : 1
[Debug] [2025-5-9 20:34:19] Add a new user_thread, socket descriptor is 1228 user_thread id is 00000000000081D4
[Debug] [2025-5-9 20:34:19] After adding, map size is : 2
[Debug] [2025-5-9 20:34:19] IP address of connecting client is : ::ffff:127.0.0.1
[Debug] [2025-5-9 20:34:19] IP address of connecting client is : ::ffff:127.0.0.1
[Debug] [2025-5-9 20:34:19] Remove the header data from the client, index : 0
[Debug] [2025-5-9 20:34:19] _total_bytes_size : 160
[Debug] [2025-5-9 20:34:19] Remove the header data from the client, index : 0
[Debug] [2025-5-9 20:34:19] _total_bytes_size : 96
[Debug] [2025-5-9 20:34:19] cmd id :40010cmd name : get_cable_paras
[Debug] [2025-5-9 20:34:19] cmd operation get_cable_paras releases locker
[Debug] [2025-5-9 20:34:19] Remove the header data from the client, index : 0
[Debug] [2025-5-9 20:34:19] _total_bytes_size : 101
[Debug] [2025-5-9 20:34:19] cmd id :20001cmd name : Open config cable
[Debug] [2025-5-9 20:34:20] the idcode from the scanning is: 0x50602899
[Debug] [2025-5-9 20:34:20] the idcode from the scanning is: 0x0
[Debug] [2025-5-9 20:34:20] the idcode from the scanning is: 0x0
[Debug] [2025-5-9 20:34:20] the idcode from the scanning is: 0x0
[Debug] [2025-5-9 20:34:20] the idcode from the scanning is: 0x0
[Debug] [2025-5-9 20:34:20] cmd operation Open config cable releases locker
[Debug] [2025-5-9 20:34:23] Remove the header data from the client, index : 0
[Debug] [2025-5-9 20:34:23] _total_bytes_size : 2dc
[Debug] [2025-5-9 20:34:23] cmd id :4e22cmd name : Program
[Debug] [2025-5-9 20:34:23] the idcode from the scanning is: 0x50602899
[Debug] [2025-5-9 20:34:23] the idcode from the scanning is: 0x0
[Debug] [2025-5-9 20:34:23] the idcode from the scanning is: 0x0
[Debug] [2025-5-9 20:34:23] the idcode from the scanning is: 0x0
[Debug] [2025-5-9 20:34:23] the idcode from the scanning is: 0x0
[Debug] [2025-5-9 20:34:23] begin to read back config registerregAddr is 4
[Debug] [2025-5-9 20:34:23] progress bar is 6
[Debug] [2025-5-9 20:34:23] progress bar is 10
[Debug] [2025-5-9 20:34:24] progress bar is 15
[Debug] [2025-5-9 20:34:24] progress bar is 20
[Debug] [2025-5-9 20:34:24] progress bar is 25
[Debug] [2025-5-9 20:34:24] progress bar is 30
[Debug] [2025-5-9 20:34:24] progress bar is 35
[Debug] [2025-5-9 20:34:24] progress bar is 40
[Debug] [2025-5-9 20:34:25] progress bar is 45
[Debug] [2025-5-9 20:34:25] progress bar is 50
[Debug] [2025-5-9 20:34:25] progress bar is 55
[Debug] [2025-5-9 20:34:25] progress bar is 60
[Debug] [2025-5-9 20:34:25] progress bar is 65
[Debug] [2025-5-9 20:34:25] progress bar is 70
[Debug] [2025-5-9 20:34:26] progress bar is 75
[Debug] [2025-5-9 20:34:26] progress bar is 80
[Debug] [2025-5-9 20:34:26] progress bar is 85
[Debug] [2025-5-9 20:34:26] progress bar is 90
[Debug] [2025-5-9 20:34:26] progress bar is 95
[Debug] [2025-5-9 20:34:26] progress bar is 100
[Debug] [2025-5-9 20:34:26] the value in the status register is :2096288
[Debug] [2025-5-9 20:34:27] cmd operation Program releases locker
