----------------------------------------------------------------------------------------------------------------------------------------------
Notes: 
  Total_num: the numbers of add/sub in rtl
  Module Name: the module name of the instantiated module calling directly the add/sub sub module
  Location/Inst Name: if linefile info exists(no optimization), print the codes location of add/sub in rtl, else print the inst name
  Count: the amount of lutcarry for add/sub
  Number: the numbers of add/sub with the same lutcarry counts and linefile

Detailed RTL Component Info :
-----Add :
               Total_Num :4
-----Sub :
               Total_Num :1
-----AddSub :
               Total_Num :0

Add_Sub_AddSub: Initial Mapping Report :
|---------------------------|---------|---------|---------|-----------------------------------------------------|
|Module Name                |Type     |Count    |Number   |Location/Inst Name                                   |
|---------------------------|---------|---------|---------|-----------------------------------------------------|
|U2_ms7210_ctl              |Add      |22       |1        |../../../rtl/ms7210_ctl.v:225                        |
|---------------------------|---------|---------|---------|-----------------------------------------------------|
|vga_ctrl_inst              |Add      |10       |1        |../../../rtl/vga_ctrl.v:61                           |
|---------------------------|---------|---------|---------|-----------------------------------------------------|
|vga_ctrl_inst              |Add      |10       |1        |../../../rtl/vga_ctrl.v:73                           |
|---------------------------|---------|---------|---------|-----------------------------------------------------|
|vga_ctrl_inst              |Sub      |11       |1        |../../../rtl/vga_ctrl.v:96                           |
|---------------------------|---------|---------|---------|-----------------------------------------------------|
|hdmi_top                   |Add      |14       |1        |../../../rtl/hdmi_top.v:57                           |
|---------------------------|---------|---------|---------|-----------------------------------------------------|

----------------------------------------------------------------------------------------------------------------------------------------------

