#Build: Fabric Compiler 2022.2-SP6.4, Build 146967, Jan 31 01:39 2024
#Install: C:\pango\PDS_2022.2-SP6.4\bin
#Application name: pds_shell.exe
#OS: Windows 10 10.0.22631
#Hostname: DESKTOP-FLDUJ87
Generated by Fabric Compiler (version 2022.2-SP6.4 build 146967) at Tue May 13 20:44:31 2025
License checkout: fabric_ads from C:\license\new_pds_F4A80DA47D72.lic
Compiling verification operator library.
Compiling common defs.
Loading technology operator library.
Compiling technology operator library.
Compiling technology operator (valence) library.
Reading design from compile DB
Reading design from compile DB successfully.
Constraint check start.
Compiling prim grid devices.
Building architecture model.
Loading device packaging model.
Building architecture floorplan logic view.
C: ConstraintEditor-2002: [E:/JiChuang_2025/PDS_Project/axi_udp_ddr/LAB/hdmi/rtl/hdmi_out.fdc(line number: 2)] | Port b_out[7] has been placed at location T22, whose type is share pin.
C: ConstraintEditor-2002: [E:/JiChuang_2025/PDS_Project/axi_udp_ddr/LAB/hdmi/rtl/hdmi_out.fdc(line number: 9)] | Port b_out[6] has been placed at location R22, whose type is share pin.
C: ConstraintEditor-2002: [E:/JiChuang_2025/PDS_Project/axi_udp_ddr/LAB/hdmi/rtl/hdmi_out.fdc(line number: 16)] | Port b_out[5] has been placed at location N18, whose type is share pin.
C: ConstraintEditor-2002: [E:/JiChuang_2025/PDS_Project/axi_udp_ddr/LAB/hdmi/rtl/hdmi_out.fdc(line number: 51)] | Port b_out[0] has been placed at location P19, whose type is share pin.
C: ConstraintEditor-2002: [E:/JiChuang_2025/PDS_Project/axi_udp_ddr/LAB/hdmi/rtl/hdmi_out.fdc(line number: 65)] | Port g_out[6] has been placed at location N23, whose type is share pin.
C: ConstraintEditor-2002: [E:/JiChuang_2025/PDS_Project/axi_udp_ddr/LAB/hdmi/rtl/hdmi_out.fdc(line number: 72)] | Port g_out[5] has been placed at location N24, whose type is share pin.
C: ConstraintEditor-2002: [E:/JiChuang_2025/PDS_Project/axi_udp_ddr/LAB/hdmi/rtl/hdmi_out.fdc(line number: 79)] | Port g_out[4] has been placed at location P23, whose type is share pin.
C: ConstraintEditor-2002: [E:/JiChuang_2025/PDS_Project/axi_udp_ddr/LAB/hdmi/rtl/hdmi_out.fdc(line number: 86)] | Port g_out[3] has been placed at location P24, whose type is share pin.
C: ConstraintEditor-2002: [E:/JiChuang_2025/PDS_Project/axi_udp_ddr/LAB/hdmi/rtl/hdmi_out.fdc(line number: 93)] | Port g_out[2] has been placed at location R25, whose type is share pin.
C: ConstraintEditor-2002: [E:/JiChuang_2025/PDS_Project/axi_udp_ddr/LAB/hdmi/rtl/hdmi_out.fdc(line number: 100)] | Port g_out[1] has been placed at location P25, whose type is share pin.
C: ConstraintEditor-2002: [E:/JiChuang_2025/PDS_Project/axi_udp_ddr/LAB/hdmi/rtl/hdmi_out.fdc(line number: 107)] | Port g_out[0] has been placed at location T25, whose type is share pin.
C: ConstraintEditor-2002: [E:/JiChuang_2025/PDS_Project/axi_udp_ddr/LAB/hdmi/rtl/hdmi_out.fdc(line number: 114)] | Port r_out[7] has been placed at location P16, whose type is share pin.
C: ConstraintEditor-2002: [E:/JiChuang_2025/PDS_Project/axi_udp_ddr/LAB/hdmi/rtl/hdmi_out.fdc(line number: 121)] | Port r_out[6] has been placed at location K25, whose type is share pin.
C: ConstraintEditor-2002: [E:/JiChuang_2025/PDS_Project/axi_udp_ddr/LAB/hdmi/rtl/hdmi_out.fdc(line number: 128)] | Port r_out[5] has been placed at location K26, whose type is share pin.
C: ConstraintEditor-2002: [E:/JiChuang_2025/PDS_Project/axi_udp_ddr/LAB/hdmi/rtl/hdmi_out.fdc(line number: 142)] | Port r_out[3] has been placed at location L25, whose type is share pin.
C: ConstraintEditor-2002: [E:/JiChuang_2025/PDS_Project/axi_udp_ddr/LAB/hdmi/rtl/hdmi_out.fdc(line number: 170)] | Port hd_sda has been placed at location K23, whose type is share pin.
C: ConstraintEditor-2002: [E:/JiChuang_2025/PDS_Project/axi_udp_ddr/LAB/hdmi/rtl/hdmi_out.fdc(line number: 177)] | Port de_out has been placed at location N19, whose type is share pin.
C: ConstraintEditor-2002: [E:/JiChuang_2025/PDS_Project/axi_udp_ddr/LAB/hdmi/rtl/hdmi_out.fdc(line number: 184)] | Port hd_scl has been placed at location K22, whose type is share pin.
C: ConstraintEditor-2002: [E:/JiChuang_2025/PDS_Project/axi_udp_ddr/LAB/hdmi/rtl/hdmi_out.fdc(line number: 191)] | Port hs_out has been placed at location R20, whose type is share pin.
C: ConstraintEditor-2002: [E:/JiChuang_2025/PDS_Project/axi_udp_ddr/LAB/hdmi/rtl/hdmi_out.fdc(line number: 212)] | Port rstn_out has been placed at location G25, whose type is share pin.
C: ConstraintEditor-2002: [E:/JiChuang_2025/PDS_Project/axi_udp_ddr/LAB/hdmi/rtl/hdmi_out.fdc(line number: 219)] | Port vs_out has been placed at location R21, whose type is share pin.
Constraint check end.

C: SDC-2025: Clock source 'n:sys_clk' need a clock constraint, please use 'create_clock' or 'create_generate_clock' to generate.
Executing : get_ports sys_clk
Executing : get_ports sys_clk successfully.
Executing : create_clock -name hdmi_top|sys_clk [get_ports sys_clk] -period 1000.000 -waveform {0.000 500.000} -add
Executing : create_clock -name hdmi_top|sys_clk [get_ports sys_clk] -period 1000.000 -waveform {0.000 500.000} -add successfully.
Executing : set_clock_groups -name Inferred_clock_group_0 -asynchronous -group hdmi_top|sys_clk
Executing : set_clock_groups -name Inferred_clock_group_0 -asynchronous -group hdmi_top|sys_clk successfully.
C: SDC-2025: Clock source 'n:u_pll/clkout0' need a clock constraint, please use 'create_clock' or 'create_generate_clock' to generate.
Executing : get_pins u_pll/u_gpll:CLKOUT0
Executing : get_pins u_pll/u_gpll:CLKOUT0 successfully.
Executing : create_clock -name PLL|u_pll/u_gpll/CLKOUT0 [get_pins u_pll/u_gpll:CLKOUT0] -period 1000.000 -waveform {0.000 500.000} -add
Executing : create_clock -name PLL|u_pll/u_gpll/CLKOUT0 [get_pins u_pll/u_gpll:CLKOUT0] -period 1000.000 -waveform {0.000 500.000} -add successfully.
Executing : set_clock_groups -name Inferred_clock_group_1 -asynchronous -group PLL|u_pll/u_gpll/CLKOUT0
Executing : set_clock_groups -name Inferred_clock_group_1 -asynchronous -group PLL|u_pll/u_gpll/CLKOUT0 successfully.
Start pre-mapping.
I: Constant propagation done on ms7210_ctrl_iic_top_inst/iic_dri/N396 (bmsWIDEINV).
I: Constant propagation done on ms7210_ctrl_iic_top_inst/iic_dri/N397 (bmsWIDEINV).
I: Constant propagation done on ms7210_ctrl_iic_top_inst/iic_dri/N398 (bmsWIDEINV).
I: Constant propagation done on ms7210_ctrl_iic_top_inst/iic_dri/N399 (bmsWIDEINV).
I: Constant propagation done on ms7210_ctrl_iic_top_inst/iic_dri/N400 (bmsWIDEINV).
I: Constant propagation done on ms7210_ctrl_iic_top_inst/iic_dri/N401 (bmsWIDEINV).
I: Constant propagation done on ms7210_ctrl_iic_top_inst/iic_dri/N402 (bmsWIDEINV).
I: Constant propagation done on ms7210_ctrl_iic_top_inst/iic_dri/N403 (bmsWIDEINV).
I: Constant propagation done on ms7210_ctrl_iic_top_inst/iic_dri/N404 (bmsWIDEINV).
I: Constant propagation done on ms7210_ctrl_iic_top_inst/iic_dri/N405 (bmsWIDEINV).
I: Encoding type of FSM 'state_fsm[5:0]' is: onehot.
I: Encoding table of FSM 'state_fsm[5:0]':
I: from  ms7210_ctrl_iic_top_inst/U2_ms7210_ctl/state[5] ms7210_ctrl_iic_top_inst/U2_ms7210_ctl/state[4] ms7210_ctrl_iic_top_inst/U2_ms7210_ctl/state[3] ms7210_ctrl_iic_top_inst/U2_ms7210_ctl/state[2] ms7210_ctrl_iic_top_inst/U2_ms7210_ctl/state[1] ms7210_ctrl_iic_top_inst/U2_ms7210_ctl/state[0]
I: to  ms7210_ctrl_iic_top_inst/U2_ms7210_ctl/state_reg[5] ms7210_ctrl_iic_top_inst/U2_ms7210_ctl/state_reg[4] ms7210_ctrl_iic_top_inst/U2_ms7210_ctl/state_reg[3] ms7210_ctrl_iic_top_inst/U2_ms7210_ctl/state_reg[2] ms7210_ctrl_iic_top_inst/U2_ms7210_ctl/state_reg[1] ms7210_ctrl_iic_top_inst/U2_ms7210_ctl/state_reg[0]
I: 000001 => 000001
I: 000010 => 000010
I: 000100 => 000100
I: 001000 => 001000
I: 010000 => 010000
I: 100000 => 100000
I: Encoding type of FSM 'state_fsm[2:0]' is: onehot.
I: Encoding table of FSM 'state_fsm[2:0]':
I: from  ms7210_ctrl_iic_top_inst/iic_dri/state[2] ms7210_ctrl_iic_top_inst/iic_dri/state[1] ms7210_ctrl_iic_top_inst/iic_dri/state[0]
I: to  ms7210_ctrl_iic_top_inst/iic_dri/state_reg[6] ms7210_ctrl_iic_top_inst/iic_dri/state_reg[5] ms7210_ctrl_iic_top_inst/iic_dri/state_reg[4] ms7210_ctrl_iic_top_inst/iic_dri/state_reg[3] ms7210_ctrl_iic_top_inst/iic_dri/state_reg[2] ms7210_ctrl_iic_top_inst/iic_dri/state_reg[1] ms7210_ctrl_iic_top_inst/iic_dri/state_reg[0]
I: 000 => 0000001
I: 001 => 0000010
I: 010 => 0000100
I: 011 => 0001000
I: 100 => 0010000
I: 101 => 0100000
I: 110 => 1000000
W: Removed bmsWIDEDFFRSE inst cmd_iic[23:0] at 0 that is stuck at constant 0.
W: Removed bmsWIDEDFFRSE inst addr[15:0] at 12 that is stuck at constant 0.
Executing : pre-mapping successfully. Time elapsed: 0.073s wall, 0.031s user + 0.000s system = 0.031s CPU (43.1%)

Start mod-gen.
W: Removed bmsWIDEDFFRSE inst rstn_1ms[15:0] at 14 that is stuck at constant 0.
W: Removed bmsWIDEDFFRSE inst ms7210_ctrl_iic_top_inst/iic_dri/fre_cnt[20:0] at 5 that is stuck at constant 0.
W: Removed bmsWIDEDFFRSE inst ms7210_ctrl_iic_top_inst/iic_dri/twr_cnt[26:0] at 4 that is stuck at constant 0.
W: Removed bmsWIDEDFFCPE inst vga_ctrl_inst/cnt_h[11:0] at 10 that is stuck at constant 0.
W: Removed bmsWIDEDFFCPE inst vga_ctrl_inst/cnt_v[11:0] at 10 that is stuck at constant 0.
W: Removed bmsWIDEDFFRSE inst ms7210_ctrl_iic_top_inst/iic_dri/trans_byte_max[3:0] at 3 that is stuck at constant 0.
W: Removed bmsWIDEDFFRSE inst ms7210_ctrl_iic_top_inst/iic_dri/trans_byte_max[3:0] at 1 that is stuck at constant 0.
Executing : mod-gen successfully. Time elapsed: 0.132s wall, 0.109s user + 0.016s system = 0.125s CPU (94.4%)

Start logic-optimization.
Executing : logic-optimization successfully. Time elapsed: 0.378s wall, 0.203s user + 0.062s system = 0.266s CPU (70.2%)

Start tech-mapping phase 1.
W: Public-4008: Instance 'vga_ctrl_inst/cnt_h[10]' of 'bmsWIDEDFFCPE' unit is dangling and will be cleaned.
W: Public-4008: Instance 'vga_ctrl_inst/cnt_h[11]' of 'bmsWIDEDFFCPE' unit is dangling and will be cleaned.
W: Public-4008: Instance 'vga_ctrl_inst/cnt_v[10]' of 'bmsWIDEDFFCPE' unit is dangling and will be cleaned.
W: Public-4008: Instance 'vga_ctrl_inst/cnt_v[11]' of 'bmsWIDEDFFCPE' unit is dangling and will be cleaned.
W: Public-4008: Instance 'rstn_1ms[14]' of 'bmsWIDEDFFRSE' unit is dangling and will be cleaned.
W: Public-4008: Instance 'rstn_1ms[15]' of 'bmsWIDEDFFRSE' unit is dangling and will be cleaned.
W: Public-4008: Instance 'ms7210_ctrl_iic_top_inst/U2_ms7210_ctl/addr[12]' of 'bmsWIDEDFFRSE' unit is dangling and will be cleaned.
W: Public-4008: Instance 'ms7210_ctrl_iic_top_inst/U2_ms7210_ctl/addr[13]' of 'bmsWIDEDFFRSE' unit is dangling and will be cleaned.
W: Public-4008: Instance 'ms7210_ctrl_iic_top_inst/U2_ms7210_ctl/addr[14]' of 'bmsWIDEDFFRSE' unit is dangling and will be cleaned.
W: Public-4008: Instance 'ms7210_ctrl_iic_top_inst/U2_ms7210_ctl/addr[15]' of 'bmsWIDEDFFRSE' unit is dangling and will be cleaned.
W: Public-4008: Instance 'ms7210_ctrl_iic_top_inst/iic_dri/fre_cnt[5]' of 'bmsWIDEDFFRSE' unit is dangling and will be cleaned.
W: Public-4008: Instance 'ms7210_ctrl_iic_top_inst/iic_dri/fre_cnt[6]' of 'bmsWIDEDFFRSE' unit is dangling and will be cleaned.
W: Public-4008: Instance 'ms7210_ctrl_iic_top_inst/iic_dri/fre_cnt[7]' of 'bmsWIDEDFFRSE' unit is dangling and will be cleaned.
W: Public-4008: Instance 'ms7210_ctrl_iic_top_inst/iic_dri/fre_cnt[8]' of 'bmsWIDEDFFRSE' unit is dangling and will be cleaned.
W: Public-4008: Instance 'ms7210_ctrl_iic_top_inst/iic_dri/fre_cnt[9]' of 'bmsWIDEDFFRSE' unit is dangling and will be cleaned.
W: Public-4008: Instance 'ms7210_ctrl_iic_top_inst/iic_dri/fre_cnt[10]' of 'bmsWIDEDFFRSE' unit is dangling and will be cleaned.
W: Public-4008: Instance 'ms7210_ctrl_iic_top_inst/iic_dri/fre_cnt[11]' of 'bmsWIDEDFFRSE' unit is dangling and will be cleaned.
W: Public-4008: Instance 'ms7210_ctrl_iic_top_inst/iic_dri/fre_cnt[12]' of 'bmsWIDEDFFRSE' unit is dangling and will be cleaned.
W: Public-4008: Instance 'ms7210_ctrl_iic_top_inst/iic_dri/fre_cnt[13]' of 'bmsWIDEDFFRSE' unit is dangling and will be cleaned.
W: Public-4008: Instance 'ms7210_ctrl_iic_top_inst/iic_dri/fre_cnt[14]' of 'bmsWIDEDFFRSE' unit is dangling and will be cleaned.
W: Public-4008: Instance 'ms7210_ctrl_iic_top_inst/iic_dri/fre_cnt[15]' of 'bmsWIDEDFFRSE' unit is dangling and will be cleaned.
W: Public-4008: Instance 'ms7210_ctrl_iic_top_inst/iic_dri/fre_cnt[16]' of 'bmsWIDEDFFRSE' unit is dangling and will be cleaned.
W: Public-4008: Instance 'ms7210_ctrl_iic_top_inst/iic_dri/fre_cnt[17]' of 'bmsWIDEDFFRSE' unit is dangling and will be cleaned.
W: Public-4008: Instance 'ms7210_ctrl_iic_top_inst/iic_dri/fre_cnt[18]' of 'bmsWIDEDFFRSE' unit is dangling and will be cleaned.
W: Public-4008: Instance 'ms7210_ctrl_iic_top_inst/iic_dri/fre_cnt[19]' of 'bmsWIDEDFFRSE' unit is dangling and will be cleaned.
W: Public-4008: Instance 'ms7210_ctrl_iic_top_inst/iic_dri/fre_cnt[20]' of 'bmsWIDEDFFRSE' unit is dangling and will be cleaned.
W: Public-4008: Instance 'ms7210_ctrl_iic_top_inst/iic_dri/trans_byte_max[1]' of 'bmsWIDEDFFRSE' unit is dangling and will be cleaned.
W: Public-4008: Instance 'ms7210_ctrl_iic_top_inst/iic_dri/trans_byte_max[3]' of 'bmsWIDEDFFRSE' unit is dangling and will be cleaned.
W: Public-4008: Instance 'ms7210_ctrl_iic_top_inst/iic_dri/twr_cnt[4]' of 'bmsWIDEDFFRSE' unit is dangling and will be cleaned.
W: Public-4008: Instance 'ms7210_ctrl_iic_top_inst/iic_dri/twr_cnt[5]' of 'bmsWIDEDFFRSE' unit is dangling and will be cleaned.
W: Public-4008: Instance 'ms7210_ctrl_iic_top_inst/iic_dri/twr_cnt[6]' of 'bmsWIDEDFFRSE' unit is dangling and will be cleaned.
W: Public-4008: Instance 'ms7210_ctrl_iic_top_inst/iic_dri/twr_cnt[7]' of 'bmsWIDEDFFRSE' unit is dangling and will be cleaned.
W: Public-4008: Instance 'ms7210_ctrl_iic_top_inst/iic_dri/twr_cnt[8]' of 'bmsWIDEDFFRSE' unit is dangling and will be cleaned.
W: Public-4008: Instance 'ms7210_ctrl_iic_top_inst/iic_dri/twr_cnt[9]' of 'bmsWIDEDFFRSE' unit is dangling and will be cleaned.
W: Public-4008: Instance 'ms7210_ctrl_iic_top_inst/iic_dri/twr_cnt[10]' of 'bmsWIDEDFFRSE' unit is dangling and will be cleaned.
W: Public-4008: Instance 'ms7210_ctrl_iic_top_inst/iic_dri/twr_cnt[11]' of 'bmsWIDEDFFRSE' unit is dangling and will be cleaned.
W: Public-4008: Instance 'ms7210_ctrl_iic_top_inst/iic_dri/twr_cnt[12]' of 'bmsWIDEDFFRSE' unit is dangling and will be cleaned.
W: Public-4008: Instance 'ms7210_ctrl_iic_top_inst/iic_dri/twr_cnt[13]' of 'bmsWIDEDFFRSE' unit is dangling and will be cleaned.
W: Public-4008: Instance 'ms7210_ctrl_iic_top_inst/iic_dri/twr_cnt[14]' of 'bmsWIDEDFFRSE' unit is dangling and will be cleaned.
W: Public-4008: Instance 'ms7210_ctrl_iic_top_inst/iic_dri/twr_cnt[15]' of 'bmsWIDEDFFRSE' unit is dangling and will be cleaned.
W: Public-4008: Instance 'ms7210_ctrl_iic_top_inst/iic_dri/twr_cnt[16]' of 'bmsWIDEDFFRSE' unit is dangling and will be cleaned.
W: Public-4008: Instance 'ms7210_ctrl_iic_top_inst/iic_dri/twr_cnt[17]' of 'bmsWIDEDFFRSE' unit is dangling and will be cleaned.
W: Public-4008: Instance 'ms7210_ctrl_iic_top_inst/iic_dri/twr_cnt[18]' of 'bmsWIDEDFFRSE' unit is dangling and will be cleaned.
W: Public-4008: Instance 'ms7210_ctrl_iic_top_inst/iic_dri/twr_cnt[19]' of 'bmsWIDEDFFRSE' unit is dangling and will be cleaned.
W: Public-4008: Instance 'ms7210_ctrl_iic_top_inst/iic_dri/twr_cnt[20]' of 'bmsWIDEDFFRSE' unit is dangling and will be cleaned.
W: Public-4008: Instance 'ms7210_ctrl_iic_top_inst/iic_dri/twr_cnt[21]' of 'bmsWIDEDFFRSE' unit is dangling and will be cleaned.
W: Public-4008: Instance 'ms7210_ctrl_iic_top_inst/iic_dri/twr_cnt[22]' of 'bmsWIDEDFFRSE' unit is dangling and will be cleaned.
W: Public-4008: Instance 'ms7210_ctrl_iic_top_inst/iic_dri/twr_cnt[23]' of 'bmsWIDEDFFRSE' unit is dangling and will be cleaned.
W: Public-4008: Instance 'ms7210_ctrl_iic_top_inst/iic_dri/twr_cnt[24]' of 'bmsWIDEDFFRSE' unit is dangling and will be cleaned.
W: Public-4008: Instance 'ms7210_ctrl_iic_top_inst/iic_dri/twr_cnt[25]' of 'bmsWIDEDFFRSE' unit is dangling and will be cleaned.
W: Public-4008: Instance 'ms7210_ctrl_iic_top_inst/iic_dri/twr_cnt[26]' of 'bmsWIDEDFFRSE' unit is dangling and will be cleaned.
W: Public-4008: Instance 'vga_pic_inst/pix_data[2]' of 'bmsWIDEDFFCPE' unit is dangling and will be cleaned.
W: Public-4008: Instance 'vga_pic_inst/pix_data[3]' of 'bmsWIDEDFFCPE' unit is dangling and will be cleaned.
W: Public-4008: Instance 'vga_pic_inst/pix_data[4]' of 'bmsWIDEDFFCPE' unit is dangling and will be cleaned.
W: Public-4008: Instance 'vga_pic_inst/pix_data[6]' of 'bmsWIDEDFFCPE' unit is dangling and will be cleaned.
W: Public-4008: Instance 'vga_pic_inst/pix_data[8]' of 'bmsWIDEDFFCPE' unit is dangling and will be cleaned.
W: Public-4008: Instance 'vga_pic_inst/pix_data[9]' of 'bmsWIDEDFFCPE' unit is dangling and will be cleaned.
W: Public-4008: Instance 'vga_pic_inst/pix_data[13]' of 'bmsWIDEDFFCPE' unit is dangling and will be cleaned.
W: Public-4008: Instance 'vga_pic_inst/pix_data[14]' of 'bmsWIDEDFFCPE' unit is dangling and will be cleaned.
W: Public-4008: Instance 'vga_pic_inst/pix_data[15]' of 'bmsWIDEDFFCPE' unit is dangling and will be cleaned.
Executing : tech-mapping phase 1 successfully. Time elapsed: 0.029s wall, 0.000s user + 0.000s system = 0.000s CPU (n/a%)

Start tech-mapping phase 2.
Executing : tech-mapping phase 2 successfully. Time elapsed: 0.325s wall, 0.250s user + 0.000s system = 0.250s CPU (77.0%)

Start tech-optimization.
Executing : tech-optimization successfully. Time elapsed: 0.075s wall, 0.031s user + 0.000s system = 0.031s CPU (41.4%)

Start phys-optimization.
Executing : phys-optimization successfully. Time elapsed: 0.000s wall, 0.000s user + 0.000s system = 0.000s CPU (n/a%)

Start restore-hierarchy.
Executing : restore-hierarchy successfully. Time elapsed: 0.019s wall, 0.016s user + 0.000s system = 0.016s CPU (83.4%)

W: prevent name conflict by renaming net ms7210_ctrl_iic_top_inst/sda_out to ms7210_ctrl_iic_top_inst/sda_out_rnmt
W: prevent name conflict by renaming net ms7210_ctrl_iic_top_inst/iic_dri/N80 to ms7210_ctrl_iic_top_inst/iic_dri/N80_rnmt

Cell Usage:
GTP_DFF                      10 uses
GTP_DFF_C                    18 uses
GTP_DFF_CE                   10 uses
GTP_DFF_E                    22 uses
GTP_DFF_R                    58 uses
GTP_DFF_RE                   47 uses
GTP_DFF_S                     2 uses
GTP_DFF_SE                    1 use
GTP_DRM18K_E1                 1 use
GTP_GPLL                      1 use
GTP_GRS                       1 use
GTP_INV                       4 uses
GTP_LUT1                      2 uses
GTP_LUT2                      8 uses
GTP_LUT3                      3 uses
GTP_LUT4                      8 uses
GTP_LUT5                     31 uses
GTP_LUT6                     67 uses
GTP_LUT6CARRY                61 uses
GTP_LUT6D                    37 uses
GTP_MUX2LUT7                  1 use

I/O ports: 34
GTP_INBUF                   2 uses
GTP_IOBUF                   1 use
GTP_OUTBUF                 31 uses

Mapping Summary:
Total LUTs: 217 of 66600 (0.33%)
	LUTs as dram: 0 of 19900 (0.00%)
	LUTs as logic: 217
Total Registers: 168 of 133200 (0.13%)
Total Latches: 0

DRM36K/FIFO:
Total DRM = 0.5 of 155 (0.32%)

APMs:
Total APMs = 0.00 of 240 (0.00%)

Total I/O ports = 34 of 300 (11.33%)


Overview of Control Sets:

Number of unique control sets : 21

Histogram:
**************************************************************
  Fanout      | Count    | Sync Set/Reset    Async Set/Reset
--------------------------------------------------------------
  [0, 2)      | 4        | 3                 1
  [2, 4)      | 2        | 2                 0
  [4, 6)      | 4        | 4                 0
  [6, 8)      | 2        | 2                 0
  [8, 10)     | 2        | 2                 0
  [10, 12)    | 2        | 1                 1
  [12, 14)    | 0        | 0                 0
  [14, 16)    | 1        | 1                 0
  [16, Inf)   | 4        | 3                 1
--------------------------------------------------------------
  The maximum fanout: 22
==============================================================

Flip-Flop Distribution:
************************************************************************
  Clock Enable    Sync Set/Reset    Async Set/Reset    Total Registers
------------------------------------------------------------------------
  NO              NO                NO                 10
  NO              NO                YES                18
  NO              YES               NO                 60
  YES             NO                NO                 22
  YES             NO                YES                10
  YES             YES               NO                 48
========================================================================

Latch Distribution:
************************************************
  Gate Enable    Preset/Clear    Total Latches
************************************************
  NO             NO              0
  NO             YES             0
  YES            NO              0
  YES            YES             0
************************************************

Design 'hdmi_top' has been successfully synthesized to architecture-specific objects.
Saving design to DB.
I: Adm-6003: Trying to disconnect un-connected pin 'Z[0]' of instance 'ND3[6]'.
I: Adm-6003: Trying to disconnect un-connected pin 'Z[0]' of instance 'ND3[7]'.
I: Adm-6003: Trying to disconnect un-connected pin 'Z[0]' of instance 'ND4'.
I: Adm-6003: Trying to disconnect un-connected pin 'Z[0]' of instance 'ND5'.
I: Adm-6003: Trying to disconnect un-connected pin 'Z[0]' of instance 'ND6'.
I: Adm-6003: Trying to disconnect un-connected pin 'Z[0]' of instance 'ND7'.
I: Adm-6003: Trying to disconnect un-connected pin 'Z[0]' of instance 'ND2[0]'.
I: Adm-6003: Trying to disconnect un-connected pin 'Z[0]' of instance 'ND2[1]'.
I: Adm-6003: Trying to disconnect un-connected pin 'Z[0]' of instance 'ND2[2]'.
I: Adm-6003: Trying to disconnect un-connected pin 'Z[0]' of instance 'ND2[3]'.
I: Adm-6003: Trying to disconnect un-connected pin 'Z[0]' of instance 'ND2[4]'.
I: Adm-6003: Trying to disconnect un-connected pin 'Z[0]' of instance 'ND2[5]'.
I: Adm-6003: Trying to disconnect un-connected pin 'Z[0]' of instance 'ND2[6]'.
I: Adm-6003: Trying to disconnect un-connected pin 'Z[0]' of instance 'ND2[7]'.
I: Adm-6003: Trying to disconnect un-connected pin 'Z[0]' of instance 'ND2[8]'.
I: Adm-6003: Trying to disconnect un-connected pin 'Z[0]' of instance 'ND2[9]'.
I: Adm-6003: Trying to disconnect un-connected pin 'Z[0]' of instance 'ND2[10]'.
I: Adm-6003: Trying to disconnect un-connected pin 'Z[0]' of instance 'ND2[11]'.
I: Adm-6003: Trying to disconnect un-connected pin 'Z[0]' of instance 'ND2[12]'.
I: Adm-6003: Trying to disconnect un-connected pin 'Z[0]' of instance 'ND2[13]'.
I: Adm-6003: Trying to disconnect un-connected pin 'Z[0]' of instance 'ND2[14]'.
I: Adm-6003: Trying to disconnect un-connected pin 'Z[0]' of instance 'ND2[15]'.
I: Adm-6003: Trying to disconnect un-connected pin 'Z[0]' of instance 'ND3[0]'.
I: Adm-6003: Trying to disconnect un-connected pin 'Z[0]' of instance 'ND3[1]'.
I: Adm-6003: Trying to disconnect un-connected pin 'Z[0]' of instance 'ND3[2]'.
I: Adm-6003: Trying to disconnect un-connected pin 'Z[0]' of instance 'ND3[3]'.
I: Adm-6003: Trying to disconnect un-connected pin 'Z[0]' of instance 'ND3[4]'.
I: Adm-6003: Trying to disconnect un-connected pin 'Z[0]' of instance 'ND3[5]'.
I: Adm-6003: Trying to disconnect un-connected pin 'Z[0]' of instance 'ND18'.
Saving design to hdmi_top_syn.vm
Constructing timing graph ...
Timing graph has been constructed successfully
W: Timing-4086: Port 'hd_sda' is not constrained, it is treated as combinational input.
W: Timing-4087: Port 'hd_sda' is not constrained, it is treated as combinational output.
W: Timing-4087: Port 'b_out[0]' is not constrained, it is treated as combinational output.
W: Timing-4087: Port 'b_out[1]' is not constrained, it is treated as combinational output.
W: Timing-4087: Port 'b_out[2]' is not constrained, it is treated as combinational output.
W: Timing-4087: Port 'b_out[3]' is not constrained, it is treated as combinational output.
W: Timing-4087: Port 'b_out[4]' is not constrained, it is treated as combinational output.
W: Timing-4087: Port 'b_out[5]' is not constrained, it is treated as combinational output.
W: Timing-4087: Port 'b_out[6]' is not constrained, it is treated as combinational output.
W: Timing-4087: Port 'b_out[7]' is not constrained, it is treated as combinational output.
W: Timing-4087: Port 'de_out' is not constrained, it is treated as combinational output.
W: Timing-4087: Port 'g_out[0]' is not constrained, it is treated as combinational output.
W: Timing-4087: Port 'g_out[1]' is not constrained, it is treated as combinational output.
W: Timing-4087: Port 'g_out[2]' is not constrained, it is treated as combinational output.
W: Timing-4087: Port 'g_out[3]' is not constrained, it is treated as combinational output.
W: Timing-4087: Port 'g_out[4]' is not constrained, it is treated as combinational output.
W: Timing-4087: Port 'g_out[5]' is not constrained, it is treated as combinational output.
W: Timing-4087: Port 'g_out[6]' is not constrained, it is treated as combinational output.
W: Timing-4087: Port 'g_out[7]' is not constrained, it is treated as combinational output.
W: Timing-4087: Port 'hd_scl' is not constrained, it is treated as combinational output.
W: Timing-4087: Port 'hs_out' is not constrained, it is treated as combinational output.
W: Timing-4087: Port 'led_int' is not constrained, it is treated as combinational output.
W: Timing-4087: Port 'pixclk_out' is not constrained, it is treated as combinational output.
W: Timing-4087: Port 'r_out[0]' is not constrained, it is treated as combinational output.
W: Timing-4087: Port 'r_out[1]' is not constrained, it is treated as combinational output.
W: Timing-4087: Port 'r_out[2]' is not constrained, it is treated as combinational output.
W: Timing-4087: Port 'r_out[3]' is not constrained, it is treated as combinational output.
W: Timing-4087: Port 'r_out[4]' is not constrained, it is treated as combinational output.
W: Timing-4087: Port 'r_out[5]' is not constrained, it is treated as combinational output.
W: Timing-4087: Port 'r_out[6]' is not constrained, it is treated as combinational output.
W: Timing-4087: Port 'r_out[7]' is not constrained, it is treated as combinational output.
W: Timing-4087: Port 'rstn_out' is not constrained, it is treated as combinational output.
W: Timing-4087: Port 'vs_out' is not constrained, it is treated as combinational output.
W: Timing-4086: Port 'rstn_in' is not constrained, it is treated as combinational input.
Action synthesize: Real time elapsed is 0h:0m:10s
Action synthesize: CPU time elapsed is 0h:0m:7s
Action synthesize: Process CPU time elapsed is 0h:0m:7s
Current time: Tue May 13 20:44:40 2025
Action synthesize: Peak memory pool usage is 329 MB
