IP Generator (Version 2022.2-SP6.4 build 146967)
Check out license ...
Start generating at 2025-03-30 14:14
Instance: remote_update_wr_fifo (C:\_Project\Pangu\Project\axi_udp_ddr_jtag_test\ipcore\remote_update_wr_fifo\remote_update_wr_fifo.idf)
IP: Pango DRM Based FIFO (1.10)
Part: Logos2-PG2L100H-FBG676--6
Create directory 'rtl' ...
Copy 'rtl\ipm2l_fifo_ctrl_v1_1.v.xml' to 'rtl' ...
Copy 'rtl\ipm2l_fifo_v1_10.v.xml' to 'rtl' ...
Copy 'rtl\ipm2l_sdpram_v1_10.v.xml' to 'rtl' ...
Compile file 'rtl\ipm2l_sdpram_v1_10.v.xml' to 'rtl\ipm2l_sdpram_v1_10_remote_update_wr_fifo.v' ...
Compile file 'rtl\ipm2l_fifo_v1_10.v.xml' to 'rtl\ipm2l_fifo_v1_10_remote_update_wr_fifo.v' ...
Compile file 'rtl\ipm2l_fifo_ctrl_v1_1.v.xml' to 'rtl\ipm2l_fifo_ctrl_v1_1_remote_update_wr_fifo.v' ...
Copy 'ipm2l_fifo_wrapper_v1_10.v.xml' ...
Compile file 'ipm2l_fifo_wrapper_v1_10.v.xml' to 'remote_update_wr_fifo.v' ...
Found top module 'remote_update_wr_fifo' in file 'remote_update_wr_fifo.v'.
Copy 'ipm2l_fifo_wrapper_v1_0_tb.v.xml' ...
Compile file 'ipm2l_fifo_wrapper_v1_0_tb.v.xml' to 'remote_update_wr_fifo_tb.v' ...
Run file 'creatResetValue.tcl' ...
Create template file 'remote_update_wr_fifo_tmpl.v' ...
Create template file 'remote_update_wr_fifo_tmpl.vhdl' ...
There are 4 source files to synthesize.
Synthesis is disabled.
Done: 0 error(s), 0 warning(s)
