IP Generator (Version 2022.2-SP6.4 build 146967)
Check out license ...
Start generating at 2025-04-24 17:48
Instance: jtag_fifo_shift_data (C:\_Project\Pangu\IPCORE\JTAG\jtag_fifo_shift_data\jtag_fifo_shift_data.idf)
IP: Pango DRM Based FIFO (1.10)
Part: Logos2-PG2L100H-FBG676--6
Create directory 'rtl' ...
Copy 'rtl\ipm2l_fifo_ctrl_v1_1.v.xml' to 'rtl' ...
Copy 'rtl\ipm2l_fifo_v1_10.v.xml' to 'rtl' ...
Copy 'rtl\ipm2l_sdpram_v1_10.v.xml' to 'rtl' ...
Compile file 'rtl\ipm2l_sdpram_v1_10.v.xml' to 'rtl\ipm2l_sdpram_v1_10_jtag_fifo_shift_data.v' ...
Compile file 'rtl\ipm2l_fifo_v1_10.v.xml' to 'rtl\ipm2l_fifo_v1_10_jtag_fifo_shift_data.v' ...
Compile file 'rtl\ipm2l_fifo_ctrl_v1_1.v.xml' to 'rtl\ipm2l_fifo_ctrl_v1_1_jtag_fifo_shift_data.v' ...
Copy 'ipm2l_fifo_wrapper_v1_10.v.xml' ...
Compile file 'ipm2l_fifo_wrapper_v1_10.v.xml' to 'jtag_fifo_shift_data.v' ...
Found top module 'jtag_fifo_shift_data' in file 'jtag_fifo_shift_data.v'.
Copy 'ipm2l_fifo_wrapper_v1_0_tb.v.xml' ...
Compile file 'ipm2l_fifo_wrapper_v1_0_tb.v.xml' to 'jtag_fifo_shift_data_tb.v' ...
Run file 'creatResetValue.tcl' ...
Create template file 'jtag_fifo_shift_data_tmpl.v' ...
Create template file 'jtag_fifo_shift_data_tmpl.vhdl' ...
There are 4 source files to synthesize.
Synthesis is disabled.
Done: 0 error(s), 0 warning(s)
