#Build: Fabric Compiler 2022.2-SP6.4, Build 146967, Jan 31 01:39 2024
#Install: C:\pango\PDS_2022.2-SP6.4\bin
#Application name: pds_shell.exe
#OS: Windows 10 10.0.22631
#Hostname: DESKTOP-FLDUJ87
Generated by Fabric Compiler (version 2022.2-SP6.4 build 146967) at Wed Aug 20 11:14:12 2025
Compiling verification operator library.
Compiling common defs.
Loading technology operator library.
Compiling technology operator library.
Compiling technology operator (valence) library.
Compiling operator packing rules.
Compiling prim grid devices.
Compiling gate devices.
Compiling gate operators.
Compiling tech operator impls.
Building architecture model.
Loading device packaging model.
C: SDC-2025: Clock source 'n:pulse_gen_inst/pulse' need a clock constraint, please use 'create_clock' or 'create_generate_clock' to generate.
C: SDC-2025: Clock source 'n:pulse_gen_inst/pulse_delay' need a clock constraint, please use 'create_clock' or 'create_generate_clock' to generate.
Flattening design 'frequency_meter'
Device mapping started.
Optimizing circuit logic.
Checking design netlist.
Processing tech operator.
I: The instance clkbufg_0(GTP_CLKBUFG) has been inserted on the net nt_clk in design, driver pin O(instance clk_ibuf) -> load pin CLK(instance cymometer_inst/N57_m2).
I: The instance clkbufg_1(GTP_CLKBUFG) has been inserted on the net nt_ad_clk in design, driver pin CLKOUT0(instance PLLinst/u_gpll) -> load pin CLK(instance pulse_gen_inst/pulse).
Converting tech operator to gate operator.
Processing gate operator.
I: Infer CARRY group, base inst: cymometer_inst/N10_1_1/gateop, insts:10.
I: Infer CARRY group, base inst: cymometer_inst/N33_1_1/gateop, insts:29.
I: Infer CARRY group, base inst: cymometer_inst/N44_1_1/gateop, insts:29.
I: Infer CARRY group, base inst: cymometer_inst/N64_sub0.faddsub_1/gateop, insts:31.
I: Infer CARRY group, base inst: cymometer_inst/N64_sub1.faddsub_1/gateop, insts:31.
I: Infer CARRY group, base inst: cymometer_inst/N64_sub2.faddsub_1/gateop, insts:31.
I: Infer CARRY group, base inst: cymometer_inst/N64_sub3.faddsub_1/gateop, insts:31.
I: Infer CARRY group, base inst: cymometer_inst/N64_sub4.faddsub_1/gateop, insts:31.
I: Infer CARRY group, base inst: cymometer_inst/N64_sub5.faddsub_1/gateop, insts:31.
I: Infer CARRY group, base inst: cymometer_inst/N64_sub6.faddsub_1/gateop, insts:31.
I: Infer CARRY group, base inst: cymometer_inst/N64_sub7.faddsub_1/gateop, insts:31.
I: Infer CARRY group, base inst: cymometer_inst/N64_sub8.faddsub_1/gateop, insts:31.
I: Infer CARRY group, base inst: cymometer_inst/N64_sub9.faddsub_1/gateop, insts:31.
I: Infer CARRY group, base inst: cymometer_inst/N64_sub10.faddsub_1/gateop, insts:31.
I: Infer CARRY group, base inst: cymometer_inst/N64_sub11.faddsub_1/gateop, insts:31.
I: Infer CARRY group, base inst: cymometer_inst/N64_sub12.faddsub_1/gateop, insts:31.
I: Infer CARRY group, base inst: cymometer_inst/N64_sub13.faddsub_1/gateop, insts:31.
I: Infer CARRY group, base inst: cymometer_inst/N64_sub14.faddsub_1/gateop, insts:31.
I: Infer CARRY group, base inst: cymometer_inst/N64_sub15.faddsub_1/gateop, insts:31.
I: Infer CARRY group, base inst: cymometer_inst/N64_sub16.faddsub_1/gateop, insts:31.
I: Infer CARRY group, base inst: cymometer_inst/N64_sub17.faddsub_1/gateop, insts:31.
I: Infer CARRY group, base inst: cymometer_inst/N64_sub18.faddsub_1/gateop, insts:31.
I: Infer CARRY group, base inst: cymometer_inst/N64_sub19.faddsub_1/gateop, insts:31.
I: Infer CARRY group, base inst: cymometer_inst/N64_sub20.faddsub_1/gateop, insts:31.
I: Infer CARRY group, base inst: cymometer_inst/N64_sub21.faddsub_1/gateop, insts:31.
I: Infer CARRY group, base inst: cymometer_inst/N64_sub22.faddsub_1/gateop, insts:31.
I: Infer CARRY group, base inst: cymometer_inst/N64_sub23.faddsub_1/gateop, insts:31.
I: Infer CARRY group, base inst: cymometer_inst/N64_sub24.faddsub_1/gateop, insts:31.
I: Infer CARRY group, base inst: cymometer_inst/N64_sub25.faddsub_1/gateop, insts:31.
I: Infer CARRY group, base inst: cymometer_inst/N64_sub26.faddsub_1/gateop, insts:31.
I: Infer CARRY group, base inst: cymometer_inst/N64_sub27.faddsub_1/gateop, insts:31.
I: Infer CARRY group, base inst: cymometer_inst/N64_sub28.faddsub_1/gateop, insts:31.
I: Infer CARRY group, base inst: cymometer_inst/N64_sub29.faddsub_1/gateop, insts:31.
I: Infer CARRY group, base inst: cymometer_inst/N64_sub30.faddsub_1/gateop, insts:31.
I: Infer CARRY group, base inst: cymometer_inst/N64_sub31.faddsub_1/gateop, insts:31.
I: Infer CARRY group, base inst: cymometer_inst/N64_sub32.faddsub_1/gateop, insts:31.
I: Infer CARRY group, base inst: cymometer_inst/N64_sub33.faddsub_1/gateop, insts:31.
I: Infer CARRY group, base inst: cymometer_inst/N64_sub34.faddsub_1/gateop, insts:31.
I: Infer CARRY group, base inst: cymometer_inst/N64_sub35.faddsub_1/gateop, insts:31.
I: Infer CARRY group, base inst: cymometer_inst/N64_sub36.faddsub_1/gateop, insts:31.
I: Infer CARRY group, base inst: cymometer_inst/N64_sub37.faddsub_1/gateop, insts:31.
I: Infer CARRY group, base inst: cymometer_inst/N64_sub38.faddsub_1/gateop, insts:31.
I: Infer CARRY group, base inst: cymometer_inst/N64_sub39.faddsub_1/gateop, insts:31.
I: Infer CARRY group, base inst: cymometer_inst/N64_sub40.faddsub_1/gateop, insts:31.
I: Infer CARRY group, base inst: cymometer_inst/N64_sub41.faddsub_1/gateop, insts:31.
I: Infer CARRY group, base inst: cymometer_inst/N64_sub42.faddsub_1/gateop, insts:31.
I: Infer CARRY group, base inst: cymometer_inst/N64_sub43.faddsub_1/gateop, insts:31.
I: Infer CARRY group, base inst: cymometer_inst/N64_sub44.faddsub_1/gateop, insts:31.
I: Infer CARRY group, base inst: cymometer_inst/N64_sub45.faddsub_1/gateop, insts:31.
I: Infer CARRY group, base inst: cymometer_inst/N64_sub46.faddsub_1/gateop, insts:31.
I: Infer CARRY group, base inst: cymometer_inst/N64_sub47.faddsub_1/gateop, insts:31.
I: Infer CARRY group, base inst: cymometer_inst/N64_sub48.faddsub_1/gateop, insts:31.
I: Infer CARRY group, base inst: cymometer_inst/N64_sub49.faddsub_1/gateop, insts:31.
I: Infer CARRY group, base inst: cymometer_inst/N64_sub50.faddsub_1/gateop, insts:31.
I: Infer CARRY group, base inst: cymometer_inst/N64_sub51.faddsub_1/gateop, insts:31.
I: Infer CARRY group, base inst: cymometer_inst/N64_sub52.faddsub_1/gateop, insts:31.
I: Infer CARRY group, base inst: cymometer_inst/N64_sub53.faddsub_1/gateop, insts:31.
I: Infer CARRY group, base inst: cymometer_inst/N64_sub54.faddsub_1/gateop, insts:31.
I: Infer CARRY group, base inst: cymometer_inst/N64_sub55.faddsub_1/gateop, insts:31.
I: Infer CARRY group, base inst: cymometer_inst/N64_sub56.faddsub_1/gateop, insts:31.
I: Infer CARRY group, base inst: cymometer_inst/N64_sub57.faddsub_1/gateop, insts:31.
I: Infer CARRY group, base inst: cymometer_inst/N64_sub58.faddsub_2/gateop, insts:30.
I: Infer CARRY group, base inst: led_display_seg_ctrl_inst/N6_1_1/gateop, insts:15.
I: Infer APM group, base inst: cymometer_inst/N57_m1/gopapm, insts:2.
Device Utilization Summary:
+------------------------------------------------------------------------+
| Logic Utilization     | Used     | Available     | Utilization(%)     
+------------------------------------------------------------------------+
| APM                   | 2        | 240           | 1                  
| FF                    | 241      | 133200        | 1                  
| LUT                   | 2159     | 66600         | 4                  
| Distributed RAM       | 0        | 19900         | 0                  
| DRM                   | 0        | 155           | 0                  
| IO                    | 14       | 300           | 5                  
| RCKB                  | 0        | 24            | 0                  
| SCANCHAIN             | 0        | 1             | 0                  
| USCM                  | 2        | 32            | 7                  
| CCS                   | 1        | 1             | 100                
| ADC                   | 0        | 1             | 0                  
| DDR_PHY               | 0        | 24            | 0                  
| HSSTLP                | 0        | 2             | 0                  
| GPLL                  | 1        | 6             | 17                 
| PPLL                  | 0        | 6             | 0                  
| DDRPHY_CPD            | 0        | 12            | 0                  
| HCKB                  | 0        | 96            | 0                  
| IOCKB                 | 0        | 24            | 0                  
| MRCKB                 | 0        | 12            | 0                  
| PCIE                  | 0        | 1             | 0                  
| DDRPHY_IOCLK_DIV      | 0        | 6             | 0                  
| ANALOG                | 0        | 1             | 0                  
| TSERDES               | 0        | 48            | 0                  
| KEYRAM                | 0        | 1             | 0                  
+------------------------------------------------------------------------+

Device mapping done.
Total device mapping takes 0.17 sec.

Design 'frequency_meter' has been successfully mapped to architecture-specific objects.
Saving design to DB.
W: Public-4010: Pcf file E:/JiChuang_2025/PDS_Project/axi_udp_ddr/pangu_-remote_-lab/examination/13_frequency_meter/prj/frequency_meter/device_map/frequency_meter.pcf has been covered.
Action dev_map: Real time elapsed is 0h:0m:12s
Action dev_map: CPU time elapsed is 0h:0m:9s
Action dev_map: Process CPU time elapsed is 0h:0m:9s
Current time: Wed Aug 20 11:14:23 2025
Action dev_map: Peak memory pool usage is 353 MB
