#Build: Fabric Compiler 2022.2-SP6.4, Build 146967, Jan 31 01:39 2024
#Install: C:\pango\PDS_2022.2-SP6.4\bin
#Application name: pds_shell.exe
#OS: Windows 10 10.0.22631
#Hostname: DESKTOP-FLDUJ87
Generated by Fabric Compiler (version 2022.2-SP6.4 build 146967) at Fri May  9 13:25:49 2025
Compiling verification operator library.
Compiling common defs.
Compiling prim grid devices.
Compiling gate devices.
Compiling gate operators.
Building architecture model.
Loading device packaging model.
Reading design from DB.
Start Generating Programming File...
Reading design from DB takes 0.125000 sec.
Generating architecture configuration.
The bitstream file is "E:/JiChuang_2025/PDS_Project/axi_udp_ddr/LAB/hdmi/prj/hdmi_colorbar/generate_bitstream/hdmi_loop.sbit"
Generate programming file takes 4.562500 sec.
Generating Programming File done.
Action gen_bit_stream: Real time elapsed is 0h:0m:21s
Action gen_bit_stream: CPU time elapsed is 0h:0m:16s
Action gen_bit_stream: Process CPU time elapsed is 0h:0m:16s
Current time: Fri May  9 13:26:09 2025
Action gen_bit_stream: Peak memory pool usage is 1,090 MB
