-------------------------------------------------------------------------------------------------------------------------------------------------------------------
Notes: 
  Total_num: the numbers of add/sub in rtl
  Module Name: the module name of the instantiated module calling directly the add/sub sub module
  Location/Inst Name: if linefile info exists(no optimization), print the codes location of add/sub in rtl, else print the inst name
  Count: the amount of lutcarry for add/sub
  Number: the numbers of add/sub with the same lutcarry counts and linefile

Detailed RTL Component Info :
-----Add :
               Total_Num :4
-----Sub :
               Total_Num :0
-----AddSub :
               Total_Num :0

Add_Sub_AddSub: Initial Mapping Report :
|---------------------------------------|---------|---------|---------|--------------------------------------------------------------|
|Module Name                            |Type     |Count    |Number   |Location/Inst Name                                            |
|---------------------------------------|---------|---------|---------|--------------------------------------------------------------|
|cymometer_inst                         |Add      |30       |1        |../../../rtl/cymometer.v:110                                  |
|---------------------------------------|---------|---------|---------|--------------------------------------------------------------|
|cymometer_inst                         |Add      |30       |1        |../../../rtl/cymometer.v:124                                  |
|---------------------------------------|---------|---------|---------|--------------------------------------------------------------|
|cymometer_inst                         |Add      |11       |1        |../../../rtl/cymometer.v:50                                   |
|---------------------------------------|---------|---------|---------|--------------------------------------------------------------|
|led_display_seg_ctrl_inst              |Add      |16       |1        |../../../rtl/led_display_seg_ctrl.v:26                        |
|---------------------------------------|---------|---------|---------|--------------------------------------------------------------|

-------------------------------------------------------------------------------------------------------------------------------------------------------------------

