#Build: Fabric Compiler 2022.2-SP6.4, Build 146967, Jan 31 01:39 2024
#Install: C:\pango\PDS_2022.2-SP6.4\bin
#Application name: pds_shell.exe
#OS: Windows 10 10.0.22631
#Hostname: DESKTOP-FLDUJ87
Generated by Fabric Compiler (version 2022.2-SP6.4 build 146967) at Mon May 19 14:47:19 2025
License checkout: fabric_ads from C:\license\new_pds_F4A80DA47D72.lic
Compiling verification operator library.
Compiling common defs.
Loading technology operator library.
Compiling technology operator library.
Compiling technology operator (valence) library.
Reading design from compile DB
Reading design from compile DB successfully.
Constraint check start.
Compiling prim grid devices.
Building architecture model.
Loading device packaging model.
Building architecture floorplan logic view.
Constraint check end.

C: SDC-2025: Clock source 'n:clk' need a clock constraint, please use 'create_clock' or 'create_generate_clock' to generate.
Executing : get_ports clk
Executing : get_ports clk successfully.
Executing : create_clock -name frequency_meter|clk [get_ports clk] -period 1000.000 -waveform {0.000 500.000} -add
Executing : create_clock -name frequency_meter|clk [get_ports clk] -period 1000.000 -waveform {0.000 500.000} -add successfully.
Executing : set_clock_groups -name Inferred_clock_group_0 -asynchronous -group frequency_meter|clk
Executing : set_clock_groups -name Inferred_clock_group_0 -asynchronous -group frequency_meter|clk successfully.
C: SDC-2025: Clock source 'n:PLLinst/clkout0' need a clock constraint, please use 'create_clock' or 'create_generate_clock' to generate.
Executing : get_pins PLLinst/u_gpll:CLKOUT0
Executing : get_pins PLLinst/u_gpll:CLKOUT0 successfully.
Executing : create_clock -name PLL|PLLinst/u_gpll/CLKOUT0 [get_pins PLLinst/u_gpll:CLKOUT0] -period 1000.000 -waveform {0.000 500.000} -add
Executing : create_clock -name PLL|PLLinst/u_gpll/CLKOUT0 [get_pins PLLinst/u_gpll:CLKOUT0] -period 1000.000 -waveform {0.000 500.000} -add successfully.
Executing : set_clock_groups -name Inferred_clock_group_1 -asynchronous -group PLL|PLLinst/u_gpll/CLKOUT0
Executing : set_clock_groups -name Inferred_clock_group_1 -asynchronous -group PLL|PLLinst/u_gpll/CLKOUT0 successfully.
C: SDC-2025: Clock source 'n:led_display_driver_inst/u_led_display_selector/N105' need a clock constraint, please use 'create_clock' or 'create_generate_clock' to generate.
C: SDC-2025: Clock source 'n:generate_module[7].bcd2ascii_inst/N47' need a clock constraint, please use 'create_clock' or 'create_generate_clock' to generate.
C: SDC-2025: Clock source 'n:generate_module[6].bcd2ascii_inst/N47' need a clock constraint, please use 'create_clock' or 'create_generate_clock' to generate.
C: SDC-2025: Clock source 'n:generate_module[5].bcd2ascii_inst/N47' need a clock constraint, please use 'create_clock' or 'create_generate_clock' to generate.
C: SDC-2025: Clock source 'n:generate_module[4].bcd2ascii_inst/N47' need a clock constraint, please use 'create_clock' or 'create_generate_clock' to generate.
C: SDC-2025: Clock source 'n:generate_module[3].bcd2ascii_inst/N47' need a clock constraint, please use 'create_clock' or 'create_generate_clock' to generate.
C: SDC-2025: Clock source 'n:generate_module[2].bcd2ascii_inst/N47' need a clock constraint, please use 'create_clock' or 'create_generate_clock' to generate.
C: SDC-2025: Clock source 'n:generate_module[1].bcd2ascii_inst/N47' need a clock constraint, please use 'create_clock' or 'create_generate_clock' to generate.
C: SDC-2025: Clock source 'n:generate_module[0].bcd2ascii_inst/N47' need a clock constraint, please use 'create_clock' or 'create_generate_clock' to generate.
C: SDC-2025: Clock source 'n:pulse_gen_inst/ad_pulse' need a clock constraint, please use 'create_clock' or 'create_generate_clock' to generate.
Start pre-mapping.
W: Removed bmsWIDEDFFCPE inst data_fx_t[58:0] at 0 that is stuck at constant 0.
I: Constant propagation done on cymometer_inst/data_fx_t[58:0] (bmsWIDEDFFCPE).
Executing : pre-mapping successfully. Time elapsed: 0.200s wall, 0.078s user + 0.000s system = 0.078s CPU (39.1%)

Start mod-gen.
I: Constant propagation done on generate_module[6].bcd2ascii_inst/N35 (bmsWIDEINV).
I: Constant propagation done on generate_module[6].bcd2ascii_inst/N36 (bmsWIDEINV).
I: Constant propagation done on generate_module[6].bcd2ascii_inst/N37 (bmsREDAND).
I: Constant propagation done on generate_module[6].bcd2ascii_inst/N38 (bmsREDAND).
I: Constant propagation done on generate_module[6].bcd2ascii_inst/N39 (bmsREDAND).
I: Constant propagation done on generate_module[6].bcd2ascii_inst/N40 (bmsREDAND).
I: Constant propagation done on generate_module[6].bcd2ascii_inst/N41 (bmsREDAND).
I: Constant propagation done on generate_module[6].bcd2ascii_inst/N42 (bmsREDAND).
I: Constant propagation done on generate_module[6].bcd2ascii_inst/N43 (bmsREDAND).
W: Removed bmsWIDEDFFCPE inst cymometer_inst/gate_cnt[15:0] at 11 that is stuck at constant 0.
W: Removed bmsWIDEDFFCPE inst led_display_driver_inst/u_led_display_selector/clk_cnt[31:0] at 13 that is stuck at constant 0.
W: Public-4008: Instance 'generate_module[0].bcd2ascii_inst/asciidata[6]' of 'GTP_DLATCH' unit is dangling and will be cleaned.
W: Public-4008: Instance 'generate_module[0].bcd2ascii_inst/asciidata[7]' of 'GTP_DLATCH' unit is dangling and will be cleaned.
W: Public-4008: Instance 'generate_module[1].bcd2ascii_inst/asciidata[6]' of 'GTP_DLATCH' unit is dangling and will be cleaned.
W: Public-4008: Instance 'generate_module[1].bcd2ascii_inst/asciidata[7]' of 'GTP_DLATCH' unit is dangling and will be cleaned.
W: Public-4008: Instance 'generate_module[2].bcd2ascii_inst/asciidata[6]' of 'GTP_DLATCH' unit is dangling and will be cleaned.
W: Public-4008: Instance 'generate_module[2].bcd2ascii_inst/asciidata[7]' of 'GTP_DLATCH' unit is dangling and will be cleaned.
W: Public-4008: Instance 'generate_module[3].bcd2ascii_inst/asciidata[6]' of 'GTP_DLATCH' unit is dangling and will be cleaned.
W: Public-4008: Instance 'generate_module[3].bcd2ascii_inst/asciidata[7]' of 'GTP_DLATCH' unit is dangling and will be cleaned.
W: Public-4008: Instance 'generate_module[4].bcd2ascii_inst/asciidata[6]' of 'GTP_DLATCH' unit is dangling and will be cleaned.
W: Public-4008: Instance 'generate_module[4].bcd2ascii_inst/asciidata[7]' of 'GTP_DLATCH' unit is dangling and will be cleaned.
W: Public-4008: Instance 'generate_module[5].bcd2ascii_inst/asciidata[6]' of 'GTP_DLATCH' unit is dangling and will be cleaned.
W: Public-4008: Instance 'generate_module[5].bcd2ascii_inst/asciidata[7]' of 'GTP_DLATCH' unit is dangling and will be cleaned.
W: Public-4008: Instance 'generate_module[6].bcd2ascii_inst/asciidata[3]' of 'GTP_DLATCH' unit is dangling and will be cleaned.
W: Public-4008: Instance 'generate_module[6].bcd2ascii_inst/asciidata[5]' of 'GTP_DLATCH' unit is dangling and will be cleaned.
W: Public-4008: Instance 'generate_module[6].bcd2ascii_inst/asciidata[6]' of 'GTP_DLATCH' unit is dangling and will be cleaned.
W: Public-4008: Instance 'generate_module[6].bcd2ascii_inst/asciidata[7]' of 'GTP_DLATCH' unit is dangling and will be cleaned.
W: Public-4008: Instance 'generate_module[7].bcd2ascii_inst/asciidata[1]' of 'GTP_DLATCH' unit is dangling and will be cleaned.
W: Public-4008: Instance 'generate_module[7].bcd2ascii_inst/asciidata[2]' of 'GTP_DLATCH' unit is dangling and will be cleaned.
W: Public-4008: Instance 'generate_module[7].bcd2ascii_inst/asciidata[3]' of 'GTP_DLATCH' unit is dangling and will be cleaned.
W: Public-4008: Instance 'generate_module[7].bcd2ascii_inst/asciidata[5]' of 'GTP_DLATCH' unit is dangling and will be cleaned.
W: Public-4008: Instance 'generate_module[7].bcd2ascii_inst/asciidata[6]' of 'GTP_DLATCH' unit is dangling and will be cleaned.
W: Public-4008: Instance 'generate_module[7].bcd2ascii_inst/asciidata[7]' of 'GTP_DLATCH' unit is dangling and will be cleaned.
W: Removed GTP_DLATCH inst generate_module[0].bcd2ascii_inst/asciidata[4] that is stuck at constant 1.
W: Removed GTP_DLATCH inst generate_module[0].bcd2ascii_inst/asciidata[5] that is stuck at constant 0.
W: Removed GTP_DLATCH inst generate_module[1].bcd2ascii_inst/asciidata[4] that is stuck at constant 1.
W: Removed GTP_DLATCH inst generate_module[1].bcd2ascii_inst/asciidata[5] that is stuck at constant 0.
W: Removed GTP_DLATCH inst led_display_driver_inst/u_led_display_selector/led_display_seg[7] that is stuck at constant 1.
W: Removed GTP_DLATCH inst generate_module[2].bcd2ascii_inst/asciidata[4] that is stuck at constant 1.
W: Removed GTP_DLATCH inst generate_module[2].bcd2ascii_inst/asciidata[5] that is stuck at constant 0.
W: Removed GTP_DLATCH inst generate_module[3].bcd2ascii_inst/asciidata[4] that is stuck at constant 1.
W: Removed GTP_DLATCH inst generate_module[3].bcd2ascii_inst/asciidata[5] that is stuck at constant 0.
W: Removed GTP_DLATCH inst generate_module[4].bcd2ascii_inst/asciidata[4] that is stuck at constant 1.
W: Removed GTP_DLATCH inst generate_module[4].bcd2ascii_inst/asciidata[5] that is stuck at constant 0.
W: Removed GTP_DLATCH inst generate_module[5].bcd2ascii_inst/asciidata[4] that is stuck at constant 1.
W: Removed GTP_DLATCH inst generate_module[5].bcd2ascii_inst/asciidata[5] that is stuck at constant 0.
W: Removed GTP_DLATCH inst generate_module[6].bcd2ascii_inst/asciidata[2] that is stuck at constant 0.
W: Removed GTP_DLATCH inst generate_module[6].bcd2ascii_inst/asciidata[4] that is stuck at constant 1.
W: Removed GTP_DLATCH inst generate_module[7].bcd2ascii_inst/asciidata[0] that is stuck at constant 0.
W: Removed GTP_DLATCH inst generate_module[7].bcd2ascii_inst/asciidata[4] that is stuck at constant 1.
Executing : mod-gen successfully. Time elapsed: 1.248s wall, 0.500s user + 0.016s system = 0.516s CPU (41.3%)

Start logic-optimization.
W: Removed GTP_DLATCH inst generate_module[6].bcd2ascii_inst/asciidata[1] that is stuck at constant 0.
Executing : logic-optimization successfully. Time elapsed: 1.607s wall, 0.938s user + 0.109s system = 1.047s CPU (65.1%)

Start tech-mapping phase 1.
W: Public-4008: Instance 'led_display_driver_inst/u_led_display_selector/clk_cnt[31]' of 'bmsWIDEDFFCPE' unit is dangling and will be cleaned.
W: Public-4008: Instance 'cymometer_inst/data_fx_t[0]' of 'bmsWIDEDFFCPE' unit is dangling and will be cleaned.
W: Public-4008: Instance 'cymometer_inst/data_fx_t[1]' of 'bmsWIDEDFFCPE' unit is dangling and will be cleaned.
W: Public-4008: Instance 'cymometer_inst/data_fx_t[2]' of 'bmsWIDEDFFCPE' unit is dangling and will be cleaned.
W: Public-4008: Instance 'cymometer_inst/data_fx_t[3]' of 'bmsWIDEDFFCPE' unit is dangling and will be cleaned.
W: Public-4008: Instance 'cymometer_inst/data_fx_t[4]' of 'bmsWIDEDFFCPE' unit is dangling and will be cleaned.
W: Public-4008: Instance 'cymometer_inst/data_fx_t[5]' of 'bmsWIDEDFFCPE' unit is dangling and will be cleaned.
W: Public-4008: Instance 'cymometer_inst/data_fx_t[23]' of 'bmsWIDEDFFCPE' unit is dangling and will be cleaned.
W: Public-4008: Instance 'cymometer_inst/data_fx_t[24]' of 'bmsWIDEDFFCPE' unit is dangling and will be cleaned.
W: Public-4008: Instance 'cymometer_inst/data_fx_t[25]' of 'bmsWIDEDFFCPE' unit is dangling and will be cleaned.
W: Public-4008: Instance 'cymometer_inst/data_fx_t[26]' of 'bmsWIDEDFFCPE' unit is dangling and will be cleaned.
W: Public-4008: Instance 'cymometer_inst/data_fx_t[27]' of 'bmsWIDEDFFCPE' unit is dangling and will be cleaned.
W: Public-4008: Instance 'cymometer_inst/data_fx_t[28]' of 'bmsWIDEDFFCPE' unit is dangling and will be cleaned.
W: Public-4008: Instance 'cymometer_inst/data_fx_t[29]' of 'bmsWIDEDFFCPE' unit is dangling and will be cleaned.
W: Public-4008: Instance 'cymometer_inst/data_fx_t[30]' of 'bmsWIDEDFFCPE' unit is dangling and will be cleaned.
W: Public-4008: Instance 'cymometer_inst/data_fx_t[31]' of 'bmsWIDEDFFCPE' unit is dangling and will be cleaned.
W: Public-4008: Instance 'cymometer_inst/data_fx_t[32]' of 'bmsWIDEDFFCPE' unit is dangling and will be cleaned.
W: Public-4008: Instance 'cymometer_inst/data_fx_t[33]' of 'bmsWIDEDFFCPE' unit is dangling and will be cleaned.
W: Public-4008: Instance 'cymometer_inst/data_fx_t[34]' of 'bmsWIDEDFFCPE' unit is dangling and will be cleaned.
W: Public-4008: Instance 'cymometer_inst/data_fx_t[35]' of 'bmsWIDEDFFCPE' unit is dangling and will be cleaned.
W: Public-4008: Instance 'cymometer_inst/data_fx_t[36]' of 'bmsWIDEDFFCPE' unit is dangling and will be cleaned.
W: Public-4008: Instance 'cymometer_inst/data_fx_t[37]' of 'bmsWIDEDFFCPE' unit is dangling and will be cleaned.
W: Public-4008: Instance 'cymometer_inst/data_fx_t[38]' of 'bmsWIDEDFFCPE' unit is dangling and will be cleaned.
W: Public-4008: Instance 'cymometer_inst/data_fx_t[39]' of 'bmsWIDEDFFCPE' unit is dangling and will be cleaned.
W: Public-4008: Instance 'cymometer_inst/data_fx_t[40]' of 'bmsWIDEDFFCPE' unit is dangling and will be cleaned.
W: Public-4008: Instance 'cymometer_inst/data_fx_t[41]' of 'bmsWIDEDFFCPE' unit is dangling and will be cleaned.
W: Public-4008: Instance 'cymometer_inst/data_fx_t[42]' of 'bmsWIDEDFFCPE' unit is dangling and will be cleaned.
W: Public-4008: Instance 'cymometer_inst/data_fx_t[43]' of 'bmsWIDEDFFCPE' unit is dangling and will be cleaned.
W: Public-4008: Instance 'cymometer_inst/data_fx_t[44]' of 'bmsWIDEDFFCPE' unit is dangling and will be cleaned.
W: Public-4008: Instance 'cymometer_inst/data_fx_t[45]' of 'bmsWIDEDFFCPE' unit is dangling and will be cleaned.
W: Public-4008: Instance 'cymometer_inst/data_fx_t[46]' of 'bmsWIDEDFFCPE' unit is dangling and will be cleaned.
W: Public-4008: Instance 'cymometer_inst/data_fx_t[47]' of 'bmsWIDEDFFCPE' unit is dangling and will be cleaned.
W: Public-4008: Instance 'cymometer_inst/data_fx_t[48]' of 'bmsWIDEDFFCPE' unit is dangling and will be cleaned.
W: Public-4008: Instance 'cymometer_inst/data_fx_t[49]' of 'bmsWIDEDFFCPE' unit is dangling and will be cleaned.
W: Public-4008: Instance 'cymometer_inst/data_fx_t[50]' of 'bmsWIDEDFFCPE' unit is dangling and will be cleaned.
W: Public-4008: Instance 'cymometer_inst/data_fx_t[51]' of 'bmsWIDEDFFCPE' unit is dangling and will be cleaned.
W: Public-4008: Instance 'cymometer_inst/data_fx_t[52]' of 'bmsWIDEDFFCPE' unit is dangling and will be cleaned.
W: Public-4008: Instance 'cymometer_inst/data_fx_t[53]' of 'bmsWIDEDFFCPE' unit is dangling and will be cleaned.
W: Public-4008: Instance 'cymometer_inst/data_fx_t[54]' of 'bmsWIDEDFFCPE' unit is dangling and will be cleaned.
W: Public-4008: Instance 'cymometer_inst/data_fx_t[55]' of 'bmsWIDEDFFCPE' unit is dangling and will be cleaned.
W: Public-4008: Instance 'cymometer_inst/data_fx_t[56]' of 'bmsWIDEDFFCPE' unit is dangling and will be cleaned.
W: Public-4008: Instance 'cymometer_inst/data_fx_t[57]' of 'bmsWIDEDFFCPE' unit is dangling and will be cleaned.
W: Public-4008: Instance 'cymometer_inst/data_fx_t[58]' of 'bmsWIDEDFFCPE' unit is dangling and will be cleaned.
W: Public-4008: Instance 'cymometer_inst/fx_cnt[0]' of 'bmsWIDEDFFCPE' unit is dangling and will be cleaned.
W: Public-4008: Instance 'cymometer_inst/fx_cnt[1]' of 'bmsWIDEDFFCPE' unit is dangling and will be cleaned.
W: Public-4008: Instance 'cymometer_inst/fx_cnt[2]' of 'bmsWIDEDFFCPE' unit is dangling and will be cleaned.
W: Public-4008: Instance 'cymometer_inst/fx_cnt[3]' of 'bmsWIDEDFFCPE' unit is dangling and will be cleaned.
W: Public-4008: Instance 'cymometer_inst/fx_cnt[4]' of 'bmsWIDEDFFCPE' unit is dangling and will be cleaned.
W: Public-4008: Instance 'cymometer_inst/fx_cnt[5]' of 'bmsWIDEDFFCPE' unit is dangling and will be cleaned.
W: Public-4008: Instance 'cymometer_inst/fx_cnt[6]' of 'bmsWIDEDFFCPE' unit is dangling and will be cleaned.
W: Public-4008: Instance 'cymometer_inst/fx_cnt[7]' of 'bmsWIDEDFFCPE' unit is dangling and will be cleaned.
W: Public-4008: Instance 'cymometer_inst/fx_cnt[8]' of 'bmsWIDEDFFCPE' unit is dangling and will be cleaned.
W: Public-4008: Instance 'cymometer_inst/fx_cnt[9]' of 'bmsWIDEDFFCPE' unit is dangling and will be cleaned.
W: Public-4008: Instance 'cymometer_inst/fx_cnt[10]' of 'bmsWIDEDFFCPE' unit is dangling and will be cleaned.
W: Public-4008: Instance 'cymometer_inst/fx_cnt[11]' of 'bmsWIDEDFFCPE' unit is dangling and will be cleaned.
W: Public-4008: Instance 'cymometer_inst/fx_cnt[12]' of 'bmsWIDEDFFCPE' unit is dangling and will be cleaned.
W: Public-4008: Instance 'cymometer_inst/fx_cnt[13]' of 'bmsWIDEDFFCPE' unit is dangling and will be cleaned.
W: Public-4008: Instance 'cymometer_inst/fx_cnt[14]' of 'bmsWIDEDFFCPE' unit is dangling and will be cleaned.
W: Public-4008: Instance 'cymometer_inst/fx_cnt[15]' of 'bmsWIDEDFFCPE' unit is dangling and will be cleaned.
W: Public-4008: Instance 'cymometer_inst/fx_cnt[16]' of 'bmsWIDEDFFCPE' unit is dangling and will be cleaned.
W: Public-4008: Instance 'cymometer_inst/gate_cnt[11]' of 'bmsWIDEDFFCPE' unit is dangling and will be cleaned.
W: Public-4008: Instance 'cymometer_inst/gate_cnt[12]' of 'bmsWIDEDFFCPE' unit is dangling and will be cleaned.
W: Public-4008: Instance 'cymometer_inst/gate_cnt[13]' of 'bmsWIDEDFFCPE' unit is dangling and will be cleaned.
W: Public-4008: Instance 'cymometer_inst/gate_cnt[14]' of 'bmsWIDEDFFCPE' unit is dangling and will be cleaned.
W: Public-4008: Instance 'cymometer_inst/gate_cnt[15]' of 'bmsWIDEDFFCPE' unit is dangling and will be cleaned.
W: Public-4008: Instance 'led_display_driver_inst/u_led_display_selector/clk_cnt[13]' of 'bmsWIDEDFFCPE' unit is dangling and will be cleaned.
W: Public-4008: Instance 'led_display_driver_inst/u_led_display_selector/clk_cnt[14]' of 'bmsWIDEDFFCPE' unit is dangling and will be cleaned.
W: Public-4008: Instance 'led_display_driver_inst/u_led_display_selector/clk_cnt[15]' of 'bmsWIDEDFFCPE' unit is dangling and will be cleaned.
W: Public-4008: Instance 'led_display_driver_inst/u_led_display_selector/clk_cnt[16]' of 'bmsWIDEDFFCPE' unit is dangling and will be cleaned.
W: Public-4008: Instance 'led_display_driver_inst/u_led_display_selector/clk_cnt[17]' of 'bmsWIDEDFFCPE' unit is dangling and will be cleaned.
W: Public-4008: Instance 'led_display_driver_inst/u_led_display_selector/clk_cnt[18]' of 'bmsWIDEDFFCPE' unit is dangling and will be cleaned.
W: Public-4008: Instance 'led_display_driver_inst/u_led_display_selector/clk_cnt[19]' of 'bmsWIDEDFFCPE' unit is dangling and will be cleaned.
W: Public-4008: Instance 'led_display_driver_inst/u_led_display_selector/clk_cnt[20]' of 'bmsWIDEDFFCPE' unit is dangling and will be cleaned.
W: Public-4008: Instance 'led_display_driver_inst/u_led_display_selector/clk_cnt[21]' of 'bmsWIDEDFFCPE' unit is dangling and will be cleaned.
W: Public-4008: Instance 'led_display_driver_inst/u_led_display_selector/clk_cnt[22]' of 'bmsWIDEDFFCPE' unit is dangling and will be cleaned.
W: Public-4008: Instance 'led_display_driver_inst/u_led_display_selector/clk_cnt[23]' of 'bmsWIDEDFFCPE' unit is dangling and will be cleaned.
W: Public-4008: Instance 'led_display_driver_inst/u_led_display_selector/clk_cnt[24]' of 'bmsWIDEDFFCPE' unit is dangling and will be cleaned.
W: Public-4008: Instance 'led_display_driver_inst/u_led_display_selector/clk_cnt[25]' of 'bmsWIDEDFFCPE' unit is dangling and will be cleaned.
W: Public-4008: Instance 'led_display_driver_inst/u_led_display_selector/clk_cnt[26]' of 'bmsWIDEDFFCPE' unit is dangling and will be cleaned.
W: Public-4008: Instance 'led_display_driver_inst/u_led_display_selector/clk_cnt[27]' of 'bmsWIDEDFFCPE' unit is dangling and will be cleaned.
W: Public-4008: Instance 'led_display_driver_inst/u_led_display_selector/clk_cnt[28]' of 'bmsWIDEDFFCPE' unit is dangling and will be cleaned.
W: Public-4008: Instance 'led_display_driver_inst/u_led_display_selector/clk_cnt[29]' of 'bmsWIDEDFFCPE' unit is dangling and will be cleaned.
W: Public-4008: Instance 'led_display_driver_inst/u_led_display_selector/clk_cnt[30]' of 'bmsWIDEDFFCPE' unit is dangling and will be cleaned.
Executing : tech-mapping phase 1 successfully. Time elapsed: 0.111s wall, 0.062s user + 0.000s system = 0.062s CPU (56.4%)

Start tech-mapping phase 2.
Executing : tech-mapping phase 2 successfully. Time elapsed: 4.531s wall, 2.750s user + 0.016s system = 2.766s CPU (61.0%)

Start tech-optimization.
Executing : tech-optimization successfully. Time elapsed: 0.960s wall, 0.359s user + 0.016s system = 0.375s CPU (39.0%)

Start phys-optimization.
Executing : phys-optimization successfully. Time elapsed: 0.000s wall, 0.000s user + 0.000s system = 0.000s CPU (n/a%)

Start restore-hierarchy.
Executing : restore-hierarchy successfully. Time elapsed: 0.134s wall, 0.125s user + 0.000s system = 0.125s CPU (93.0%)


Cell Usage:
GTP_APM_E2                    2 uses
GTP_DFF_C                    32 uses
GTP_DFF_CE                  142 uses
GTP_DFF_PE                    7 uses
GTP_DLATCH                    7 uses
GTP_GPLL                      1 use
GTP_GRS                       1 use
GTP_INV                       2 uses
GTP_LUT1                     20 uses
GTP_LUT2                      4 uses
GTP_LUT4                      8 uses
GTP_LUT5                     21 uses
GTP_LUT6                    111 uses
GTP_LUT6CARRY              1908 uses
GTP_LUT6D                    32 uses

I/O ports: 27
GTP_INBUF                  10 uses
GTP_OUTBUF                 17 uses

Mapping Summary:
Total LUTs: 2104 of 66600 (3.16%)
	LUTs as dram: 0 of 19900 (0.00%)
	LUTs as logic: 2104
Total Registers: 181 of 133200 (0.14%)
Total Latches: 7

DRM36K/FIFO:
Total DRM = 0.0 of 155 (0.00%)

APMs:
Total APMs = 2.00 of 240 (0.83%)

Total I/O ports = 27 of 300 (9.00%)


Overview of Control Sets:

Number of unique control sets : 11

Histogram:
**************************************************************
  Fanout      | Count    | Sync Set/Reset    Async Set/Reset
--------------------------------------------------------------
  [0, 2)      | 2        | 0                 2
  [2, 4)      | 0        | 0                 0
  [4, 6)      | 0        | 0                 0
  [6, 8)      | 1        | 0                 1
  [8, 10)     | 1        | 0                 1
  [10, 12)    | 0        | 0                 0
  [12, 14)    | 1        | 0                 1
  [14, 16)    | 1        | 0                 1
  [16, Inf)   | 5        | 0                 5
--------------------------------------------------------------
  The maximum fanout: 37
==============================================================

Flip-Flop Distribution:
************************************************************************
  Clock Enable    Sync Set/Reset    Async Set/Reset    Total Registers
------------------------------------------------------------------------
  NO              NO                NO                 0
  NO              NO                YES                32
  NO              YES               NO                 0
  YES             NO                NO                 0
  YES             NO                YES                149
  YES             YES               NO                 0
========================================================================

Latch Distribution:
************************************************
  Gate Enable    Preset/Clear    Total Latches
************************************************
  NO             NO              7
  NO             YES             0
  YES            NO              0
  YES            YES             0
************************************************

Design 'frequency_meter' has been successfully synthesized to architecture-specific objects.
Saving design to DB.
Saving design to frequency_meter_syn.vm
Constructing timing graph ...
Timing graph has been constructed successfully
W: STA-3011: Clock pin 'cymometer_inst/N57_m1/CLK' (GTP_APM_E2.CLK) has no clock, timing propagation is disabled at the pin.
W: STA-3011: Clock pin 'cymometer_inst/fx_cnt[17]/CLK' (GTP_DFF_CE.CLK) has no clock, timing propagation is disabled at the pin.
W: STA-3011: Clock pin 'cymometer_inst/fx_cnt[18]/CLK' (GTP_DFF_CE.CLK) has no clock, timing propagation is disabled at the pin.
W: STA-3011: Clock pin 'cymometer_inst/fx_cnt[19]/CLK' (GTP_DFF_CE.CLK) has no clock, timing propagation is disabled at the pin.
W: STA-3011: Clock pin 'cymometer_inst/fx_cnt[20]/CLK' (GTP_DFF_CE.CLK) has no clock, timing propagation is disabled at the pin.
W: STA-3011: Clock pin 'cymometer_inst/fx_cnt[21]/CLK' (GTP_DFF_CE.CLK) has no clock, timing propagation is disabled at the pin.
W: STA-3011: Clock pin 'cymometer_inst/fx_cnt[22]/CLK' (GTP_DFF_CE.CLK) has no clock, timing propagation is disabled at the pin.
W: STA-3011: Clock pin 'cymometer_inst/fx_cnt[23]/CLK' (GTP_DFF_CE.CLK) has no clock, timing propagation is disabled at the pin.
W: STA-3011: Clock pin 'cymometer_inst/fx_cnt[24]/CLK' (GTP_DFF_CE.CLK) has no clock, timing propagation is disabled at the pin.
W: STA-3011: Clock pin 'cymometer_inst/fx_cnt[25]/CLK' (GTP_DFF_CE.CLK) has no clock, timing propagation is disabled at the pin.
W: STA-3011: Clock pin 'cymometer_inst/fx_cnt[26]/CLK' (GTP_DFF_CE.CLK) has no clock, timing propagation is disabled at the pin.
W: STA-3011: Clock pin 'cymometer_inst/fx_cnt[27]/CLK' (GTP_DFF_CE.CLK) has no clock, timing propagation is disabled at the pin.
W: STA-3011: Clock pin 'cymometer_inst/fx_cnt[28]/CLK' (GTP_DFF_CE.CLK) has no clock, timing propagation is disabled at the pin.
W: STA-3011: Clock pin 'cymometer_inst/fx_cnt[29]/CLK' (GTP_DFF_CE.CLK) has no clock, timing propagation is disabled at the pin.
W: STA-3011: Clock pin 'cymometer_inst/fx_cnt_temp[0]/CLK' (GTP_DFF_CE.CLK) has no clock, timing propagation is disabled at the pin.
W: STA-3011: Clock pin 'cymometer_inst/fx_cnt_temp[1]/CLK' (GTP_DFF_CE.CLK) has no clock, timing propagation is disabled at the pin.
W: STA-3011: Clock pin 'cymometer_inst/fx_cnt_temp[2]/CLK' (GTP_DFF_CE.CLK) has no clock, timing propagation is disabled at the pin.
W: STA-3011: Clock pin 'cymometer_inst/fx_cnt_temp[3]/CLK' (GTP_DFF_CE.CLK) has no clock, timing propagation is disabled at the pin.
W: STA-3011: Clock pin 'cymometer_inst/fx_cnt_temp[4]/CLK' (GTP_DFF_CE.CLK) has no clock, timing propagation is disabled at the pin.
W: STA-3011: Clock pin 'cymometer_inst/fx_cnt_temp[5]/CLK' (GTP_DFF_CE.CLK) has no clock, timing propagation is disabled at the pin.
W: STA-3011: Clock pin 'cymometer_inst/fx_cnt_temp[6]/CLK' (GTP_DFF_CE.CLK) has no clock, timing propagation is disabled at the pin.
W: STA-3011: Clock pin 'cymometer_inst/fx_cnt_temp[7]/CLK' (GTP_DFF_CE.CLK) has no clock, timing propagation is disabled at the pin.
W: STA-3011: Clock pin 'cymometer_inst/fx_cnt_temp[8]/CLK' (GTP_DFF_CE.CLK) has no clock, timing propagation is disabled at the pin.
W: STA-3011: Clock pin 'cymometer_inst/fx_cnt_temp[9]/CLK' (GTP_DFF_CE.CLK) has no clock, timing propagation is disabled at the pin.
W: STA-3011: Clock pin 'cymometer_inst/fx_cnt_temp[10]/CLK' (GTP_DFF_CE.CLK) has no clock, timing propagation is disabled at the pin.
W: STA-3011: Clock pin 'cymometer_inst/fx_cnt_temp[11]/CLK' (GTP_DFF_CE.CLK) has no clock, timing propagation is disabled at the pin.
W: STA-3011: Clock pin 'cymometer_inst/fx_cnt_temp[12]/CLK' (GTP_DFF_CE.CLK) has no clock, timing propagation is disabled at the pin.
W: STA-3011: Clock pin 'cymometer_inst/fx_cnt_temp[13]/CLK' (GTP_DFF_CE.CLK) has no clock, timing propagation is disabled at the pin.
W: STA-3011: Clock pin 'cymometer_inst/fx_cnt_temp[14]/CLK' (GTP_DFF_CE.CLK) has no clock, timing propagation is disabled at the pin.
W: STA-3011: Clock pin 'cymometer_inst/fx_cnt_temp[15]/CLK' (GTP_DFF_CE.CLK) has no clock, timing propagation is disabled at the pin.
W: STA-3011: Clock pin 'cymometer_inst/fx_cnt_temp[16]/CLK' (GTP_DFF_CE.CLK) has no clock, timing propagation is disabled at the pin.
W: STA-3011: Clock pin 'cymometer_inst/fx_cnt_temp[17]/CLK' (GTP_DFF_CE.CLK) has no clock, timing propagation is disabled at the pin.
W: STA-3011: Clock pin 'cymometer_inst/fx_cnt_temp[18]/CLK' (GTP_DFF_CE.CLK) has no clock, timing propagation is disabled at the pin.
W: STA-3011: Clock pin 'cymometer_inst/fx_cnt_temp[19]/CLK' (GTP_DFF_CE.CLK) has no clock, timing propagation is disabled at the pin.
W: STA-3011: Clock pin 'cymometer_inst/fx_cnt_temp[20]/CLK' (GTP_DFF_CE.CLK) has no clock, timing propagation is disabled at the pin.
W: STA-3011: Clock pin 'cymometer_inst/fx_cnt_temp[21]/CLK' (GTP_DFF_CE.CLK) has no clock, timing propagation is disabled at the pin.
W: STA-3011: Clock pin 'cymometer_inst/fx_cnt_temp[22]/CLK' (GTP_DFF_CE.CLK) has no clock, timing propagation is disabled at the pin.
W: STA-3011: Clock pin 'cymometer_inst/fx_cnt_temp[23]/CLK' (GTP_DFF_CE.CLK) has no clock, timing propagation is disabled at the pin.
W: STA-3011: Clock pin 'cymometer_inst/fx_cnt_temp[24]/CLK' (GTP_DFF_CE.CLK) has no clock, timing propagation is disabled at the pin.
W: STA-3011: Clock pin 'cymometer_inst/fx_cnt_temp[25]/CLK' (GTP_DFF_CE.CLK) has no clock, timing propagation is disabled at the pin.
W: STA-3011: Clock pin 'cymometer_inst/fx_cnt_temp[26]/CLK' (GTP_DFF_CE.CLK) has no clock, timing propagation is disabled at the pin.
W: STA-3011: Clock pin 'cymometer_inst/fx_cnt_temp[27]/CLK' (GTP_DFF_CE.CLK) has no clock, timing propagation is disabled at the pin.
W: STA-3011: Clock pin 'cymometer_inst/fx_cnt_temp[28]/CLK' (GTP_DFF_CE.CLK) has no clock, timing propagation is disabled at the pin.
W: STA-3011: Clock pin 'cymometer_inst/fx_cnt_temp[29]/CLK' (GTP_DFF_CE.CLK) has no clock, timing propagation is disabled at the pin.
W: STA-3011: Clock pin 'cymometer_inst/gate/CLK' (GTP_DFF_C.CLK) has no clock, timing propagation is disabled at the pin.
W: STA-3011: Clock pin 'cymometer_inst/gate_cnt[0]/CLK' (GTP_DFF_C.CLK) has no clock, timing propagation is disabled at the pin.
W: STA-3011: Clock pin 'cymometer_inst/gate_cnt[1]/CLK' (GTP_DFF_C.CLK) has no clock, timing propagation is disabled at the pin.
W: STA-3011: Clock pin 'cymometer_inst/gate_cnt[2]/CLK' (GTP_DFF_C.CLK) has no clock, timing propagation is disabled at the pin.
W: STA-3011: Clock pin 'cymometer_inst/gate_cnt[3]/CLK' (GTP_DFF_C.CLK) has no clock, timing propagation is disabled at the pin.
W: STA-3011: Clock pin 'cymometer_inst/gate_cnt[4]/CLK' (GTP_DFF_C.CLK) has no clock, timing propagation is disabled at the pin.
W: STA-3011: Clock pin 'cymometer_inst/gate_cnt[5]/CLK' (GTP_DFF_C.CLK) has no clock, timing propagation is disabled at the pin.
W: STA-3011: Clock pin 'cymometer_inst/gate_cnt[6]/CLK' (GTP_DFF_C.CLK) has no clock, timing propagation is disabled at the pin.
W: STA-3011: Clock pin 'cymometer_inst/gate_cnt[7]/CLK' (GTP_DFF_C.CLK) has no clock, timing propagation is disabled at the pin.
W: STA-3011: Clock pin 'cymometer_inst/gate_cnt[8]/CLK' (GTP_DFF_C.CLK) has no clock, timing propagation is disabled at the pin.
W: STA-3011: Clock pin 'cymometer_inst/gate_cnt[9]/CLK' (GTP_DFF_C.CLK) has no clock, timing propagation is disabled at the pin.
W: STA-3011: Clock pin 'cymometer_inst/gate_cnt[10]/CLK' (GTP_DFF_C.CLK) has no clock, timing propagation is disabled at the pin.
W: STA-3011: Clock pin 'cymometer_inst/gate_fx_d0/CLK' (GTP_DFF_C.CLK) has no clock, timing propagation is disabled at the pin.
W: STA-3011: Clock pin 'cymometer_inst/gate_fx_d1/CLK' (GTP_DFF_C.CLK) has no clock, timing propagation is disabled at the pin.
W: STA-3011: Clock pin 'led_display_driver_inst/u_led_display_selector/led_display_seg[0]/G' (GTP_DLATCH.G) has no clock, timing propagation is disabled at the pin.
W: STA-3011: Clock pin 'led_display_driver_inst/u_led_display_selector/led_display_seg[1]/G' (GTP_DLATCH.G) has no clock, timing propagation is disabled at the pin.
W: STA-3011: Clock pin 'led_display_driver_inst/u_led_display_selector/led_display_seg[2]/G' (GTP_DLATCH.G) has no clock, timing propagation is disabled at the pin.
W: STA-3011: Clock pin 'led_display_driver_inst/u_led_display_selector/led_display_seg[3]/G' (GTP_DLATCH.G) has no clock, timing propagation is disabled at the pin.
W: STA-3011: Clock pin 'led_display_driver_inst/u_led_display_selector/led_display_seg[4]/G' (GTP_DLATCH.G) has no clock, timing propagation is disabled at the pin.
W: STA-3011: Clock pin 'led_display_driver_inst/u_led_display_selector/led_display_seg[5]/G' (GTP_DLATCH.G) has no clock, timing propagation is disabled at the pin.
W: STA-3011: Clock pin 'led_display_driver_inst/u_led_display_selector/led_display_seg[6]/G' (GTP_DLATCH.G) has no clock, timing propagation is disabled at the pin.
W: Timing-4087: Port 'ad_clk' is not constrained, it is treated as combinational output.
W: Timing-4087: Port 'led_display_seg[0]' is not constrained, it is treated as combinational output.
W: Timing-4087: Port 'led_display_seg[1]' is not constrained, it is treated as combinational output.
W: Timing-4087: Port 'led_display_seg[2]' is not constrained, it is treated as combinational output.
W: Timing-4087: Port 'led_display_seg[3]' is not constrained, it is treated as combinational output.
W: Timing-4087: Port 'led_display_seg[4]' is not constrained, it is treated as combinational output.
W: Timing-4087: Port 'led_display_seg[5]' is not constrained, it is treated as combinational output.
W: Timing-4087: Port 'led_display_seg[6]' is not constrained, it is treated as combinational output.
W: Timing-4087: Port 'led_display_seg[7]' is not constrained, it is treated as combinational output.
W: Timing-4087: Port 'led_display_sel[0]' is not constrained, it is treated as combinational output.
W: Timing-4087: Port 'led_display_sel[1]' is not constrained, it is treated as combinational output.
W: Timing-4087: Port 'led_display_sel[2]' is not constrained, it is treated as combinational output.
W: Timing-4087: Port 'led_display_sel[3]' is not constrained, it is treated as combinational output.
W: Timing-4087: Port 'led_display_sel[4]' is not constrained, it is treated as combinational output.
W: Timing-4087: Port 'led_display_sel[5]' is not constrained, it is treated as combinational output.
W: Timing-4087: Port 'led_display_sel[6]' is not constrained, it is treated as combinational output.
W: Timing-4087: Port 'led_display_sel[7]' is not constrained, it is treated as combinational output.
W: Timing-4086: Port 'ad_data[0]' is not constrained, it is treated as combinational input.
W: Timing-4086: Port 'ad_data[1]' is not constrained, it is treated as combinational input.
W: Timing-4086: Port 'ad_data[2]' is not constrained, it is treated as combinational input.
W: Timing-4086: Port 'ad_data[3]' is not constrained, it is treated as combinational input.
W: Timing-4086: Port 'ad_data[4]' is not constrained, it is treated as combinational input.
W: Timing-4086: Port 'ad_data[5]' is not constrained, it is treated as combinational input.
W: Timing-4086: Port 'ad_data[6]' is not constrained, it is treated as combinational input.
W: Timing-4086: Port 'ad_data[7]' is not constrained, it is treated as combinational input.
W: Timing-4086: Port 'rstn' is not constrained, it is treated as combinational input.
Action synthesize: Real time elapsed is 0h:0m:20s
Action synthesize: CPU time elapsed is 0h:0m:11s
Action synthesize: Process CPU time elapsed is 0h:0m:11s
Current time: Mon May 19 14:47:37 2025
Action synthesize: Peak memory pool usage is 377 MB
