----------------------------------------------------------------------------------------------------------------------------------------------------------------
Notes: 
  Total_num: the numbers of add/sub in rtl
  Module Name: the module name of the instantiated module calling directly the add/sub sub module
  Location/Inst Name: if linefile info exists(no optimization), print the codes location of add/sub in rtl, else print the inst name
  Count: the amount of lutcarry for add/sub
  Number: the numbers of add/sub with the same lutcarry counts and linefile

Detailed RTL Component Info :
-----Add :
               Total_Num :2
-----Sub :
               Total_Num :0
-----AddSub :
               Total_Num :0

Add_Sub_AddSub: Initial Mapping Report :
|------------------------------------|---------|---------|---------|--------------------------------------------------------------|
|Module Name                         |Type     |Count    |Number   |Location/Inst Name                                            |
|------------------------------------|---------|---------|---------|--------------------------------------------------------------|
|u_led_display_selector              |Add      |25       |1        |../../../rtl/led_display_selector.v:17                        |
|------------------------------------|---------|---------|---------|--------------------------------------------------------------|
|led_diaplay_top                     |Add      |32       |1        |../../../rtl/led_diaplay_top.v:17                             |
|------------------------------------|---------|---------|---------|--------------------------------------------------------------|

----------------------------------------------------------------------------------------------------------------------------------------------------------------

