#Build: Fabric Compiler 2022.2-SP6.4, Build 146967, Jan 31 01:39 2024
#Install: C:\pango\PDS_2022.2-SP6.4\bin
#Application name: pds_shell.exe
#OS: Windows 10 10.0.22631
#Hostname: DESKTOP-FLDUJ87
Generated by Fabric Compiler (version 2022.2-SP6.4 build 146967) at Wed Aug 20 05:35:54 2025
Compiling verification operator library.
Compiling common defs.
Compiling prim grid devices.
Compiling gate devices.
Compiling gate operators.
Building architecture model.
Loading device packaging model.
Reading design from pnr DB.
Start Report Post-PnR timing.
Constructing timing graph ...
Timing graph has been constructed successfully
W: STA-3011: Clock pin 'hc595_ctrl_inst/data_cp/opit_0/CLK' (gopLATCH.CLK) has no clock, timing propagation is disabled at the pin.
W: STA-3011: Clock pin 'hc595_ctrl_inst/data_cp_1/opit_0/CLK' (gopLATCH.CLK) has no clock, timing propagation is disabled at the pin.
W: STA-3011: Clock pin 'hc595_ctrl_inst/data_cp_2/opit_0/CLK' (gopLATCH.CLK) has no clock, timing propagation is disabled at the pin.
W: STA-3011: Clock pin 'hc595_ctrl_inst/data_cp_3/opit_0/CLK' (gopLATCH.CLK) has no clock, timing propagation is disabled at the pin.
W: STA-3011: Clock pin 'hc595_ctrl_inst/data_cp_4/opit_0/CLK' (gopLATCH.CLK) has no clock, timing propagation is disabled at the pin.
W: STA-3011: Clock pin 'hc595_ctrl_inst/data_cp_5/opit_0/CLK' (gopLATCH.CLK) has no clock, timing propagation is disabled at the pin.
W: STA-3011: Clock pin 'hc595_ctrl_inst/data_cp_6/opit_0/CLK' (gopLATCH.CLK) has no clock, timing propagation is disabled at the pin.
W: STA-3011: Clock pin 'hc595_ctrl_inst/data_cp_7/opit_0/CLK' (gopLATCH.CLK) has no clock, timing propagation is disabled at the pin.
W: STA-3011: Clock pin 'hc595_ctrl_inst/data_cp_8/opit_0/CLK' (gopLATCH.CLK) has no clock, timing propagation is disabled at the pin.
W: STA-3011: Clock pin 'hc595_ctrl_inst/data_cp_9/opit_0/CLK' (gopLATCH.CLK) has no clock, timing propagation is disabled at the pin.
W: STA-3011: Clock pin 'hc595_ctrl_inst/data_cp_10/opit_0/CLK' (gopLATCH.CLK) has no clock, timing propagation is disabled at the pin.
W: STA-3011: Clock pin 'hc595_ctrl_inst/data_cp_11/opit_0/CLK' (gopLATCH.CLK) has no clock, timing propagation is disabled at the pin.
W: STA-3011: Clock pin 'led_display_seg_ctrl_inst/seg_cp/opit_0/CLK' (gopLATCH.CLK) has no clock, timing propagation is disabled at the pin.
W: STA-3011: Clock pin 'led_display_seg_ctrl_inst/seg_cp_1/opit_0/CLK' (gopLATCH.CLK) has no clock, timing propagation is disabled at the pin.
W: STA-3011: Clock pin 'led_display_seg_ctrl_inst/seg_cp_2/opit_0/CLK' (gopLATCH.CLK) has no clock, timing propagation is disabled at the pin.
W: STA-3011: Clock pin 'led_display_seg_ctrl_inst/seg_cp_3/opit_0/CLK' (gopLATCH.CLK) has no clock, timing propagation is disabled at the pin.
W: STA-3011: Clock pin 'led_display_seg_ctrl_inst/seg_cp_4/opit_0/CLK' (gopLATCH.CLK) has no clock, timing propagation is disabled at the pin.
W: STA-3011: Clock pin 'led_display_seg_ctrl_inst/seg_cp_5/opit_0/CLK' (gopLATCH.CLK) has no clock, timing propagation is disabled at the pin.
W: STA-3011: Clock pin 'led_display_seg_ctrl_inst/seg_cp_6/opit_0/CLK' (gopLATCH.CLK) has no clock, timing propagation is disabled at the pin.
W: Timing-4087: Port 'rck' is not constrained, it is treated as combinational output.
W: Timing-4087: Port 'sck' is not constrained, it is treated as combinational output.
W: Timing-4087: Port 'ser' is not constrained, it is treated as combinational output.
W: Timing-4086: Port 'rstn' is not constrained, it is treated as combinational input.
Report timing is finished successfully.
Action report_timing: Real time elapsed is 0h:0m:16s
Action report_timing: CPU time elapsed is 0h:0m:13s
Action report_timing: Process CPU time elapsed is 0h:0m:13s
Current time: Wed Aug 20 05:36:08 2025
Action report_timing: Peak memory pool usage is 1,057 MB
